[0.059s] Invoking command in '/home/kimchaewon/capstone_ws/build/turtlebot3_description': CMAKE_PREFIX_PATH=${CMAKE_PREFIX_PATH}:/home/kimchaewon/capstone_ws/install/turtlebot3_teleop:/home/kimchaewon/capstone_ws/install/turtlebot3_example:/opt/ros/humble /usr/bin/cmake /home/kimchaewon/capstone_ws/src/turtlebot3/turtlebot3_description -DAMENT_CMAKE_SYMLINK_INSTALL=1 -DCMAKE_INSTALL_PREFIX=/home/kimchaewon/capstone_ws/install/turtlebot3_description
[0.211s] -- The C compiler identification is GNU 11.4.0
[0.362s] -- The CXX compiler identification is GNU 11.4.0
[0.384s] -- Detecting C compiler ABI info
[0.606s] -- Detecting C compiler ABI info - done
[0.632s] -- Check for working C compiler: /usr/bin/cc - skipped
[0.633s] -- Detecting C compile features
[0.634s] -- Detecting C compile features - done
[0.643s] -- Detecting CXX compiler ABI info
[0.898s] -- Detecting CXX compiler ABI info - done
[0.920s] -- Check for working CXX compiler: /usr/bin/c++ - skipped
[0.921s] -- Detecting CXX compile features
[0.922s] -- Detecting CXX compile features - done
[0.930s] -- Found ament_cmake: 1.3.12 (/opt/ros/humble/share/ament_cmake/cmake)
[1.449s] -- Found Python3: /usr/bin/python3 (found version "3.10.12") found components: Interpreter 
[1.685s] -- Override CMake install command with custom implementation using symlinks instead of copying resources
[1.769s] -- Found urdf: 2.6.1 (/opt/ros/humble/share/urdf/cmake)
[2.184s] -- Configuring done
[2.195s] -- Generating done
[2.201s] -- Build files have been written to: /home/kimchaewon/capstone_ws/build/turtlebot3_description
[2.223s] Invoked command in '/home/kimchaewon/capstone_ws/build/turtlebot3_description' returned '0': CMAKE_PREFIX_PATH=${CMAKE_PREFIX_PATH}:/home/kimchaewon/capstone_ws/install/turtlebot3_teleop:/home/kimchaewon/capstone_ws/install/turtlebot3_example:/opt/ros/humble /usr/bin/cmake /home/kimchaewon/capstone_ws/src/turtlebot3/turtlebot3_description -DAMENT_CMAKE_SYMLINK_INSTALL=1 -DCMAKE_INSTALL_PREFIX=/home/kimchaewon/capstone_ws/install/turtlebot3_description
[2.229s] Invoking command in '/home/kimchaewon/capstone_ws/build/turtlebot3_description': CMAKE_PREFIX_PATH=${CMAKE_PREFIX_PATH}:/home/kimchaewon/capstone_ws/install/turtlebot3_teleop:/home/kimchaewon/capstone_ws/install/turtlebot3_example:/opt/ros/humble /usr/bin/cmake --build /home/kimchaewon/capstone_ws/build/turtlebot3_description -- -j16 -l16
[2.421s] Invoked command in '/home/kimchaewon/capstone_ws/build/turtlebot3_description' returned '0': CMAKE_PREFIX_PATH=${CMAKE_PREFIX_PATH}:/home/kimchaewon/capstone_ws/install/turtlebot3_teleop:/home/kimchaewon/capstone_ws/install/turtlebot3_example:/opt/ros/humble /usr/bin/cmake --build /home/kimchaewon/capstone_ws/build/turtlebot3_description -- -j16 -l16
[2.422s] Invoking command in '/home/kimchaewon/capstone_ws/build/turtlebot3_description': CMAKE_PREFIX_PATH=${CMAKE_PREFIX_PATH}:/home/kimchaewon/capstone_ws/install/turtlebot3_teleop:/home/kimchaewon/capstone_ws/install/turtlebot3_example:/opt/ros/humble /usr/bin/cmake --install /home/kimchaewon/capstone_ws/build/turtlebot3_description
[2.484s] -- Install configuration: ""
[2.484s] -- Execute custom install script
[2.489s] -- Symlinking: /home/kimchaewon/capstone_ws/install/turtlebot3_description/share/turtlebot3_description/meshes/bases/burger_base.stl
[2.548s] -- Symlinking: /home/kimchaewon/capstone_ws/install/turtlebot3_description/share/turtlebot3_description/meshes/bases/waffle_base.stl
[2.612s] -- Symlinking: /home/kimchaewon/capstone_ws/install/turtlebot3_description/share/turtlebot3_description/meshes/bases/waffle_pi_base.stl
[2.688s] -- Symlinking: /home/kimchaewon/capstone_ws/install/turtlebot3_description/share/turtlebot3_description/meshes/sensors/astra.dae
[2.723s] -- Symlinking: /home/kimchaewon/capstone_ws/install/turtlebot3_description/share/turtlebot3_description/meshes/sensors/astra.jpg
[2.758s] -- Symlinking: /home/kimchaewon/capstone_ws/install/turtlebot3_description/share/turtlebot3_description/meshes/sensors/lds.stl
[2.855s] -- Symlinking: /home/kimchaewon/capstone_ws/install/turtlebot3_description/share/turtlebot3_description/meshes/sensors/r200.dae
[2.893s] -- Symlinking: /home/kimchaewon/capstone_ws/install/turtlebot3_description/share/turtlebot3_description/meshes/sensors/r200.jpg
[2.973s] -- Symlinking: /home/kimchaewon/capstone_ws/install/turtlebot3_description/share/turtlebot3_description/meshes/wheels/left_tire.stl
[3.045s] -- Symlinking: /home/kimchaewon/capstone_ws/install/turtlebot3_description/share/turtlebot3_description/meshes/wheels/right_tire.stl
[3.108s] -- Symlinking: /home/kimchaewon/capstone_ws/install/turtlebot3_description/share/turtlebot3_description/rviz/model.rviz
[3.143s] -- Symlinking: /home/kimchaewon/capstone_ws/install/turtlebot3_description/share/turtlebot3_description/urdf/common_properties.urdf
[3.188s] -- Symlinking: /home/kimchaewon/capstone_ws/install/turtlebot3_description/share/turtlebot3_description/urdf/turtlebot3_burger.urdf
[3.235s] -- Symlinking: /home/kimchaewon/capstone_ws/install/turtlebot3_description/share/turtlebot3_description/urdf/turtlebot3_waffle.urdf
[3.274s] -- Symlinking: /home/kimchaewon/capstone_ws/install/turtlebot3_description/share/turtlebot3_description/urdf/turtlebot3_waffle_pi.urdf
[3.317s] -- Symlinking: /home/kimchaewon/capstone_ws/install/turtlebot3_description/share/ament_index/resource_index/package_run_dependencies/turtlebot3_description
[3.361s] -- Symlinking: /home/kimchaewon/capstone_ws/install/turtlebot3_description/share/ament_index/resource_index/parent_prefix_path/turtlebot3_description
[3.397s] -- Symlinking: /home/kimchaewon/capstone_ws/install/turtlebot3_description/share/turtlebot3_description/environment/ament_prefix_path.sh
[3.430s] -- Symlinking: /home/kimchaewon/capstone_ws/install/turtlebot3_description/share/turtlebot3_description/environment/ament_prefix_path.dsv
[3.462s] -- Symlinking: /home/kimchaewon/capstone_ws/install/turtlebot3_description/share/turtlebot3_description/environment/path.sh
[3.494s] -- Symlinking: /home/kimchaewon/capstone_ws/install/turtlebot3_description/share/turtlebot3_description/environment/path.dsv
[3.525s] -- Symlinking: /home/kimchaewon/capstone_ws/install/turtlebot3_description/share/turtlebot3_description/local_setup.bash
[3.560s] -- Symlinking: /home/kimchaewon/capstone_ws/install/turtlebot3_description/share/turtlebot3_description/local_setup.sh
[3.592s] -- Symlinking: /home/kimchaewon/capstone_ws/install/turtlebot3_description/share/turtlebot3_description/local_setup.zsh
[3.623s] -- Symlinking: /home/kimchaewon/capstone_ws/install/turtlebot3_description/share/turtlebot3_description/local_setup.dsv
[3.658s] -- Symlinking: /home/kimchaewon/capstone_ws/install/turtlebot3_description/share/turtlebot3_description/package.dsv
[3.693s] -- Symlinking: /home/kimchaewon/capstone_ws/install/turtlebot3_description/share/ament_index/resource_index/packages/turtlebot3_description
[3.728s] -- Symlinking: /home/kimchaewon/capstone_ws/install/turtlebot3_description/share/turtlebot3_description/cmake/turtlebot3_descriptionConfig.cmake
[3.757s] -- Symlinking: /home/kimchaewon/capstone_ws/install/turtlebot3_description/share/turtlebot3_description/cmake/turtlebot3_descriptionConfig-version.cmake
[3.792s] -- Symlinking: /home/kimchaewon/capstone_ws/install/turtlebot3_description/share/turtlebot3_description/package.xml
[3.837s] Invoked command in '/home/kimchaewon/capstone_ws/build/turtlebot3_description' returned '0': CMAKE_PREFIX_PATH=${CMAKE_PREFIX_PATH}:/home/kimchaewon/capstone_ws/install/turtlebot3_teleop:/home/kimchaewon/capstone_ws/install/turtlebot3_example:/opt/ros/humble /usr/bin/cmake --install /home/kimchaewon/capstone_ws/build/turtlebot3_description
