[0.022s] Invoking command in '/home/kimchaewon/capstone_ws/build/turtlebot3_bringup': CMAKE_PREFIX_PATH=/home/kimchaewon/capstone_ws/install/turtlebot3_node:/home/kimchaewon/capstone_ws/install/turtlebot3_msgs:/home/kimchaewon/capstone_ws/install/turtlebot3_description:/home/kimchaewon/capstone_ws/install/dynamixel_sdk:/home/kimchaewon/capstone_ws/install/turtlebot3:/home/kimchaewon/capstone_ws/install/turtlebot3_simulations:/home/kimchaewon/capstone_ws/install/turtlebot3_bringup:/home/kimchaewon/capstone_ws/install/turtlebot3_navigation2:/home/kimchaewon/capstone_ws/install/turtlebot3_fake_node:/home/kimchaewon/capstone_ws/install/turtlebot3_manipulation_gazebo:/home/kimchaewon/capstone_ws/install/turtlebot3_gazebo:/home/kimchaewon/capstone_ws/install/turtlebot3_cartographer:/home/kimchaewon/capstone_ws/install/tf2_web_republisher:/home/kimchaewon/capstone_ws/install/tf2_web_republisher_interfaces:/home/kimchaewon/capstone_ws/install/dynamixel_sdk_examples:/home/kimchaewon/capstone_ws/install/dynamixel_sdk_custom_interfaces:/home/kimchaewon/capstone_ws/install/turtlebot3_teleop:/home/kimchaewon/capstone_ws/install/turtlebot3_example:/opt/ros/humble LD_LIBRARY_PATH=/home/kimchaewon/capstone_ws/install/turtlebot3_msgs/lib:/home/kimchaewon/capstone_ws/install/dynamixel_sdk/lib:/home/kimchaewon/capstone_ws/install/tf2_web_republisher/lib:/home/kimchaewon/capstone_ws/install/tf2_web_republisher_interfaces/lib:/home/kimchaewon/capstone_ws/install/dynamixel_sdk_custom_interfaces/lib:/opt/ros/humble/opt/rviz_ogre_vendor/lib:/opt/ros/humble/lib/x86_64-linux-gnu:/opt/ros/humble/lib:/usr/lib/x86_64-linux-gnu/gazebo-11/plugins /usr/bin/cmake /home/kimchaewon/capstone_ws/src/turtlebot3/turtlebot3_bringup -DAMENT_CMAKE_SYMLINK_INSTALL=1 -DCMAKE_INSTALL_PREFIX=/home/kimchaewon/capstone_ws/install/turtlebot3_bringup
[0.102s] -- The C compiler identification is GNU 11.4.0
[0.176s] -- The CXX compiler identification is GNU 11.4.0
[0.186s] -- Detecting C compiler ABI info
[0.284s] -- Detecting C compiler ABI info - done
[0.297s] -- Check for working C compiler: /usr/bin/cc - skipped
[0.297s] -- Detecting C compile features
[0.298s] -- Detecting C compile features - done
[0.302s] -- Detecting CXX compiler ABI info
[0.408s] -- Detecting CXX compiler ABI info - done
[0.420s] -- Check for working CXX compiler: /usr/bin/c++ - skipped
[0.420s] -- Detecting CXX compile features
[0.421s] -- Detecting CXX compile features - done
[0.425s] -- Found ament_cmake: 1.3.12 (/opt/ros/humble/share/ament_cmake/cmake)
[0.643s] -- Found Python3: /usr/bin/python3 (found version "3.10.12") found components: Interpreter 
[0.727s] -- Override CMake install command with custom implementation using symlinks instead of copying resources
[0.870s] -- Configuring done
[0.873s] -- Generating done
[0.874s] -- Build files have been written to: /home/kimchaewon/capstone_ws/build/turtlebot3_bringup
[0.881s] Invoked command in '/home/kimchaewon/capstone_ws/build/turtlebot3_bringup' returned '0': CMAKE_PREFIX_PATH=/home/kimchaewon/capstone_ws/install/turtlebot3_node:/home/kimchaewon/capstone_ws/install/turtlebot3_msgs:/home/kimchaewon/capstone_ws/install/turtlebot3_description:/home/kimchaewon/capstone_ws/install/dynamixel_sdk:/home/kimchaewon/capstone_ws/install/turtlebot3:/home/kimchaewon/capstone_ws/install/turtlebot3_simulations:/home/kimchaewon/capstone_ws/install/turtlebot3_bringup:/home/kimchaewon/capstone_ws/install/turtlebot3_navigation2:/home/kimchaewon/capstone_ws/install/turtlebot3_fake_node:/home/kimchaewon/capstone_ws/install/turtlebot3_manipulation_gazebo:/home/kimchaewon/capstone_ws/install/turtlebot3_gazebo:/home/kimchaewon/capstone_ws/install/turtlebot3_cartographer:/home/kimchaewon/capstone_ws/install/tf2_web_republisher:/home/kimchaewon/capstone_ws/install/tf2_web_republisher_interfaces:/home/kimchaewon/capstone_ws/install/dynamixel_sdk_examples:/home/kimchaewon/capstone_ws/install/dynamixel_sdk_custom_interfaces:/home/kimchaewon/capstone_ws/install/turtlebot3_teleop:/home/kimchaewon/capstone_ws/install/turtlebot3_example:/opt/ros/humble LD_LIBRARY_PATH=/home/kimchaewon/capstone_ws/install/turtlebot3_msgs/lib:/home/kimchaewon/capstone_ws/install/dynamixel_sdk/lib:/home/kimchaewon/capstone_ws/install/tf2_web_republisher/lib:/home/kimchaewon/capstone_ws/install/tf2_web_republisher_interfaces/lib:/home/kimchaewon/capstone_ws/install/dynamixel_sdk_custom_interfaces/lib:/opt/ros/humble/opt/rviz_ogre_vendor/lib:/opt/ros/humble/lib/x86_64-linux-gnu:/opt/ros/humble/lib:/usr/lib/x86_64-linux-gnu/gazebo-11/plugins /usr/bin/cmake /home/kimchaewon/capstone_ws/src/turtlebot3/turtlebot3_bringup -DAMENT_CMAKE_SYMLINK_INSTALL=1 -DCMAKE_INSTALL_PREFIX=/home/kimchaewon/capstone_ws/install/turtlebot3_bringup
[0.883s] Invoking command in '/home/kimchaewon/capstone_ws/build/turtlebot3_bringup': CMAKE_PREFIX_PATH=/home/kimchaewon/capstone_ws/install/turtlebot3_node:/home/kimchaewon/capstone_ws/install/turtlebot3_msgs:/home/kimchaewon/capstone_ws/install/turtlebot3_description:/home/kimchaewon/capstone_ws/install/dynamixel_sdk:/home/kimchaewon/capstone_ws/install/turtlebot3:/home/kimchaewon/capstone_ws/install/turtlebot3_simulations:/home/kimchaewon/capstone_ws/install/turtlebot3_bringup:/home/kimchaewon/capstone_ws/install/turtlebot3_navigation2:/home/kimchaewon/capstone_ws/install/turtlebot3_fake_node:/home/kimchaewon/capstone_ws/install/turtlebot3_manipulation_gazebo:/home/kimchaewon/capstone_ws/install/turtlebot3_gazebo:/home/kimchaewon/capstone_ws/install/turtlebot3_cartographer:/home/kimchaewon/capstone_ws/install/tf2_web_republisher:/home/kimchaewon/capstone_ws/install/tf2_web_republisher_interfaces:/home/kimchaewon/capstone_ws/install/dynamixel_sdk_examples:/home/kimchaewon/capstone_ws/install/dynamixel_sdk_custom_interfaces:/home/kimchaewon/capstone_ws/install/turtlebot3_teleop:/home/kimchaewon/capstone_ws/install/turtlebot3_example:/opt/ros/humble LD_LIBRARY_PATH=/home/kimchaewon/capstone_ws/install/turtlebot3_msgs/lib:/home/kimchaewon/capstone_ws/install/dynamixel_sdk/lib:/home/kimchaewon/capstone_ws/install/tf2_web_republisher/lib:/home/kimchaewon/capstone_ws/install/tf2_web_republisher_interfaces/lib:/home/kimchaewon/capstone_ws/install/dynamixel_sdk_custom_interfaces/lib:/opt/ros/humble/opt/rviz_ogre_vendor/lib:/opt/ros/humble/lib/x86_64-linux-gnu:/opt/ros/humble/lib:/usr/lib/x86_64-linux-gnu/gazebo-11/plugins /usr/bin/cmake --build /home/kimchaewon/capstone_ws/build/turtlebot3_bringup -- -j16 -l16
[0.930s] Invoked command in '/home/kimchaewon/capstone_ws/build/turtlebot3_bringup' returned '0': CMAKE_PREFIX_PATH=/home/kimchaewon/capstone_ws/install/turtlebot3_node:/home/kimchaewon/capstone_ws/install/turtlebot3_msgs:/home/kimchaewon/capstone_ws/install/turtlebot3_description:/home/kimchaewon/capstone_ws/install/dynamixel_sdk:/home/kimchaewon/capstone_ws/install/turtlebot3:/home/kimchaewon/capstone_ws/install/turtlebot3_simulations:/home/kimchaewon/capstone_ws/install/turtlebot3_bringup:/home/kimchaewon/capstone_ws/install/turtlebot3_navigation2:/home/kimchaewon/capstone_ws/install/turtlebot3_fake_node:/home/kimchaewon/capstone_ws/install/turtlebot3_manipulation_gazebo:/home/kimchaewon/capstone_ws/install/turtlebot3_gazebo:/home/kimchaewon/capstone_ws/install/turtlebot3_cartographer:/home/kimchaewon/capstone_ws/install/tf2_web_republisher:/home/kimchaewon/capstone_ws/install/tf2_web_republisher_interfaces:/home/kimchaewon/capstone_ws/install/dynamixel_sdk_examples:/home/kimchaewon/capstone_ws/install/dynamixel_sdk_custom_interfaces:/home/kimchaewon/capstone_ws/install/turtlebot3_teleop:/home/kimchaewon/capstone_ws/install/turtlebot3_example:/opt/ros/humble LD_LIBRARY_PATH=/home/kimchaewon/capstone_ws/install/turtlebot3_msgs/lib:/home/kimchaewon/capstone_ws/install/dynamixel_sdk/lib:/home/kimchaewon/capstone_ws/install/tf2_web_republisher/lib:/home/kimchaewon/capstone_ws/install/tf2_web_republisher_interfaces/lib:/home/kimchaewon/capstone_ws/install/dynamixel_sdk_custom_interfaces/lib:/opt/ros/humble/opt/rviz_ogre_vendor/lib:/opt/ros/humble/lib/x86_64-linux-gnu:/opt/ros/humble/lib:/usr/lib/x86_64-linux-gnu/gazebo-11/plugins /usr/bin/cmake --build /home/kimchaewon/capstone_ws/build/turtlebot3_bringup -- -j16 -l16
[0.932s] Invoking command in '/home/kimchaewon/capstone_ws/build/turtlebot3_bringup': CMAKE_PREFIX_PATH=/home/kimchaewon/capstone_ws/install/turtlebot3_node:/home/kimchaewon/capstone_ws/install/turtlebot3_msgs:/home/kimchaewon/capstone_ws/install/turtlebot3_description:/home/kimchaewon/capstone_ws/install/dynamixel_sdk:/home/kimchaewon/capstone_ws/install/turtlebot3:/home/kimchaewon/capstone_ws/install/turtlebot3_simulations:/home/kimchaewon/capstone_ws/install/turtlebot3_bringup:/home/kimchaewon/capstone_ws/install/turtlebot3_navigation2:/home/kimchaewon/capstone_ws/install/turtlebot3_fake_node:/home/kimchaewon/capstone_ws/install/turtlebot3_manipulation_gazebo:/home/kimchaewon/capstone_ws/install/turtlebot3_gazebo:/home/kimchaewon/capstone_ws/install/turtlebot3_cartographer:/home/kimchaewon/capstone_ws/install/tf2_web_republisher:/home/kimchaewon/capstone_ws/install/tf2_web_republisher_interfaces:/home/kimchaewon/capstone_ws/install/dynamixel_sdk_examples:/home/kimchaewon/capstone_ws/install/dynamixel_sdk_custom_interfaces:/home/kimchaewon/capstone_ws/install/turtlebot3_teleop:/home/kimchaewon/capstone_ws/install/turtlebot3_example:/opt/ros/humble LD_LIBRARY_PATH=/home/kimchaewon/capstone_ws/install/turtlebot3_msgs/lib:/home/kimchaewon/capstone_ws/install/dynamixel_sdk/lib:/home/kimchaewon/capstone_ws/install/tf2_web_republisher/lib:/home/kimchaewon/capstone_ws/install/tf2_web_republisher_interfaces/lib:/home/kimchaewon/capstone_ws/install/dynamixel_sdk_custom_interfaces/lib:/opt/ros/humble/opt/rviz_ogre_vendor/lib:/opt/ros/humble/lib/x86_64-linux-gnu:/opt/ros/humble/lib:/usr/lib/x86_64-linux-gnu/gazebo-11/plugins /usr/bin/cmake --install /home/kimchaewon/capstone_ws/build/turtlebot3_bringup
[0.942s] -- Install configuration: ""
[0.942s] -- Execute custom install script
[0.943s] -- Symlinking: /home/kimchaewon/capstone_ws/install/turtlebot3_bringup/share/turtlebot3_bringup/launch/camera.launch.py
[0.956s] -- Symlinking: /home/kimchaewon/capstone_ws/install/turtlebot3_bringup/share/turtlebot3_bringup/launch/robot.launch.py
[0.967s] -- Symlinking: /home/kimchaewon/capstone_ws/install/turtlebot3_bringup/share/turtlebot3_bringup/launch/rviz2.launch.py
[0.979s] -- Symlinking: /home/kimchaewon/capstone_ws/install/turtlebot3_bringup/share/turtlebot3_bringup/launch/turtlebot3_state_publisher.launch.py
[0.990s] -- Symlinking: /home/kimchaewon/capstone_ws/install/turtlebot3_bringup/share/turtlebot3_bringup/param/burger.yaml
[1.002s] -- Symlinking: /home/kimchaewon/capstone_ws/install/turtlebot3_bringup/share/turtlebot3_bringup/param/humble/burger.yaml
[1.013s] -- Symlinking: /home/kimchaewon/capstone_ws/install/turtlebot3_bringup/share/turtlebot3_bringup/param/humble/waffle.yaml
[1.023s] -- Symlinking: /home/kimchaewon/capstone_ws/install/turtlebot3_bringup/share/turtlebot3_bringup/param/humble/waffle_pi.yaml
[1.034s] -- Symlinking: /home/kimchaewon/capstone_ws/install/turtlebot3_bringup/share/turtlebot3_bringup/param/waffle.yaml
[1.045s] -- Symlinking: /home/kimchaewon/capstone_ws/install/turtlebot3_bringup/share/turtlebot3_bringup/param/waffle_pi.yaml
[1.056s] -- Symlinking: /home/kimchaewon/capstone_ws/install/turtlebot3_bringup/share/turtlebot3_bringup/script/99-turtlebot3-cdc.rules
[1.068s] -- Symlinking: /home/kimchaewon/capstone_ws/install/turtlebot3_bringup/share/turtlebot3_bringup/script/create_udev_rules
[1.079s] -- Symlinking: /home/kimchaewon/capstone_ws/install/turtlebot3_bringup/share/ament_index/resource_index/package_run_dependencies/turtlebot3_bringup
[1.089s] -- Symlinking: /home/kimchaewon/capstone_ws/install/turtlebot3_bringup/share/ament_index/resource_index/parent_prefix_path/turtlebot3_bringup
[1.100s] -- Symlinking: /home/kimchaewon/capstone_ws/install/turtlebot3_bringup/share/turtlebot3_bringup/environment/ament_prefix_path.sh
[1.109s] -- Symlinking: /home/kimchaewon/capstone_ws/install/turtlebot3_bringup/share/turtlebot3_bringup/environment/ament_prefix_path.dsv
[1.118s] -- Symlinking: /home/kimchaewon/capstone_ws/install/turtlebot3_bringup/share/turtlebot3_bringup/environment/path.sh
[1.128s] -- Symlinking: /home/kimchaewon/capstone_ws/install/turtlebot3_bringup/share/turtlebot3_bringup/environment/path.dsv
[1.139s] -- Symlinking: /home/kimchaewon/capstone_ws/install/turtlebot3_bringup/share/turtlebot3_bringup/local_setup.bash
[1.151s] -- Symlinking: /home/kimchaewon/capstone_ws/install/turtlebot3_bringup/share/turtlebot3_bringup/local_setup.sh
[1.162s] -- Symlinking: /home/kimchaewon/capstone_ws/install/turtlebot3_bringup/share/turtlebot3_bringup/local_setup.zsh
[1.174s] -- Symlinking: /home/kimchaewon/capstone_ws/install/turtlebot3_bringup/share/turtlebot3_bringup/local_setup.dsv
[1.183s] -- Symlinking: /home/kimchaewon/capstone_ws/install/turtlebot3_bringup/share/turtlebot3_bringup/package.dsv
[1.194s] -- Symlinking: /home/kimchaewon/capstone_ws/install/turtlebot3_bringup/share/ament_index/resource_index/packages/turtlebot3_bringup
[1.204s] -- Symlinking: /home/kimchaewon/capstone_ws/install/turtlebot3_bringup/share/turtlebot3_bringup/cmake/turtlebot3_bringupConfig.cmake
[1.215s] -- Symlinking: /home/kimchaewon/capstone_ws/install/turtlebot3_bringup/share/turtlebot3_bringup/cmake/turtlebot3_bringupConfig-version.cmake
[1.225s] -- Symlinking: /home/kimchaewon/capstone_ws/install/turtlebot3_bringup/share/turtlebot3_bringup/package.xml
[1.239s] Invoked command in '/home/kimchaewon/capstone_ws/build/turtlebot3_bringup' returned '0': CMAKE_PREFIX_PATH=/home/kimchaewon/capstone_ws/install/turtlebot3_node:/home/kimchaewon/capstone_ws/install/turtlebot3_msgs:/home/kimchaewon/capstone_ws/install/turtlebot3_description:/home/kimchaewon/capstone_ws/install/dynamixel_sdk:/home/kimchaewon/capstone_ws/install/turtlebot3:/home/kimchaewon/capstone_ws/install/turtlebot3_simulations:/home/kimchaewon/capstone_ws/install/turtlebot3_bringup:/home/kimchaewon/capstone_ws/install/turtlebot3_navigation2:/home/kimchaewon/capstone_ws/install/turtlebot3_fake_node:/home/kimchaewon/capstone_ws/install/turtlebot3_manipulation_gazebo:/home/kimchaewon/capstone_ws/install/turtlebot3_gazebo:/home/kimchaewon/capstone_ws/install/turtlebot3_cartographer:/home/kimchaewon/capstone_ws/install/tf2_web_republisher:/home/kimchaewon/capstone_ws/install/tf2_web_republisher_interfaces:/home/kimchaewon/capstone_ws/install/dynamixel_sdk_examples:/home/kimchaewon/capstone_ws/install/dynamixel_sdk_custom_interfaces:/home/kimchaewon/capstone_ws/install/turtlebot3_teleop:/home/kimchaewon/capstone_ws/install/turtlebot3_example:/opt/ros/humble LD_LIBRARY_PATH=/home/kimchaewon/capstone_ws/install/turtlebot3_msgs/lib:/home/kimchaewon/capstone_ws/install/dynamixel_sdk/lib:/home/kimchaewon/capstone_ws/install/tf2_web_republisher/lib:/home/kimchaewon/capstone_ws/install/tf2_web_republisher_interfaces/lib:/home/kimchaewon/capstone_ws/install/dynamixel_sdk_custom_interfaces/lib:/opt/ros/humble/opt/rviz_ogre_vendor/lib:/opt/ros/humble/lib/x86_64-linux-gnu:/opt/ros/humble/lib:/usr/lib/x86_64-linux-gnu/gazebo-11/plugins /usr/bin/cmake --install /home/kimchaewon/capstone_ws/build/turtlebot3_bringup
