[0.054s] Invoking command in '/home/kimchaewon/capstone_ws/build/tf2_web_republisher_interfaces': CMAKE_PREFIX_PATH=${CMAKE_PREFIX_PATH}:/home/kimchaewon/capstone_ws/install/turtlebot3_teleop:/home/kimchaewon/capstone_ws/install/turtlebot3_example:/opt/ros/humble /usr/bin/cmake /home/kimchaewon/capstone_ws/src/tf2_web_republisher/tf2_web_republisher_interfaces -DAMENT_CMAKE_SYMLINK_INSTALL=1 -DCMAKE_INSTALL_PREFIX=/home/kimchaewon/capstone_ws/install/tf2_web_republisher_interfaces
[0.191s] -- The C compiler identification is GNU 11.4.0
[0.348s] -- The CXX compiler identification is GNU 11.4.0
[0.369s] -- Detecting C compiler ABI info
[0.576s] -- Detecting C compiler ABI info - done
[0.603s] -- Check for working C compiler: /usr/bin/cc - skipped
[0.604s] -- Detecting C compile features
[0.605s] -- Detecting C compile features - done
[0.615s] -- Detecting CXX compiler ABI info
[0.873s] -- Detecting CXX compiler ABI info - done
[0.900s] -- Check for working CXX compiler: /usr/bin/c++ - skipped
[0.901s] -- Detecting CXX compile features
[0.903s] -- Detecting CXX compile features - done
[0.911s] -- Found ament_cmake: 1.3.12 (/opt/ros/humble/share/ament_cmake/cmake)
[1.413s] -- Found Python3: /usr/bin/python3 (found version "3.10.12") found components: Interpreter 
[1.583s] -- Override CMake install command with custom implementation using symlinks instead of copying resources
[1.665s] -- Found builtin_interfaces: 1.2.2 (/opt/ros/humble/share/builtin_interfaces/cmake)
[1.753s] -- Found rosidl_generator_c: 3.1.7 (/opt/ros/humble/share/rosidl_generator_c/cmake)
[1.768s] -- Found rosidl_adapter: 3.1.7 (/opt/ros/humble/share/rosidl_adapter/cmake)
[1.794s] -- Found rosidl_generator_cpp: 3.1.7 (/opt/ros/humble/share/rosidl_generator_cpp/cmake)
[1.839s] -- Using all available rosidl_typesupport_c: rosidl_typesupport_fastrtps_c;rosidl_typesupport_introspection_c
[1.891s] -- Using all available rosidl_typesupport_cpp: rosidl_typesupport_fastrtps_cpp;rosidl_typesupport_introspection_cpp
[1.947s] -- Found geometry_msgs: 4.9.0 (/opt/ros/humble/share/geometry_msgs/cmake)
[2.059s] -- Found rosidl_default_generators: 1.2.0 (/opt/ros/humble/share/rosidl_default_generators/cmake)
[3.790s] -- Found ament_cmake_ros: 0.10.0 (/opt/ros/humble/share/ament_cmake_ros/cmake)
[5.286s] -- Using all available rosidl_typesupport_c: rosidl_typesupport_fastrtps_c;rosidl_typesupport_introspection_c
[5.915s] -- Using all available rosidl_typesupport_cpp: rosidl_typesupport_fastrtps_cpp;rosidl_typesupport_introspection_cpp
[5.994s] -- Found PythonInterp: /usr/bin/python3 (found suitable version "3.10.12", minimum required is "3.6") 
[6.000s] -- Found python_cmake_module: 0.10.0 (/opt/ros/humble/share/python_cmake_module/cmake)
[6.064s] -- Found PythonLibs: /usr/lib/x86_64-linux-gnu/libpython3.10.so (found suitable version "3.10.12", minimum required is "3.5") 
[6.065s] -- Using PYTHON_EXECUTABLE: /usr/bin/python3
[6.065s] -- Using PYTHON_INCLUDE_DIRS: /usr/include/python3.10
[6.065s] -- Using PYTHON_LIBRARIES: /usr/lib/x86_64-linux-gnu/libpython3.10.so
[6.116s] -- Found PythonExtra: .so  
[6.316s] -- Configuring done
[6.402s] -- Generating done
[6.435s] -- Build files have been written to: /home/kimchaewon/capstone_ws/build/tf2_web_republisher_interfaces
[6.456s] Invoked command in '/home/kimchaewon/capstone_ws/build/tf2_web_republisher_interfaces' returned '0': CMAKE_PREFIX_PATH=${CMAKE_PREFIX_PATH}:/home/kimchaewon/capstone_ws/install/turtlebot3_teleop:/home/kimchaewon/capstone_ws/install/turtlebot3_example:/opt/ros/humble /usr/bin/cmake /home/kimchaewon/capstone_ws/src/tf2_web_republisher/tf2_web_republisher_interfaces -DAMENT_CMAKE_SYMLINK_INSTALL=1 -DCMAKE_INSTALL_PREFIX=/home/kimchaewon/capstone_ws/install/tf2_web_republisher_interfaces
[6.460s] Invoking command in '/home/kimchaewon/capstone_ws/build/tf2_web_republisher_interfaces': CMAKE_PREFIX_PATH=${CMAKE_PREFIX_PATH}:/home/kimchaewon/capstone_ws/install/turtlebot3_teleop:/home/kimchaewon/capstone_ws/install/turtlebot3_example:/opt/ros/humble /usr/bin/cmake --build /home/kimchaewon/capstone_ws/build/tf2_web_republisher_interfaces -- -j16 -l16
[6.555s] [  2%] [34m[1mGenerating C code for ROS interfaces[0m
[6.583s] [  4%] [34m[1mGenerating C++ code for ROS interfaces[0m
[6.601s] [  4%] Built target ament_cmake_python_symlink_tf2_web_republisher_interfaces
[7.506s] running egg_info
[7.508s] creating tf2_web_republisher_interfaces.egg-info
[7.509s] writing tf2_web_republisher_interfaces.egg-info/PKG-INFO
[7.509s] writing dependency_links to tf2_web_republisher_interfaces.egg-info/dependency_links.txt
[7.510s] writing top-level names to tf2_web_republisher_interfaces.egg-info/top_level.txt
[7.510s] writing manifest file 'tf2_web_republisher_interfaces.egg-info/SOURCES.txt'
[7.516s] reading manifest file 'tf2_web_republisher_interfaces.egg-info/SOURCES.txt'
[7.518s] writing manifest file 'tf2_web_republisher_interfaces.egg-info/SOURCES.txt'
[7.608s] [  4%] Built target ament_cmake_python_build_tf2_web_republisher_interfaces_egg
[8.451s] [  4%] Built target tf2_web_republisher_interfaces__cpp
[8.495s] [  6%] [34m[1mGenerating C++ type support dispatch for ROS interfaces[0m
[8.496s] [  8%] [34m[1mGenerating C++ type support for eProsima Fast-RTPS[0m
[8.499s] [ 10%] [34m[1mGenerating C++ introspection for ROS interfaces[0m
[8.773s] [ 12%] [32mBuilding C object CMakeFiles/tf2_web_republisher_interfaces__rosidl_generator_c.dir/rosidl_generator_c/tf2_web_republisher_interfaces/msg/detail/tf_array__functions.c.o[0m
[8.782s] [ 14%] [32mBuilding C object CMakeFiles/tf2_web_republisher_interfaces__rosidl_generator_c.dir/rosidl_generator_c/tf2_web_republisher_interfaces/srv/detail/republish_t_fs__functions.c.o[0m
[8.784s] [ 17%] [32mBuilding C object CMakeFiles/tf2_web_republisher_interfaces__rosidl_generator_c.dir/rosidl_generator_c/tf2_web_republisher_interfaces/action/detail/tf_subscription__functions.c.o[0m
[9.538s] [ 19%] [32m[1mLinking C shared library libtf2_web_republisher_interfaces__rosidl_generator_c.so[0m
[9.697s] [ 19%] Built target tf2_web_republisher_interfaces__rosidl_generator_c
[9.742s] [ 21%] [34m[1mGenerating C introspection for ROS interfaces[0m
[9.747s] [ 23%] [34m[1mGenerating C type support dispatch for ROS interfaces[0m
[9.754s] [ 25%] [34m[1mGenerating C type support for eProsima Fast-RTPS[0m
[10.239s] [ 27%] [32mBuilding CXX object CMakeFiles/tf2_web_republisher_interfaces__rosidl_typesupport_cpp.dir/rosidl_typesupport_cpp/tf2_web_republisher_interfaces/action/tf_subscription__type_support.cpp.o[0m
[10.240s] [ 29%] [32mBuilding CXX object CMakeFiles/tf2_web_republisher_interfaces__rosidl_typesupport_cpp.dir/rosidl_typesupport_cpp/tf2_web_republisher_interfaces/msg/tf_array__type_support.cpp.o[0m
[10.255s] [ 31%] [32mBuilding CXX object CMakeFiles/tf2_web_republisher_interfaces__rosidl_typesupport_cpp.dir/rosidl_typesupport_cpp/tf2_web_republisher_interfaces/srv/republish_t_fs__type_support.cpp.o[0m
[10.623s] [ 36%] [32mBuilding CXX object CMakeFiles/tf2_web_republisher_interfaces__rosidl_typesupport_introspection_cpp.dir/rosidl_typesupport_introspection_cpp/tf2_web_republisher_interfaces/srv/detail/republish_t_fs__type_support.cpp.o[0m
[10.624s] [ 36%] [32mBuilding CXX object CMakeFiles/tf2_web_republisher_interfaces__rosidl_typesupport_introspection_cpp.dir/rosidl_typesupport_introspection_cpp/tf2_web_republisher_interfaces/msg/detail/tf_array__type_support.cpp.o[0m
[10.639s] [ 38%] [32mBuilding CXX object CMakeFiles/tf2_web_republisher_interfaces__rosidl_typesupport_introspection_cpp.dir/rosidl_typesupport_introspection_cpp/tf2_web_republisher_interfaces/action/detail/tf_subscription__type_support.cpp.o[0m
[11.002s] [ 42%] [32mBuilding CXX object CMakeFiles/tf2_web_republisher_interfaces__rosidl_typesupport_fastrtps_cpp.dir/rosidl_typesupport_fastrtps_cpp/tf2_web_republisher_interfaces/srv/detail/dds_fastrtps/republish_t_fs__type_support.cpp.o[0m
[11.003s] [ 42%] [32mBuilding CXX object CMakeFiles/tf2_web_republisher_interfaces__rosidl_typesupport_fastrtps_cpp.dir/rosidl_typesupport_fastrtps_cpp/tf2_web_republisher_interfaces/action/detail/dds_fastrtps/tf_subscription__type_support.cpp.o[0m
[11.017s] [ 44%] [32mBuilding CXX object CMakeFiles/tf2_web_republisher_interfaces__rosidl_typesupport_fastrtps_cpp.dir/rosidl_typesupport_fastrtps_cpp/tf2_web_republisher_interfaces/msg/detail/dds_fastrtps/tf_array__type_support.cpp.o[0m
[11.691s] [ 46%] [32mBuilding CXX object CMakeFiles/tf2_web_republisher_interfaces__rosidl_typesupport_c.dir/rosidl_typesupport_c/tf2_web_republisher_interfaces/action/tf_subscription__type_support.cpp.o[0m
[11.709s] [ 48%] [32mBuilding CXX object CMakeFiles/tf2_web_republisher_interfaces__rosidl_typesupport_c.dir/rosidl_typesupport_c/tf2_web_republisher_interfaces/srv/republish_t_fs__type_support.cpp.o[0m
[11.728s] [ 51%] [32mBuilding CXX object CMakeFiles/tf2_web_republisher_interfaces__rosidl_typesupport_c.dir/rosidl_typesupport_c/tf2_web_republisher_interfaces/msg/tf_array__type_support.cpp.o[0m
[11.910s] [ 53%] [32mBuilding C object CMakeFiles/tf2_web_republisher_interfaces__rosidl_typesupport_introspection_c.dir/rosidl_typesupport_introspection_c/tf2_web_republisher_interfaces/msg/detail/tf_array__type_support.c.o[0m
[11.915s] [ 55%] [32mBuilding C object CMakeFiles/tf2_web_republisher_interfaces__rosidl_typesupport_introspection_c.dir/rosidl_typesupport_introspection_c/tf2_web_republisher_interfaces/srv/detail/republish_t_fs__type_support.c.o[0m
[11.932s] [ 57%] [32mBuilding C object CMakeFiles/tf2_web_republisher_interfaces__rosidl_typesupport_introspection_c.dir/rosidl_typesupport_introspection_c/tf2_web_republisher_interfaces/action/detail/tf_subscription__type_support.c.o[0m
[11.965s] [ 59%] [32m[1mLinking CXX shared library libtf2_web_republisher_interfaces__rosidl_typesupport_c.so[0m
[12.032s] [ 61%] [32mBuilding CXX object CMakeFiles/tf2_web_republisher_interfaces__rosidl_typesupport_fastrtps_c.dir/rosidl_typesupport_fastrtps_c/tf2_web_republisher_interfaces/msg/detail/tf_array__type_support_c.cpp.o[0m
[12.068s] [ 65%] [32mBuilding CXX object CMakeFiles/tf2_web_republisher_interfaces__rosidl_typesupport_fastrtps_c.dir/rosidl_typesupport_fastrtps_c/tf2_web_republisher_interfaces/srv/detail/republish_t_fs__type_support_c.cpp.o[0m
[12.069s] [ 63%] [32mBuilding CXX object CMakeFiles/tf2_web_republisher_interfaces__rosidl_typesupport_fastrtps_c.dir/rosidl_typesupport_fastrtps_c/tf2_web_republisher_interfaces/action/detail/tf_subscription__type_support_c.cpp.o[0m
[12.236s] [ 65%] Built target tf2_web_republisher_interfaces__rosidl_typesupport_c
[12.321s] [ 68%] [32m[1mLinking C shared library libtf2_web_republisher_interfaces__rosidl_typesupport_introspection_c.so[0m
[12.611s] [ 68%] Built target tf2_web_republisher_interfaces__rosidl_typesupport_introspection_c
[13.284s] [ 70%] [32m[1mLinking CXX shared library libtf2_web_republisher_interfaces__rosidl_typesupport_cpp.so[0m
[13.522s] [ 70%] Built target tf2_web_republisher_interfaces__rosidl_typesupport_cpp
[13.965s] [ 72%] [32m[1mLinking CXX shared library libtf2_web_republisher_interfaces__rosidl_typesupport_fastrtps_c.so[0m
[14.271s] [ 72%] Built target tf2_web_republisher_interfaces__rosidl_typesupport_fastrtps_c
[14.524s] [ 74%] [32m[1mLinking CXX shared library libtf2_web_republisher_interfaces__rosidl_typesupport_introspection_cpp.so[0m
[14.524s] [ 76%] [32m[1mLinking CXX shared library libtf2_web_republisher_interfaces__rosidl_typesupport_fastrtps_cpp.so[0m
[14.971s] [ 76%] Built target tf2_web_republisher_interfaces__rosidl_typesupport_introspection_cpp
[15.024s] [ 76%] Built target tf2_web_republisher_interfaces__rosidl_typesupport_fastrtps_cpp
[15.195s] [ 76%] Built target tf2_web_republisher_interfaces
[15.348s] [ 78%] [34m[1mGenerating Python code for ROS interfaces[0m
[20.689s] [ 78%] Built target tf2_web_republisher_interfaces__py
[20.764s] [ 80%] [32mBuilding C object CMakeFiles/tf2_web_republisher_interfaces__rosidl_generator_py.dir/rosidl_generator_py/tf2_web_republisher_interfaces/msg/_tf_array_s.c.o[0m
[20.764s] [ 82%] [32mBuilding C object CMakeFiles/tf2_web_republisher_interfaces__rosidl_generator_py.dir/rosidl_generator_py/tf2_web_republisher_interfaces/srv/_republish_t_fs_s.c.o[0m
[20.765s] [ 85%] [32mBuilding C object CMakeFiles/tf2_web_republisher_interfaces__rosidl_generator_py.dir/rosidl_generator_py/tf2_web_republisher_interfaces/action/_tf_subscription_s.c.o[0m
[21.264s] [ 87%] [32m[1mLinking C shared library rosidl_generator_py/tf2_web_republisher_interfaces/libtf2_web_republisher_interfaces__rosidl_generator_py.so[0m
[21.426s] [ 87%] Built target tf2_web_republisher_interfaces__rosidl_generator_py
[21.484s] [ 89%] [32mBuilding C object CMakeFiles/tf2_web_republisher_interfaces__rosidl_typesupport_introspection_c__pyext.dir/rosidl_generator_py/tf2_web_republisher_interfaces/_tf2_web_republisher_interfaces_s.ep.rosidl_typesupport_introspection_c.c.o[0m
[21.501s] [ 91%] [32mBuilding C object CMakeFiles/tf2_web_republisher_interfaces__rosidl_typesupport_fastrtps_c__pyext.dir/rosidl_generator_py/tf2_web_republisher_interfaces/_tf2_web_republisher_interfaces_s.ep.rosidl_typesupport_fastrtps_c.c.o[0m
[21.501s] [ 93%] [32mBuilding C object CMakeFiles/tf2_web_republisher_interfaces__rosidl_typesupport_c__pyext.dir/rosidl_generator_py/tf2_web_republisher_interfaces/_tf2_web_republisher_interfaces_s.ep.rosidl_typesupport_c.c.o[0m
[21.836s] [ 95%] [32m[1mLinking C shared library rosidl_generator_py/tf2_web_republisher_interfaces/tf2_web_republisher_interfaces_s__rosidl_typesupport_c.cpython-310-x86_64-linux-gnu.so[0m
[21.949s] [ 95%] Built target tf2_web_republisher_interfaces__rosidl_typesupport_c__pyext
[21.950s] [ 97%] [32m[1mLinking C shared library rosidl_generator_py/tf2_web_republisher_interfaces/tf2_web_republisher_interfaces_s__rosidl_typesupport_fastrtps_c.cpython-310-x86_64-linux-gnu.so[0m
[21.960s] [100%] [32m[1mLinking C shared library rosidl_generator_py/tf2_web_republisher_interfaces/tf2_web_republisher_interfaces_s__rosidl_typesupport_introspection_c.cpython-310-x86_64-linux-gnu.so[0m
[22.056s] [100%] Built target tf2_web_republisher_interfaces__rosidl_typesupport_fastrtps_c__pyext
[22.067s] [100%] Built target tf2_web_republisher_interfaces__rosidl_typesupport_introspection_c__pyext
[22.096s] Invoked command in '/home/kimchaewon/capstone_ws/build/tf2_web_republisher_interfaces' returned '0': CMAKE_PREFIX_PATH=${CMAKE_PREFIX_PATH}:/home/kimchaewon/capstone_ws/install/turtlebot3_teleop:/home/kimchaewon/capstone_ws/install/turtlebot3_example:/opt/ros/humble /usr/bin/cmake --build /home/kimchaewon/capstone_ws/build/tf2_web_republisher_interfaces -- -j16 -l16
[22.100s] Invoking command in '/home/kimchaewon/capstone_ws/build/tf2_web_republisher_interfaces': CMAKE_PREFIX_PATH=${CMAKE_PREFIX_PATH}:/home/kimchaewon/capstone_ws/install/turtlebot3_teleop:/home/kimchaewon/capstone_ws/install/turtlebot3_example:/opt/ros/humble /usr/bin/cmake --install /home/kimchaewon/capstone_ws/build/tf2_web_republisher_interfaces
[22.122s] -- Install configuration: ""
[22.124s] -- Execute custom install script
[22.125s] -- Symlinking: /home/kimchaewon/capstone_ws/install/tf2_web_republisher_interfaces/share/ament_index/resource_index/rosidl_interfaces/tf2_web_republisher_interfaces
[22.146s] -- Symlinking: /home/kimchaewon/capstone_ws/install/tf2_web_republisher_interfaces/include/tf2_web_republisher_interfaces/tf2_web_republisher_interfaces/action/detail/tf_subscription__functions.h
[22.165s] -- Symlinking: /home/kimchaewon/capstone_ws/install/tf2_web_republisher_interfaces/include/tf2_web_republisher_interfaces/tf2_web_republisher_interfaces/action/detail/tf_subscription__struct.h
[22.185s] -- Symlinking: /home/kimchaewon/capstone_ws/install/tf2_web_republisher_interfaces/include/tf2_web_republisher_interfaces/tf2_web_republisher_interfaces/action/detail/tf_subscription__type_support.h
[22.206s] -- Symlinking: /home/kimchaewon/capstone_ws/install/tf2_web_republisher_interfaces/include/tf2_web_republisher_interfaces/tf2_web_republisher_interfaces/action/tf_subscription.h
[22.229s] -- Symlinking: /home/kimchaewon/capstone_ws/install/tf2_web_republisher_interfaces/include/tf2_web_republisher_interfaces/tf2_web_republisher_interfaces/msg/detail/tf_array__functions.h
[22.252s] -- Symlinking: /home/kimchaewon/capstone_ws/install/tf2_web_republisher_interfaces/include/tf2_web_republisher_interfaces/tf2_web_republisher_interfaces/msg/detail/tf_array__struct.h
[22.271s] -- Symlinking: /home/kimchaewon/capstone_ws/install/tf2_web_republisher_interfaces/include/tf2_web_republisher_interfaces/tf2_web_republisher_interfaces/msg/detail/tf_array__type_support.h
[22.299s] -- Symlinking: /home/kimchaewon/capstone_ws/install/tf2_web_republisher_interfaces/include/tf2_web_republisher_interfaces/tf2_web_republisher_interfaces/msg/rosidl_generator_c__visibility_control.h
[22.320s] -- Symlinking: /home/kimchaewon/capstone_ws/install/tf2_web_republisher_interfaces/include/tf2_web_republisher_interfaces/tf2_web_republisher_interfaces/msg/tf_array.h
[22.348s] -- Symlinking: /home/kimchaewon/capstone_ws/install/tf2_web_republisher_interfaces/include/tf2_web_republisher_interfaces/tf2_web_republisher_interfaces/srv/detail/republish_t_fs__functions.h
[22.373s] -- Symlinking: /home/kimchaewon/capstone_ws/install/tf2_web_republisher_interfaces/include/tf2_web_republisher_interfaces/tf2_web_republisher_interfaces/srv/detail/republish_t_fs__struct.h
[22.393s] -- Symlinking: /home/kimchaewon/capstone_ws/install/tf2_web_republisher_interfaces/include/tf2_web_republisher_interfaces/tf2_web_republisher_interfaces/srv/detail/republish_t_fs__type_support.h
[22.421s] -- Symlinking: /home/kimchaewon/capstone_ws/install/tf2_web_republisher_interfaces/include/tf2_web_republisher_interfaces/tf2_web_republisher_interfaces/srv/republish_t_fs.h
[22.443s] -- Symlinking: /home/kimchaewon/capstone_ws/install/tf2_web_republisher_interfaces/share/tf2_web_republisher_interfaces/environment/library_path.sh
[22.464s] -- Symlinking: /home/kimchaewon/capstone_ws/install/tf2_web_republisher_interfaces/share/tf2_web_republisher_interfaces/environment/library_path.dsv
[22.484s] -- Symlinking: /home/kimchaewon/capstone_ws/install/tf2_web_republisher_interfaces/include/tf2_web_republisher_interfaces/tf2_web_republisher_interfaces/action/detail/tf_subscription__rosidl_typesupport_fastrtps_c.h
[22.513s] -- Symlinking: /home/kimchaewon/capstone_ws/install/tf2_web_republisher_interfaces/include/tf2_web_republisher_interfaces/tf2_web_republisher_interfaces/msg/detail/tf_array__rosidl_typesupport_fastrtps_c.h
[22.540s] -- Symlinking: /home/kimchaewon/capstone_ws/install/tf2_web_republisher_interfaces/include/tf2_web_republisher_interfaces/tf2_web_republisher_interfaces/msg/rosidl_typesupport_fastrtps_c__visibility_control.h
[22.565s] -- Symlinking: /home/kimchaewon/capstone_ws/install/tf2_web_republisher_interfaces/include/tf2_web_republisher_interfaces/tf2_web_republisher_interfaces/srv/detail/republish_t_fs__rosidl_typesupport_fastrtps_c.h
[22.586s] -- Symlinking: /home/kimchaewon/capstone_ws/install/tf2_web_republisher_interfaces/include/tf2_web_republisher_interfaces/tf2_web_republisher_interfaces/action/detail/tf_subscription__builder.hpp
[22.607s] -- Symlinking: /home/kimchaewon/capstone_ws/install/tf2_web_republisher_interfaces/include/tf2_web_republisher_interfaces/tf2_web_republisher_interfaces/action/detail/tf_subscription__struct.hpp
[22.628s] -- Symlinking: /home/kimchaewon/capstone_ws/install/tf2_web_republisher_interfaces/include/tf2_web_republisher_interfaces/tf2_web_republisher_interfaces/action/detail/tf_subscription__traits.hpp
[22.649s] -- Symlinking: /home/kimchaewon/capstone_ws/install/tf2_web_republisher_interfaces/include/tf2_web_republisher_interfaces/tf2_web_republisher_interfaces/action/detail/tf_subscription__type_support.hpp
[22.670s] -- Symlinking: /home/kimchaewon/capstone_ws/install/tf2_web_republisher_interfaces/include/tf2_web_republisher_interfaces/tf2_web_republisher_interfaces/action/tf_subscription.hpp
[22.693s] -- Symlinking: /home/kimchaewon/capstone_ws/install/tf2_web_republisher_interfaces/include/tf2_web_republisher_interfaces/tf2_web_republisher_interfaces/msg/detail/tf_array__builder.hpp
[22.723s] -- Symlinking: /home/kimchaewon/capstone_ws/install/tf2_web_republisher_interfaces/include/tf2_web_republisher_interfaces/tf2_web_republisher_interfaces/msg/detail/tf_array__struct.hpp
[22.742s] -- Symlinking: /home/kimchaewon/capstone_ws/install/tf2_web_republisher_interfaces/include/tf2_web_republisher_interfaces/tf2_web_republisher_interfaces/msg/detail/tf_array__traits.hpp
[22.762s] -- Symlinking: /home/kimchaewon/capstone_ws/install/tf2_web_republisher_interfaces/include/tf2_web_republisher_interfaces/tf2_web_republisher_interfaces/msg/detail/tf_array__type_support.hpp
[22.782s] -- Symlinking: /home/kimchaewon/capstone_ws/install/tf2_web_republisher_interfaces/include/tf2_web_republisher_interfaces/tf2_web_republisher_interfaces/msg/rosidl_generator_cpp__visibility_control.hpp
[22.801s] -- Symlinking: /home/kimchaewon/capstone_ws/install/tf2_web_republisher_interfaces/include/tf2_web_republisher_interfaces/tf2_web_republisher_interfaces/msg/tf_array.hpp
[22.822s] -- Symlinking: /home/kimchaewon/capstone_ws/install/tf2_web_republisher_interfaces/include/tf2_web_republisher_interfaces/tf2_web_republisher_interfaces/srv/detail/republish_t_fs__builder.hpp
[22.843s] -- Symlinking: /home/kimchaewon/capstone_ws/install/tf2_web_republisher_interfaces/include/tf2_web_republisher_interfaces/tf2_web_republisher_interfaces/srv/detail/republish_t_fs__struct.hpp
[22.875s] -- Symlinking: /home/kimchaewon/capstone_ws/install/tf2_web_republisher_interfaces/include/tf2_web_republisher_interfaces/tf2_web_republisher_interfaces/srv/detail/republish_t_fs__traits.hpp
[22.898s] -- Symlinking: /home/kimchaewon/capstone_ws/install/tf2_web_republisher_interfaces/include/tf2_web_republisher_interfaces/tf2_web_republisher_interfaces/srv/detail/republish_t_fs__type_support.hpp
[22.920s] -- Symlinking: /home/kimchaewon/capstone_ws/install/tf2_web_republisher_interfaces/include/tf2_web_republisher_interfaces/tf2_web_republisher_interfaces/srv/republish_t_fs.hpp
[22.947s] -- Symlinking: /home/kimchaewon/capstone_ws/install/tf2_web_republisher_interfaces/include/tf2_web_republisher_interfaces/tf2_web_republisher_interfaces/action/detail/tf_subscription__rosidl_typesupport_fastrtps_cpp.hpp
[22.967s] -- Symlinking: /home/kimchaewon/capstone_ws/install/tf2_web_republisher_interfaces/include/tf2_web_republisher_interfaces/tf2_web_republisher_interfaces/msg/detail/tf_array__rosidl_typesupport_fastrtps_cpp.hpp
[22.987s] -- Symlinking: /home/kimchaewon/capstone_ws/install/tf2_web_republisher_interfaces/include/tf2_web_republisher_interfaces/tf2_web_republisher_interfaces/msg/rosidl_typesupport_fastrtps_cpp__visibility_control.h
[23.015s] -- Symlinking: /home/kimchaewon/capstone_ws/install/tf2_web_republisher_interfaces/include/tf2_web_republisher_interfaces/tf2_web_republisher_interfaces/srv/detail/republish_t_fs__rosidl_typesupport_fastrtps_cpp.hpp
[23.044s] -- Symlinking: /home/kimchaewon/capstone_ws/install/tf2_web_republisher_interfaces/include/tf2_web_republisher_interfaces/tf2_web_republisher_interfaces/action/detail/tf_subscription__rosidl_typesupport_introspection_c.h
[23.070s] -- Symlinking: /home/kimchaewon/capstone_ws/install/tf2_web_republisher_interfaces/include/tf2_web_republisher_interfaces/tf2_web_republisher_interfaces/msg/detail/tf_array__rosidl_typesupport_introspection_c.h
[23.090s] -- Symlinking: /home/kimchaewon/capstone_ws/install/tf2_web_republisher_interfaces/include/tf2_web_republisher_interfaces/tf2_web_republisher_interfaces/msg/rosidl_typesupport_introspection_c__visibility_control.h
[23.118s] -- Symlinking: /home/kimchaewon/capstone_ws/install/tf2_web_republisher_interfaces/include/tf2_web_republisher_interfaces/tf2_web_republisher_interfaces/srv/detail/republish_t_fs__rosidl_typesupport_introspection_c.h
[23.148s] -- Symlinking: /home/kimchaewon/capstone_ws/install/tf2_web_republisher_interfaces/include/tf2_web_republisher_interfaces/tf2_web_republisher_interfaces/action/detail/tf_subscription__rosidl_typesupport_introspection_cpp.hpp
[23.175s] -- Symlinking: /home/kimchaewon/capstone_ws/install/tf2_web_republisher_interfaces/include/tf2_web_republisher_interfaces/tf2_web_republisher_interfaces/msg/detail/tf_array__rosidl_typesupport_introspection_cpp.hpp
[23.203s] -- Symlinking: /home/kimchaewon/capstone_ws/install/tf2_web_republisher_interfaces/include/tf2_web_republisher_interfaces/tf2_web_republisher_interfaces/srv/detail/republish_t_fs__rosidl_typesupport_introspection_cpp.hpp
[23.233s] -- Symlinking: /home/kimchaewon/capstone_ws/install/tf2_web_republisher_interfaces/share/tf2_web_republisher_interfaces/environment/pythonpath.sh
[23.258s] -- Symlinking: /home/kimchaewon/capstone_ws/install/tf2_web_republisher_interfaces/share/tf2_web_republisher_interfaces/environment/pythonpath.dsv
[23.281s] -- Symlinking: /home/kimchaewon/capstone_ws/install/tf2_web_republisher_interfaces/local/lib/python3.10/dist-packages/tf2_web_republisher_interfaces-1.0.0-py3.10.egg-info/PKG-INFO
[23.301s] -- Symlinking: /home/kimchaewon/capstone_ws/install/tf2_web_republisher_interfaces/local/lib/python3.10/dist-packages/tf2_web_republisher_interfaces-1.0.0-py3.10.egg-info/SOURCES.txt
[23.322s] -- Symlinking: /home/kimchaewon/capstone_ws/install/tf2_web_republisher_interfaces/local/lib/python3.10/dist-packages/tf2_web_republisher_interfaces-1.0.0-py3.10.egg-info/dependency_links.txt
[23.349s] -- Symlinking: /home/kimchaewon/capstone_ws/install/tf2_web_republisher_interfaces/local/lib/python3.10/dist-packages/tf2_web_republisher_interfaces-1.0.0-py3.10.egg-info/top_level.txt
[23.370s] -- Symlinking: /home/kimchaewon/capstone_ws/install/tf2_web_republisher_interfaces/local/lib/python3.10/dist-packages/tf2_web_republisher_interfaces/__init__.py
[23.395s] -- Symlinking: /home/kimchaewon/capstone_ws/install/tf2_web_republisher_interfaces/local/lib/python3.10/dist-packages/tf2_web_republisher_interfaces/_tf2_web_republisher_interfaces_s.ep.rosidl_typesupport_c.c
[23.417s] -- Symlinking: /home/kimchaewon/capstone_ws/install/tf2_web_republisher_interfaces/local/lib/python3.10/dist-packages/tf2_web_republisher_interfaces/_tf2_web_republisher_interfaces_s.ep.rosidl_typesupport_fastrtps_c.c
[23.446s] -- Symlinking: /home/kimchaewon/capstone_ws/install/tf2_web_republisher_interfaces/local/lib/python3.10/dist-packages/tf2_web_republisher_interfaces/_tf2_web_republisher_interfaces_s.ep.rosidl_typesupport_introspection_c.c
[23.468s] -- Symlinking: /home/kimchaewon/capstone_ws/install/tf2_web_republisher_interfaces/local/lib/python3.10/dist-packages/tf2_web_republisher_interfaces/action/__init__.py
[23.497s] -- Symlinking: /home/kimchaewon/capstone_ws/install/tf2_web_republisher_interfaces/local/lib/python3.10/dist-packages/tf2_web_republisher_interfaces/action/_tf_subscription.py
[23.524s] -- Symlinking: /home/kimchaewon/capstone_ws/install/tf2_web_republisher_interfaces/local/lib/python3.10/dist-packages/tf2_web_republisher_interfaces/action/_tf_subscription_s.c
[23.545s] -- Symlinking: /home/kimchaewon/capstone_ws/install/tf2_web_republisher_interfaces/local/lib/python3.10/dist-packages/tf2_web_republisher_interfaces/libtf2_web_republisher_interfaces__rosidl_generator_py.so
[23.566s] -- Symlinking: /home/kimchaewon/capstone_ws/install/tf2_web_republisher_interfaces/local/lib/python3.10/dist-packages/tf2_web_republisher_interfaces/msg/__init__.py
[23.586s] -- Symlinking: /home/kimchaewon/capstone_ws/install/tf2_web_republisher_interfaces/local/lib/python3.10/dist-packages/tf2_web_republisher_interfaces/msg/_tf_array.py
[23.608s] -- Symlinking: /home/kimchaewon/capstone_ws/install/tf2_web_republisher_interfaces/local/lib/python3.10/dist-packages/tf2_web_republisher_interfaces/msg/_tf_array_s.c
[23.629s] -- Symlinking: /home/kimchaewon/capstone_ws/install/tf2_web_republisher_interfaces/local/lib/python3.10/dist-packages/tf2_web_republisher_interfaces/srv/__init__.py
[23.655s] -- Symlinking: /home/kimchaewon/capstone_ws/install/tf2_web_republisher_interfaces/local/lib/python3.10/dist-packages/tf2_web_republisher_interfaces/srv/_republish_t_fs.py
[23.675s] -- Symlinking: /home/kimchaewon/capstone_ws/install/tf2_web_republisher_interfaces/local/lib/python3.10/dist-packages/tf2_web_republisher_interfaces/srv/_republish_t_fs_s.c
[23.694s] -- Symlinking: /home/kimchaewon/capstone_ws/install/tf2_web_republisher_interfaces/local/lib/python3.10/dist-packages/tf2_web_republisher_interfaces/tf2_web_republisher_interfaces_s__rosidl_typesupport_c.cpython-310-x86_64-linux-gnu.so
[23.718s] -- Symlinking: /home/kimchaewon/capstone_ws/install/tf2_web_republisher_interfaces/local/lib/python3.10/dist-packages/tf2_web_republisher_interfaces/tf2_web_republisher_interfaces_s__rosidl_typesupport_fastrtps_c.cpython-310-x86_64-linux-gnu.so
[23.739s] -- Symlinking: /home/kimchaewon/capstone_ws/install/tf2_web_republisher_interfaces/local/lib/python3.10/dist-packages/tf2_web_republisher_interfaces/tf2_web_republisher_interfaces_s__rosidl_typesupport_introspection_c.cpython-310-x86_64-linux-gnu.so
[23.766s] -- Up-to-date symlink: /home/kimchaewon/capstone_ws/install/tf2_web_republisher_interfaces/local/lib/python3.10/dist-packages/tf2_web_republisher_interfaces/tf2_web_republisher_interfaces_s__rosidl_typesupport_fastrtps_c.cpython-310-x86_64-linux-gnu.so
[23.766s] -- Up-to-date symlink: /home/kimchaewon/capstone_ws/install/tf2_web_republisher_interfaces/local/lib/python3.10/dist-packages/tf2_web_republisher_interfaces/tf2_web_republisher_interfaces_s__rosidl_typesupport_introspection_c.cpython-310-x86_64-linux-gnu.so
[23.766s] -- Up-to-date symlink: /home/kimchaewon/capstone_ws/install/tf2_web_republisher_interfaces/local/lib/python3.10/dist-packages/tf2_web_republisher_interfaces/tf2_web_republisher_interfaces_s__rosidl_typesupport_c.cpython-310-x86_64-linux-gnu.so
[23.767s] -- Symlinking: /home/kimchaewon/capstone_ws/install/tf2_web_republisher_interfaces/share/tf2_web_republisher_interfaces/msg/TFArray.idl
[23.787s] -- Symlinking: /home/kimchaewon/capstone_ws/install/tf2_web_republisher_interfaces/share/tf2_web_republisher_interfaces/srv/RepublishTFs.idl
[23.815s] -- Symlinking: /home/kimchaewon/capstone_ws/install/tf2_web_republisher_interfaces/share/tf2_web_republisher_interfaces/action/TFSubscription.idl
[23.842s] -- Symlinking: /home/kimchaewon/capstone_ws/install/tf2_web_republisher_interfaces/share/tf2_web_republisher_interfaces/msg/TFArray.msg
[23.869s] -- Symlinking: /home/kimchaewon/capstone_ws/install/tf2_web_republisher_interfaces/share/tf2_web_republisher_interfaces/srv/RepublishTFs.srv
[23.898s] -- Symlinking: /home/kimchaewon/capstone_ws/install/tf2_web_republisher_interfaces/share/tf2_web_republisher_interfaces/srv/RepublishTFs_Request.msg
[23.927s] -- Symlinking: /home/kimchaewon/capstone_ws/install/tf2_web_republisher_interfaces/share/tf2_web_republisher_interfaces/srv/RepublishTFs_Response.msg
[23.950s] -- Symlinking: /home/kimchaewon/capstone_ws/install/tf2_web_republisher_interfaces/share/tf2_web_republisher_interfaces/action/TFSubscription.action
[23.971s] -- Symlinking: /home/kimchaewon/capstone_ws/install/tf2_web_republisher_interfaces/share/ament_index/resource_index/package_run_dependencies/tf2_web_republisher_interfaces
[23.998s] -- Symlinking: /home/kimchaewon/capstone_ws/install/tf2_web_republisher_interfaces/share/ament_index/resource_index/parent_prefix_path/tf2_web_republisher_interfaces
[24.027s] -- Symlinking: /home/kimchaewon/capstone_ws/install/tf2_web_republisher_interfaces/share/tf2_web_republisher_interfaces/environment/ament_prefix_path.sh
[24.053s] -- Symlinking: /home/kimchaewon/capstone_ws/install/tf2_web_republisher_interfaces/share/tf2_web_republisher_interfaces/environment/ament_prefix_path.dsv
[24.079s] -- Symlinking: /home/kimchaewon/capstone_ws/install/tf2_web_republisher_interfaces/share/tf2_web_republisher_interfaces/environment/path.sh
[24.109s] -- Symlinking: /home/kimchaewon/capstone_ws/install/tf2_web_republisher_interfaces/share/tf2_web_republisher_interfaces/environment/path.dsv
[24.140s] -- Symlinking: /home/kimchaewon/capstone_ws/install/tf2_web_republisher_interfaces/share/tf2_web_republisher_interfaces/local_setup.bash
[24.170s] -- Symlinking: /home/kimchaewon/capstone_ws/install/tf2_web_republisher_interfaces/share/tf2_web_republisher_interfaces/local_setup.sh
[24.200s] -- Symlinking: /home/kimchaewon/capstone_ws/install/tf2_web_republisher_interfaces/share/tf2_web_republisher_interfaces/local_setup.zsh
[24.231s] -- Symlinking: /home/kimchaewon/capstone_ws/install/tf2_web_republisher_interfaces/share/tf2_web_republisher_interfaces/local_setup.dsv
[24.260s] -- Symlinking: /home/kimchaewon/capstone_ws/install/tf2_web_republisher_interfaces/share/tf2_web_republisher_interfaces/package.dsv
[24.288s] -- Symlinking: /home/kimchaewon/capstone_ws/install/tf2_web_republisher_interfaces/share/ament_index/resource_index/packages/tf2_web_republisher_interfaces
[24.316s] -- Symlinking: /home/kimchaewon/capstone_ws/install/tf2_web_republisher_interfaces/share/tf2_web_republisher_interfaces/cmake/rosidl_cmake-extras.cmake
[24.344s] -- Symlinking: /home/kimchaewon/capstone_ws/install/tf2_web_republisher_interfaces/share/tf2_web_republisher_interfaces/cmake/ament_cmake_export_dependencies-extras.cmake
[24.370s] -- Symlinking: /home/kimchaewon/capstone_ws/install/tf2_web_republisher_interfaces/share/tf2_web_republisher_interfaces/cmake/ament_cmake_export_include_directories-extras.cmake
[24.396s] -- Symlinking: /home/kimchaewon/capstone_ws/install/tf2_web_republisher_interfaces/share/tf2_web_republisher_interfaces/cmake/ament_cmake_export_libraries-extras.cmake
[24.425s] -- Symlinking: /home/kimchaewon/capstone_ws/install/tf2_web_republisher_interfaces/share/tf2_web_republisher_interfaces/cmake/ament_cmake_export_targets-extras.cmake
[24.454s] -- Symlinking: /home/kimchaewon/capstone_ws/install/tf2_web_republisher_interfaces/share/tf2_web_republisher_interfaces/cmake/rosidl_cmake_export_typesupport_targets-extras.cmake
[24.483s] -- Symlinking: /home/kimchaewon/capstone_ws/install/tf2_web_republisher_interfaces/share/tf2_web_republisher_interfaces/cmake/rosidl_cmake_export_typesupport_libraries-extras.cmake
[24.512s] -- Symlinking: /home/kimchaewon/capstone_ws/install/tf2_web_republisher_interfaces/share/tf2_web_republisher_interfaces/cmake/tf2_web_republisher_interfacesConfig.cmake
[24.541s] -- Symlinking: /home/kimchaewon/capstone_ws/install/tf2_web_republisher_interfaces/share/tf2_web_republisher_interfaces/cmake/tf2_web_republisher_interfacesConfig-version.cmake
[24.568s] -- Symlinking: /home/kimchaewon/capstone_ws/install/tf2_web_republisher_interfaces/share/tf2_web_republisher_interfaces/package.xml
[24.594s] -- Installing: /home/kimchaewon/capstone_ws/install/tf2_web_republisher_interfaces/lib/libtf2_web_republisher_interfaces__rosidl_generator_c.so
[24.595s] -- Set runtime path of "/home/kimchaewon/capstone_ws/install/tf2_web_republisher_interfaces/lib/libtf2_web_republisher_interfaces__rosidl_generator_c.so" to ""
[24.596s] -- Installing: /home/kimchaewon/capstone_ws/install/tf2_web_republisher_interfaces/lib/libtf2_web_republisher_interfaces__rosidl_typesupport_fastrtps_c.so
[24.597s] -- Set runtime path of "/home/kimchaewon/capstone_ws/install/tf2_web_republisher_interfaces/lib/libtf2_web_republisher_interfaces__rosidl_typesupport_fastrtps_c.so" to ""
[24.597s] -- Installing: /home/kimchaewon/capstone_ws/install/tf2_web_republisher_interfaces/lib/libtf2_web_republisher_interfaces__rosidl_typesupport_fastrtps_cpp.so
[24.599s] -- Set runtime path of "/home/kimchaewon/capstone_ws/install/tf2_web_republisher_interfaces/lib/libtf2_web_republisher_interfaces__rosidl_typesupport_fastrtps_cpp.so" to ""
[24.599s] -- Installing: /home/kimchaewon/capstone_ws/install/tf2_web_republisher_interfaces/lib/libtf2_web_republisher_interfaces__rosidl_typesupport_introspection_c.so
[24.600s] -- Set runtime path of "/home/kimchaewon/capstone_ws/install/tf2_web_republisher_interfaces/lib/libtf2_web_republisher_interfaces__rosidl_typesupport_introspection_c.so" to ""
[24.601s] -- Installing: /home/kimchaewon/capstone_ws/install/tf2_web_republisher_interfaces/lib/libtf2_web_republisher_interfaces__rosidl_typesupport_c.so
[24.601s] -- Set runtime path of "/home/kimchaewon/capstone_ws/install/tf2_web_republisher_interfaces/lib/libtf2_web_republisher_interfaces__rosidl_typesupport_c.so" to ""
[24.602s] -- Installing: /home/kimchaewon/capstone_ws/install/tf2_web_republisher_interfaces/lib/libtf2_web_republisher_interfaces__rosidl_typesupport_introspection_cpp.so
[24.603s] -- Set runtime path of "/home/kimchaewon/capstone_ws/install/tf2_web_republisher_interfaces/lib/libtf2_web_republisher_interfaces__rosidl_typesupport_introspection_cpp.so" to ""
[24.604s] -- Installing: /home/kimchaewon/capstone_ws/install/tf2_web_republisher_interfaces/lib/libtf2_web_republisher_interfaces__rosidl_typesupport_cpp.so
[24.605s] -- Set runtime path of "/home/kimchaewon/capstone_ws/install/tf2_web_republisher_interfaces/lib/libtf2_web_republisher_interfaces__rosidl_typesupport_cpp.so" to ""
[24.722s] Listing '/home/kimchaewon/capstone_ws/install/tf2_web_republisher_interfaces/local/lib/python3.10/dist-packages/tf2_web_republisher_interfaces'...
[24.722s] Compiling '/home/kimchaewon/capstone_ws/install/tf2_web_republisher_interfaces/local/lib/python3.10/dist-packages/tf2_web_republisher_interfaces/__init__.py'...
[24.722s] Listing '/home/kimchaewon/capstone_ws/install/tf2_web_republisher_interfaces/local/lib/python3.10/dist-packages/tf2_web_republisher_interfaces/action'...
[24.722s] Compiling '/home/kimchaewon/capstone_ws/install/tf2_web_republisher_interfaces/local/lib/python3.10/dist-packages/tf2_web_republisher_interfaces/action/__init__.py'...
[24.723s] Compiling '/home/kimchaewon/capstone_ws/install/tf2_web_republisher_interfaces/local/lib/python3.10/dist-packages/tf2_web_republisher_interfaces/action/_tf_subscription.py'...
[24.723s] Listing '/home/kimchaewon/capstone_ws/install/tf2_web_republisher_interfaces/local/lib/python3.10/dist-packages/tf2_web_republisher_interfaces/msg'...
[24.723s] Compiling '/home/kimchaewon/capstone_ws/install/tf2_web_republisher_interfaces/local/lib/python3.10/dist-packages/tf2_web_republisher_interfaces/msg/__init__.py'...
[24.723s] Compiling '/home/kimchaewon/capstone_ws/install/tf2_web_republisher_interfaces/local/lib/python3.10/dist-packages/tf2_web_republisher_interfaces/msg/_tf_array.py'...
[24.723s] Listing '/home/kimchaewon/capstone_ws/install/tf2_web_republisher_interfaces/local/lib/python3.10/dist-packages/tf2_web_republisher_interfaces/srv'...
[24.724s] Compiling '/home/kimchaewon/capstone_ws/install/tf2_web_republisher_interfaces/local/lib/python3.10/dist-packages/tf2_web_republisher_interfaces/srv/__init__.py'...
[24.724s] Compiling '/home/kimchaewon/capstone_ws/install/tf2_web_republisher_interfaces/local/lib/python3.10/dist-packages/tf2_web_republisher_interfaces/srv/_republish_t_fs.py'...
[24.735s] -- Installing: /home/kimchaewon/capstone_ws/install/tf2_web_republisher_interfaces/lib/libtf2_web_republisher_interfaces__rosidl_generator_py.so
[24.737s] -- Set runtime path of "/home/kimchaewon/capstone_ws/install/tf2_web_republisher_interfaces/lib/libtf2_web_republisher_interfaces__rosidl_generator_py.so" to ""
[24.737s] -- Installing: /home/kimchaewon/capstone_ws/install/tf2_web_republisher_interfaces/share/tf2_web_republisher_interfaces/cmake/export_tf2_web_republisher_interfaces__rosidl_generator_cExport.cmake
[24.737s] -- Installing: /home/kimchaewon/capstone_ws/install/tf2_web_republisher_interfaces/share/tf2_web_republisher_interfaces/cmake/export_tf2_web_republisher_interfaces__rosidl_generator_cExport-noconfig.cmake
[24.738s] -- Installing: /home/kimchaewon/capstone_ws/install/tf2_web_republisher_interfaces/share/tf2_web_republisher_interfaces/cmake/export_tf2_web_republisher_interfaces__rosidl_typesupport_fastrtps_cExport.cmake
[24.738s] -- Installing: /home/kimchaewon/capstone_ws/install/tf2_web_republisher_interfaces/share/tf2_web_republisher_interfaces/cmake/export_tf2_web_republisher_interfaces__rosidl_typesupport_fastrtps_cExport-noconfig.cmake
[24.739s] -- Installing: /home/kimchaewon/capstone_ws/install/tf2_web_republisher_interfaces/share/tf2_web_republisher_interfaces/cmake/export_tf2_web_republisher_interfaces__rosidl_generator_cppExport.cmake
[24.739s] -- Installing: /home/kimchaewon/capstone_ws/install/tf2_web_republisher_interfaces/share/tf2_web_republisher_interfaces/cmake/export_tf2_web_republisher_interfaces__rosidl_typesupport_fastrtps_cppExport.cmake
[24.739s] -- Installing: /home/kimchaewon/capstone_ws/install/tf2_web_republisher_interfaces/share/tf2_web_republisher_interfaces/cmake/export_tf2_web_republisher_interfaces__rosidl_typesupport_fastrtps_cppExport-noconfig.cmake
[24.740s] -- Installing: /home/kimchaewon/capstone_ws/install/tf2_web_republisher_interfaces/share/tf2_web_republisher_interfaces/cmake/tf2_web_republisher_interfaces__rosidl_typesupport_introspection_cExport.cmake
[24.740s] -- Installing: /home/kimchaewon/capstone_ws/install/tf2_web_republisher_interfaces/share/tf2_web_republisher_interfaces/cmake/tf2_web_republisher_interfaces__rosidl_typesupport_introspection_cExport-noconfig.cmake
[24.741s] -- Installing: /home/kimchaewon/capstone_ws/install/tf2_web_republisher_interfaces/share/tf2_web_republisher_interfaces/cmake/tf2_web_republisher_interfaces__rosidl_typesupport_cExport.cmake
[24.741s] -- Installing: /home/kimchaewon/capstone_ws/install/tf2_web_republisher_interfaces/share/tf2_web_republisher_interfaces/cmake/tf2_web_republisher_interfaces__rosidl_typesupport_cExport-noconfig.cmake
[24.742s] -- Installing: /home/kimchaewon/capstone_ws/install/tf2_web_republisher_interfaces/share/tf2_web_republisher_interfaces/cmake/tf2_web_republisher_interfaces__rosidl_typesupport_introspection_cppExport.cmake
[24.743s] -- Installing: /home/kimchaewon/capstone_ws/install/tf2_web_republisher_interfaces/share/tf2_web_republisher_interfaces/cmake/tf2_web_republisher_interfaces__rosidl_typesupport_introspection_cppExport-noconfig.cmake
[24.743s] -- Installing: /home/kimchaewon/capstone_ws/install/tf2_web_republisher_interfaces/share/tf2_web_republisher_interfaces/cmake/tf2_web_republisher_interfaces__rosidl_typesupport_cppExport.cmake
[24.743s] -- Installing: /home/kimchaewon/capstone_ws/install/tf2_web_republisher_interfaces/share/tf2_web_republisher_interfaces/cmake/tf2_web_republisher_interfaces__rosidl_typesupport_cppExport-noconfig.cmake
[24.744s] -- Installing: /home/kimchaewon/capstone_ws/install/tf2_web_republisher_interfaces/share/tf2_web_republisher_interfaces/cmake/export_tf2_web_republisher_interfaces__rosidl_generator_pyExport.cmake
[24.744s] -- Installing: /home/kimchaewon/capstone_ws/install/tf2_web_republisher_interfaces/share/tf2_web_republisher_interfaces/cmake/export_tf2_web_republisher_interfaces__rosidl_generator_pyExport-noconfig.cmake
[24.752s] Invoked command in '/home/kimchaewon/capstone_ws/build/tf2_web_republisher_interfaces' returned '0': CMAKE_PREFIX_PATH=${CMAKE_PREFIX_PATH}:/home/kimchaewon/capstone_ws/install/turtlebot3_teleop:/home/kimchaewon/capstone_ws/install/turtlebot3_example:/opt/ros/humble /usr/bin/cmake --install /home/kimchaewon/capstone_ws/build/tf2_web_republisher_interfaces
