[0.053s] Invoking command in '/home/kimchaewon/capstone_ws/build/turtlebot3_cartographer': CMAKE_PREFIX_PATH=${CMAKE_PREFIX_PATH}:/home/kimchaewon/capstone_ws/install/turtlebot3_teleop:/home/kimchaewon/capstone_ws/install/turtlebot3_example:/opt/ros/humble /usr/bin/cmake /home/kimchaewon/capstone_ws/src/turtlebot3/turtlebot3_cartographer -DAMENT_CMAKE_SYMLINK_INSTALL=1 -DCMAKE_INSTALL_PREFIX=/home/kimchaewon/capstone_ws/install/turtlebot3_cartographer
[0.200s] -- The C compiler identification is GNU 11.4.0
[0.367s] -- The CXX compiler identification is GNU 11.4.0
[0.387s] -- Detecting C compiler ABI info
[0.610s] -- Detecting C compiler ABI info - done
[0.634s] -- Check for working C compiler: /usr/bin/cc - skipped
[0.634s] -- Detecting C compile features
[0.635s] -- Detecting C compile features - done
[0.646s] -- Detecting CXX compiler ABI info
[0.922s] -- Detecting CXX compiler ABI info - done
[0.948s] -- Check for working CXX compiler: /usr/bin/c++ - skipped
[0.948s] -- Detecting CXX compile features
[0.950s] -- Detecting CXX compile features - done
[0.957s] -- Found ament_cmake: 1.3.12 (/opt/ros/humble/share/ament_cmake/cmake)
[1.384s] -- Found Python3: /usr/bin/python3 (found version "3.10.12") found components: Interpreter 
[1.567s] -- Override CMake install command with custom implementation using symlinks instead of copying resources
[1.804s] -- Configuring done
[1.810s] -- Generating done
[1.813s] -- Build files have been written to: /home/kimchaewon/capstone_ws/build/turtlebot3_cartographer
[1.824s] Invoked command in '/home/kimchaewon/capstone_ws/build/turtlebot3_cartographer' returned '0': CMAKE_PREFIX_PATH=${CMAKE_PREFIX_PATH}:/home/kimchaewon/capstone_ws/install/turtlebot3_teleop:/home/kimchaewon/capstone_ws/install/turtlebot3_example:/opt/ros/humble /usr/bin/cmake /home/kimchaewon/capstone_ws/src/turtlebot3/turtlebot3_cartographer -DAMENT_CMAKE_SYMLINK_INSTALL=1 -DCMAKE_INSTALL_PREFIX=/home/kimchaewon/capstone_ws/install/turtlebot3_cartographer
[1.833s] Invoking command in '/home/kimchaewon/capstone_ws/build/turtlebot3_cartographer': CMAKE_PREFIX_PATH=${CMAKE_PREFIX_PATH}:/home/kimchaewon/capstone_ws/install/turtlebot3_teleop:/home/kimchaewon/capstone_ws/install/turtlebot3_example:/opt/ros/humble /usr/bin/cmake --build /home/kimchaewon/capstone_ws/build/turtlebot3_cartographer -- -j16 -l16
[1.935s] Invoked command in '/home/kimchaewon/capstone_ws/build/turtlebot3_cartographer' returned '0': CMAKE_PREFIX_PATH=${CMAKE_PREFIX_PATH}:/home/kimchaewon/capstone_ws/install/turtlebot3_teleop:/home/kimchaewon/capstone_ws/install/turtlebot3_example:/opt/ros/humble /usr/bin/cmake --build /home/kimchaewon/capstone_ws/build/turtlebot3_cartographer -- -j16 -l16
[1.969s] Invoking command in '/home/kimchaewon/capstone_ws/build/turtlebot3_cartographer': CMAKE_PREFIX_PATH=${CMAKE_PREFIX_PATH}:/home/kimchaewon/capstone_ws/install/turtlebot3_teleop:/home/kimchaewon/capstone_ws/install/turtlebot3_example:/opt/ros/humble /usr/bin/cmake --install /home/kimchaewon/capstone_ws/build/turtlebot3_cartographer
[1.991s] -- Install configuration: ""
[1.992s] -- Execute custom install script
[2.000s] -- Symlinking: /home/kimchaewon/capstone_ws/install/turtlebot3_cartographer/share/turtlebot3_cartographer/config/turtlebot3_lds_2d.lua
[2.024s] -- Symlinking: /home/kimchaewon/capstone_ws/install/turtlebot3_cartographer/share/turtlebot3_cartographer/launch/cartographer.launch.py
[2.046s] -- Symlinking: /home/kimchaewon/capstone_ws/install/turtlebot3_cartographer/share/turtlebot3_cartographer/launch/occupancy_grid.launch.py
[2.078s] -- Symlinking: /home/kimchaewon/capstone_ws/install/turtlebot3_cartographer/share/turtlebot3_cartographer/rviz/tb3_cartographer.rviz
[2.106s] -- Symlinking: /home/kimchaewon/capstone_ws/install/turtlebot3_cartographer/share/ament_index/resource_index/package_run_dependencies/turtlebot3_cartographer
[2.142s] -- Symlinking: /home/kimchaewon/capstone_ws/install/turtlebot3_cartographer/share/ament_index/resource_index/parent_prefix_path/turtlebot3_cartographer
[2.165s] -- Symlinking: /home/kimchaewon/capstone_ws/install/turtlebot3_cartographer/share/turtlebot3_cartographer/environment/ament_prefix_path.sh
[2.200s] -- Symlinking: /home/kimchaewon/capstone_ws/install/turtlebot3_cartographer/share/turtlebot3_cartographer/environment/ament_prefix_path.dsv
[2.227s] -- Symlinking: /home/kimchaewon/capstone_ws/install/turtlebot3_cartographer/share/turtlebot3_cartographer/environment/path.sh
[2.261s] -- Symlinking: /home/kimchaewon/capstone_ws/install/turtlebot3_cartographer/share/turtlebot3_cartographer/environment/path.dsv
[2.297s] -- Symlinking: /home/kimchaewon/capstone_ws/install/turtlebot3_cartographer/share/turtlebot3_cartographer/local_setup.bash
[2.341s] -- Symlinking: /home/kimchaewon/capstone_ws/install/turtlebot3_cartographer/share/turtlebot3_cartographer/local_setup.sh
[2.408s] -- Symlinking: /home/kimchaewon/capstone_ws/install/turtlebot3_cartographer/share/turtlebot3_cartographer/local_setup.zsh
[2.462s] -- Symlinking: /home/kimchaewon/capstone_ws/install/turtlebot3_cartographer/share/turtlebot3_cartographer/local_setup.dsv
[2.500s] -- Symlinking: /home/kimchaewon/capstone_ws/install/turtlebot3_cartographer/share/turtlebot3_cartographer/package.dsv
[2.561s] -- Symlinking: /home/kimchaewon/capstone_ws/install/turtlebot3_cartographer/share/ament_index/resource_index/packages/turtlebot3_cartographer
[2.594s] -- Symlinking: /home/kimchaewon/capstone_ws/install/turtlebot3_cartographer/share/turtlebot3_cartographer/cmake/turtlebot3_cartographerConfig.cmake
[2.644s] -- Symlinking: /home/kimchaewon/capstone_ws/install/turtlebot3_cartographer/share/turtlebot3_cartographer/cmake/turtlebot3_cartographerConfig-version.cmake
[2.676s] -- Symlinking: /home/kimchaewon/capstone_ws/install/turtlebot3_cartographer/share/turtlebot3_cartographer/package.xml
[2.718s] Invoked command in '/home/kimchaewon/capstone_ws/build/turtlebot3_cartographer' returned '0': CMAKE_PREFIX_PATH=${CMAKE_PREFIX_PATH}:/home/kimchaewon/capstone_ws/install/turtlebot3_teleop:/home/kimchaewon/capstone_ws/install/turtlebot3_example:/opt/ros/humble /usr/bin/cmake --install /home/kimchaewon/capstone_ws/build/turtlebot3_cartographer
