[3.001s] Invoking command in '/home/kimchaewon/capstone_ws/build/turtlebot3_example': CMAKE_PREFIX_PATH=/home/kimchaewon/capstone_ws/install/turtlebot3_msgs:/home/kimchaewon/capstone_ws/install/turtlebot3:/home/kimchaewon/capstone_ws/install/turtlebot3_simulations:/home/kimchaewon/capstone_ws/install/turtlebot3_bringup:/home/kimchaewon/capstone_ws/install/turtlebot3_node:/home/kimchaewon/capstone_ws/install/turtlebot3_navigation2:/home/kimchaewon/capstone_ws/install/turtlebot3_fake_node:/home/kimchaewon/capstone_ws/install/turtlebot3_manipulation_gazebo:/home/kimchaewon/capstone_ws/install/turtlebot3_gazebo:/home/kimchaewon/capstone_ws/install/turtlebot3_description:/home/kimchaewon/capstone_ws/install/turtlebot3_cartographer:/home/kimchaewon/capstone_ws/install/tf2_web_republisher:/home/kimchaewon/capstone_ws/install/tf2_web_republisher_interfaces:/home/kimchaewon/capstone_ws/install/dynamixel_sdk_examples:/home/kimchaewon/capstone_ws/install/dynamixel_sdk_custom_interfaces:/home/kimchaewon/capstone_ws/install/dynamixel_sdk LD_LIBRARY_PATH=/home/kimchaewon/capstone_ws/install/turtlebot3_msgs/lib:/home/kimchaewon/capstone_ws/install/tf2_web_republisher/lib:/home/kimchaewon/capstone_ws/install/tf2_web_republisher_interfaces/lib:/home/kimchaewon/capstone_ws/install/dynamixel_sdk_custom_interfaces/lib:/home/kimchaewon/capstone_ws/install/dynamixel_sdk/lib:/opt/ros/humble/opt/rviz_ogre_vendor/lib:/opt/ros/humble/lib/x86_64-linux-gnu:/opt/ros/humble/lib:/usr/lib/x86_64-linux-gnu/gazebo-11/plugins PYTHONPATH=/home/kimchaewon/capstone_ws/build/turtlebot3_example/prefix_override:/usr/lib/python3/dist-packages/colcon_core/task/python/colcon_distutils_commands:/home/kimchaewon/capstone_ws/install/turtlebot3_example/lib/python3.10/site-packages:${PYTHONPATH} /usr/bin/python3 -W ignore:setup.py install is deprecated -W ignore:easy_install command is deprecated setup.py develop --editable --build-directory /home/kimchaewon/capstone_ws/build/turtlebot3_example/build --no-deps symlink_data
[4.309s] running develop
[5.123s] running egg_info
[5.123s] creating turtlebot3_example.egg-info
[5.123s] writing turtlebot3_example.egg-info/PKG-INFO
[5.123s] writing dependency_links to turtlebot3_example.egg-info/dependency_links.txt
[5.124s] writing entry points to turtlebot3_example.egg-info/entry_points.txt
[5.124s] writing requirements to turtlebot3_example.egg-info/requires.txt
[5.124s] writing top-level names to turtlebot3_example.egg-info/top_level.txt
[5.124s] writing manifest file 'turtlebot3_example.egg-info/SOURCES.txt'
[5.130s] reading manifest file 'turtlebot3_example.egg-info/SOURCES.txt'
[5.130s] writing manifest file 'turtlebot3_example.egg-info/SOURCES.txt'
[5.134s] running build_ext
[5.137s] Creating /home/kimchaewon/capstone_ws/install/turtlebot3_example/lib/python3.10/site-packages/turtlebot3-example.egg-link (link to .)
[5.142s] Installing turtlebot3_absolute_move script to /home/kimchaewon/capstone_ws/install/turtlebot3_example/lib/turtlebot3_example
[5.146s] Installing turtlebot3_interactive_marker script to /home/kimchaewon/capstone_ws/install/turtlebot3_example/lib/turtlebot3_example
[5.149s] Installing turtlebot3_obstacle_detection script to /home/kimchaewon/capstone_ws/install/turtlebot3_example/lib/turtlebot3_example
[5.150s] Installing turtlebot3_patrol_client script to /home/kimchaewon/capstone_ws/install/turtlebot3_example/lib/turtlebot3_example
[5.152s] Installing turtlebot3_patrol_server script to /home/kimchaewon/capstone_ws/install/turtlebot3_example/lib/turtlebot3_example
[5.154s] Installing turtlebot3_relative_move script to /home/kimchaewon/capstone_ws/install/turtlebot3_example/lib/turtlebot3_example
[5.156s] 
[5.157s] Installed /home/kimchaewon/capstone_ws/build/turtlebot3_example
[5.157s] running symlink_data
[5.160s] creating /home/kimchaewon/capstone_ws/install/turtlebot3_example/share/ament_index
[5.160s] creating /home/kimchaewon/capstone_ws/install/turtlebot3_example/share/ament_index/resource_index
[5.160s] creating /home/kimchaewon/capstone_ws/install/turtlebot3_example/share/ament_index/resource_index/packages
[5.161s] symbolically linking /home/kimchaewon/capstone_ws/build/turtlebot3_example/resource/turtlebot3_example -> /home/kimchaewon/capstone_ws/install/turtlebot3_example/share/ament_index/resource_index/packages
[5.161s] symbolically linking /home/kimchaewon/capstone_ws/build/turtlebot3_example/package.xml -> /home/kimchaewon/capstone_ws/install/turtlebot3_example/share/turtlebot3_example
[5.312s] Invoked command in '/home/kimchaewon/capstone_ws/build/turtlebot3_example' returned '0': CMAKE_PREFIX_PATH=/home/kimchaewon/capstone_ws/install/turtlebot3_msgs:/home/kimchaewon/capstone_ws/install/turtlebot3:/home/kimchaewon/capstone_ws/install/turtlebot3_simulations:/home/kimchaewon/capstone_ws/install/turtlebot3_bringup:/home/kimchaewon/capstone_ws/install/turtlebot3_node:/home/kimchaewon/capstone_ws/install/turtlebot3_navigation2:/home/kimchaewon/capstone_ws/install/turtlebot3_fake_node:/home/kimchaewon/capstone_ws/install/turtlebot3_manipulation_gazebo:/home/kimchaewon/capstone_ws/install/turtlebot3_gazebo:/home/kimchaewon/capstone_ws/install/turtlebot3_description:/home/kimchaewon/capstone_ws/install/turtlebot3_cartographer:/home/kimchaewon/capstone_ws/install/tf2_web_republisher:/home/kimchaewon/capstone_ws/install/tf2_web_republisher_interfaces:/home/kimchaewon/capstone_ws/install/dynamixel_sdk_examples:/home/kimchaewon/capstone_ws/install/dynamixel_sdk_custom_interfaces:/home/kimchaewon/capstone_ws/install/dynamixel_sdk LD_LIBRARY_PATH=/home/kimchaewon/capstone_ws/install/turtlebot3_msgs/lib:/home/kimchaewon/capstone_ws/install/tf2_web_republisher/lib:/home/kimchaewon/capstone_ws/install/tf2_web_republisher_interfaces/lib:/home/kimchaewon/capstone_ws/install/dynamixel_sdk_custom_interfaces/lib:/home/kimchaewon/capstone_ws/install/dynamixel_sdk/lib:/opt/ros/humble/opt/rviz_ogre_vendor/lib:/opt/ros/humble/lib/x86_64-linux-gnu:/opt/ros/humble/lib:/usr/lib/x86_64-linux-gnu/gazebo-11/plugins PYTHONPATH=/home/kimchaewon/capstone_ws/build/turtlebot3_example/prefix_override:/usr/lib/python3/dist-packages/colcon_core/task/python/colcon_distutils_commands:/home/kimchaewon/capstone_ws/install/turtlebot3_example/lib/python3.10/site-packages:${PYTHONPATH} /usr/bin/python3 -W ignore:setup.py install is deprecated -W ignore:easy_install command is deprecated setup.py develop --editable --build-directory /home/kimchaewon/capstone_ws/build/turtlebot3_example/build --no-deps symlink_data
