[0.050s] Invoking command in '/home/kimchaewon/capstone_ws/build/dynamixel_sdk_examples': CMAKE_PREFIX_PATH=/home/kimchaewon/capstone_ws/install/dynamixel_sdk_custom_interfaces:/home/kimchaewon/capstone_ws/install/dynamixel_sdk:/home/kimchaewon/capstone_ws/install/turtlebot3:/home/kimchaewon/capstone_ws/install/turtlebot3_simulations:/home/kimchaewon/capstone_ws/install/turtlebot3_bringup:/home/kimchaewon/capstone_ws/install/turtlebot3_node:/home/kimchaewon/capstone_ws/install/turtlebot3_navigation2:/home/kimchaewon/capstone_ws/install/turtlebot3_fake_node:/home/kimchaewon/capstone_ws/install/turtlebot3_msgs:/home/kimchaewon/capstone_ws/install/turtlebot3_manipulation_gazebo:/home/kimchaewon/capstone_ws/install/turtlebot3_gazebo:/home/kimchaewon/capstone_ws/install/turtlebot3_description:/home/kimchaewon/capstone_ws/install/turtlebot3_cartographer:/home/kimchaewon/capstone_ws/install/tf2_web_republisher:/home/kimchaewon/capstone_ws/install/tf2_web_republisher_interfaces:/home/kimchaewon/capstone_ws/install/dynamixel_sdk_examples:/home/kimchaewon/capstone_ws/install/turtlebot3_teleop:/home/kimchaewon/capstone_ws/install/turtlebot3_example:/opt/ros/humble LD_LIBRARY_PATH=/home/kimchaewon/capstone_ws/install/dynamixel_sdk_custom_interfaces/lib:/home/kimchaewon/capstone_ws/install/dynamixel_sdk/lib:/home/kimchaewon/capstone_ws/install/turtlebot3_msgs/lib:/home/kimchaewon/capstone_ws/install/tf2_web_republisher/lib:/home/kimchaewon/capstone_ws/install/tf2_web_republisher_interfaces/lib:/opt/ros/humble/opt/rviz_ogre_vendor/lib:/opt/ros/humble/lib/x86_64-linux-gnu:/opt/ros/humble/lib:/usr/lib/x86_64-linux-gnu/gazebo-11/plugins /usr/bin/cmake /home/kimchaewon/capstone_ws/src/DynamixelSDK/ros/dynamixel_sdk_examples -DAMENT_CMAKE_SYMLINK_INSTALL=1 -DCMAKE_INSTALL_PREFIX=/home/kimchaewon/capstone_ws/install/dynamixel_sdk_examples
[0.269s] -- The C compiler identification is GNU 11.4.0
[0.473s] -- The CXX compiler identification is GNU 11.4.0
[0.499s] -- Detecting C compiler ABI info
[0.689s] -- Detecting C compiler ABI info - done
[0.717s] -- Check for working C compiler: /usr/bin/cc - skipped
[0.718s] -- Detecting C compile features
[0.719s] -- Detecting C compile features - done
[0.727s] -- Detecting CXX compiler ABI info
[0.958s] -- Detecting CXX compiler ABI info - done
[0.979s] -- Check for working CXX compiler: /usr/bin/c++ - skipped
[0.979s] -- Detecting CXX compile features
[0.981s] -- Detecting CXX compile features - done
[0.988s] -- Found ament_cmake: 1.3.12 (/opt/ros/humble/share/ament_cmake/cmake)
[1.498s] -- Found Python3: /usr/bin/python3 (found version "3.10.12") found components: Interpreter 
[1.698s] -- Override CMake install command with custom implementation using symlinks instead of copying resources
[1.778s] -- Found dynamixel_sdk: 3.8.4 (/home/kimchaewon/capstone_ws/install/dynamixel_sdk/share/dynamixel_sdk/cmake)
[1.783s] -- Found dynamixel_sdk_custom_interfaces: 3.8.4 (/home/kimchaewon/capstone_ws/install/dynamixel_sdk_custom_interfaces/share/dynamixel_sdk_custom_interfaces/cmake)
[1.918s] -- Found rosidl_generator_c: 3.1.7 (/opt/ros/humble/share/rosidl_generator_c/cmake)
[1.941s] -- Found rosidl_adapter: 3.1.7 (/opt/ros/humble/share/rosidl_adapter/cmake)
[1.975s] -- Found rosidl_generator_cpp: 3.1.7 (/opt/ros/humble/share/rosidl_generator_cpp/cmake)
[2.027s] -- Using all available rosidl_typesupport_c: rosidl_typesupport_fastrtps_c;rosidl_typesupport_introspection_c
[2.096s] -- Using all available rosidl_typesupport_cpp: rosidl_typesupport_fastrtps_cpp;rosidl_typesupport_introspection_cpp
[2.209s] -- Found rclcpp: 16.0.14 (/opt/ros/humble/share/rclcpp/cmake)
[2.370s] -- Found rmw_implementation_cmake: 6.1.2 (/opt/ros/humble/share/rmw_implementation_cmake/cmake)
[2.384s] -- Found rmw_fastrtps_cpp: 6.2.8 (/opt/ros/humble/share/rmw_fastrtps_cpp/cmake)
[2.657s] -- Found OpenSSL: /usr/lib/x86_64-linux-gnu/libcrypto.so (found version "3.0.2")  
[2.737s] -- Found FastRTPS: /opt/ros/humble/include  
[2.850s] -- Using RMW implementation 'rmw_fastrtps_cpp' as default
[2.880s] -- Looking for pthread.h
[3.073s] -- Looking for pthread.h - found
[3.074s] -- Performing Test CMAKE_HAVE_LIBC_PTHREAD
[3.290s] -- Performing Test CMAKE_HAVE_LIBC_PTHREAD - Success
[3.294s] -- Found Threads: TRUE  
[3.460s] -- Found rclpy: 3.3.17 (/opt/ros/humble/share/rclpy/cmake)
[3.467s] -- Found ament_lint_auto: 0.12.14 (/opt/ros/humble/share/ament_lint_auto/cmake)
[3.736s] -- Added test 'copyright' to check source files copyright and LICENSE
[3.740s] -- Added test 'cppcheck' to perform static code analysis on C / C++ code
[3.741s] -- Configured cppcheck include dirs: /home/kimchaewon/capstone_ws/src/DynamixelSDK/ros/dynamixel_sdk_examples/include
[3.741s] -- Configured cppcheck exclude dirs and/or files: 
[3.745s] -- Added test 'cpplint' to check C / C++ code against the Google style
[3.745s] -- Configured cpplint exclude dirs and/or files: 
[3.747s] -- Added test 'flake8' to check Python code syntax and style conventions
[3.750s] -- Added test 'lint_cmake' to check CMake code style
[3.753s] -- Added test 'pep257' to check Python code against some of the docstring style conventions in PEP 257
[3.757s] -- Added test 'uncrustify' to check C / C++ code style
[3.757s] -- Configured uncrustify additional arguments: 
[3.760s] -- Added test 'xmllint' to check XML markup files
[3.766s] -- Configuring done
[3.799s] -- Generating done
[3.814s] -- Build files have been written to: /home/kimchaewon/capstone_ws/build/dynamixel_sdk_examples
[3.850s] Invoked command in '/home/kimchaewon/capstone_ws/build/dynamixel_sdk_examples' returned '0': CMAKE_PREFIX_PATH=/home/kimchaewon/capstone_ws/install/dynamixel_sdk_custom_interfaces:/home/kimchaewon/capstone_ws/install/dynamixel_sdk:/home/kimchaewon/capstone_ws/install/turtlebot3:/home/kimchaewon/capstone_ws/install/turtlebot3_simulations:/home/kimchaewon/capstone_ws/install/turtlebot3_bringup:/home/kimchaewon/capstone_ws/install/turtlebot3_node:/home/kimchaewon/capstone_ws/install/turtlebot3_navigation2:/home/kimchaewon/capstone_ws/install/turtlebot3_fake_node:/home/kimchaewon/capstone_ws/install/turtlebot3_msgs:/home/kimchaewon/capstone_ws/install/turtlebot3_manipulation_gazebo:/home/kimchaewon/capstone_ws/install/turtlebot3_gazebo:/home/kimchaewon/capstone_ws/install/turtlebot3_description:/home/kimchaewon/capstone_ws/install/turtlebot3_cartographer:/home/kimchaewon/capstone_ws/install/tf2_web_republisher:/home/kimchaewon/capstone_ws/install/tf2_web_republisher_interfaces:/home/kimchaewon/capstone_ws/install/dynamixel_sdk_examples:/home/kimchaewon/capstone_ws/install/turtlebot3_teleop:/home/kimchaewon/capstone_ws/install/turtlebot3_example:/opt/ros/humble LD_LIBRARY_PATH=/home/kimchaewon/capstone_ws/install/dynamixel_sdk_custom_interfaces/lib:/home/kimchaewon/capstone_ws/install/dynamixel_sdk/lib:/home/kimchaewon/capstone_ws/install/turtlebot3_msgs/lib:/home/kimchaewon/capstone_ws/install/tf2_web_republisher/lib:/home/kimchaewon/capstone_ws/install/tf2_web_republisher_interfaces/lib:/opt/ros/humble/opt/rviz_ogre_vendor/lib:/opt/ros/humble/lib/x86_64-linux-gnu:/opt/ros/humble/lib:/usr/lib/x86_64-linux-gnu/gazebo-11/plugins /usr/bin/cmake /home/kimchaewon/capstone_ws/src/DynamixelSDK/ros/dynamixel_sdk_examples -DAMENT_CMAKE_SYMLINK_INSTALL=1 -DCMAKE_INSTALL_PREFIX=/home/kimchaewon/capstone_ws/install/dynamixel_sdk_examples
[3.855s] Invoking command in '/home/kimchaewon/capstone_ws/build/dynamixel_sdk_examples': CMAKE_PREFIX_PATH=/home/kimchaewon/capstone_ws/install/dynamixel_sdk_custom_interfaces:/home/kimchaewon/capstone_ws/install/dynamixel_sdk:/home/kimchaewon/capstone_ws/install/turtlebot3:/home/kimchaewon/capstone_ws/install/turtlebot3_simulations:/home/kimchaewon/capstone_ws/install/turtlebot3_bringup:/home/kimchaewon/capstone_ws/install/turtlebot3_node:/home/kimchaewon/capstone_ws/install/turtlebot3_navigation2:/home/kimchaewon/capstone_ws/install/turtlebot3_fake_node:/home/kimchaewon/capstone_ws/install/turtlebot3_msgs:/home/kimchaewon/capstone_ws/install/turtlebot3_manipulation_gazebo:/home/kimchaewon/capstone_ws/install/turtlebot3_gazebo:/home/kimchaewon/capstone_ws/install/turtlebot3_description:/home/kimchaewon/capstone_ws/install/turtlebot3_cartographer:/home/kimchaewon/capstone_ws/install/tf2_web_republisher:/home/kimchaewon/capstone_ws/install/tf2_web_republisher_interfaces:/home/kimchaewon/capstone_ws/install/dynamixel_sdk_examples:/home/kimchaewon/capstone_ws/install/turtlebot3_teleop:/home/kimchaewon/capstone_ws/install/turtlebot3_example:/opt/ros/humble LD_LIBRARY_PATH=/home/kimchaewon/capstone_ws/install/dynamixel_sdk_custom_interfaces/lib:/home/kimchaewon/capstone_ws/install/dynamixel_sdk/lib:/home/kimchaewon/capstone_ws/install/turtlebot3_msgs/lib:/home/kimchaewon/capstone_ws/install/tf2_web_republisher/lib:/home/kimchaewon/capstone_ws/install/tf2_web_republisher_interfaces/lib:/opt/ros/humble/opt/rviz_ogre_vendor/lib:/opt/ros/humble/lib/x86_64-linux-gnu:/opt/ros/humble/lib:/usr/lib/x86_64-linux-gnu/gazebo-11/plugins /usr/bin/cmake --build /home/kimchaewon/capstone_ws/build/dynamixel_sdk_examples -- -j16 -l16
[4.009s] [ 50%] [32mBuilding CXX object CMakeFiles/read_write_node.dir/src/read_write_node.cpp.o[0m
[43.381s] [100%] [32m[1mLinking CXX executable read_write_node[0m
[44.333s] [100%] Built target read_write_node
[44.360s] Invoked command in '/home/kimchaewon/capstone_ws/build/dynamixel_sdk_examples' returned '0': CMAKE_PREFIX_PATH=/home/kimchaewon/capstone_ws/install/dynamixel_sdk_custom_interfaces:/home/kimchaewon/capstone_ws/install/dynamixel_sdk:/home/kimchaewon/capstone_ws/install/turtlebot3:/home/kimchaewon/capstone_ws/install/turtlebot3_simulations:/home/kimchaewon/capstone_ws/install/turtlebot3_bringup:/home/kimchaewon/capstone_ws/install/turtlebot3_node:/home/kimchaewon/capstone_ws/install/turtlebot3_navigation2:/home/kimchaewon/capstone_ws/install/turtlebot3_fake_node:/home/kimchaewon/capstone_ws/install/turtlebot3_msgs:/home/kimchaewon/capstone_ws/install/turtlebot3_manipulation_gazebo:/home/kimchaewon/capstone_ws/install/turtlebot3_gazebo:/home/kimchaewon/capstone_ws/install/turtlebot3_description:/home/kimchaewon/capstone_ws/install/turtlebot3_cartographer:/home/kimchaewon/capstone_ws/install/tf2_web_republisher:/home/kimchaewon/capstone_ws/install/tf2_web_republisher_interfaces:/home/kimchaewon/capstone_ws/install/dynamixel_sdk_examples:/home/kimchaewon/capstone_ws/install/turtlebot3_teleop:/home/kimchaewon/capstone_ws/install/turtlebot3_example:/opt/ros/humble LD_LIBRARY_PATH=/home/kimchaewon/capstone_ws/install/dynamixel_sdk_custom_interfaces/lib:/home/kimchaewon/capstone_ws/install/dynamixel_sdk/lib:/home/kimchaewon/capstone_ws/install/turtlebot3_msgs/lib:/home/kimchaewon/capstone_ws/install/tf2_web_republisher/lib:/home/kimchaewon/capstone_ws/install/tf2_web_republisher_interfaces/lib:/opt/ros/humble/opt/rviz_ogre_vendor/lib:/opt/ros/humble/lib/x86_64-linux-gnu:/opt/ros/humble/lib:/usr/lib/x86_64-linux-gnu/gazebo-11/plugins /usr/bin/cmake --build /home/kimchaewon/capstone_ws/build/dynamixel_sdk_examples -- -j16 -l16
[44.367s] Invoking command in '/home/kimchaewon/capstone_ws/build/dynamixel_sdk_examples': CMAKE_PREFIX_PATH=/home/kimchaewon/capstone_ws/install/dynamixel_sdk_custom_interfaces:/home/kimchaewon/capstone_ws/install/dynamixel_sdk:/home/kimchaewon/capstone_ws/install/turtlebot3:/home/kimchaewon/capstone_ws/install/turtlebot3_simulations:/home/kimchaewon/capstone_ws/install/turtlebot3_bringup:/home/kimchaewon/capstone_ws/install/turtlebot3_node:/home/kimchaewon/capstone_ws/install/turtlebot3_navigation2:/home/kimchaewon/capstone_ws/install/turtlebot3_fake_node:/home/kimchaewon/capstone_ws/install/turtlebot3_msgs:/home/kimchaewon/capstone_ws/install/turtlebot3_manipulation_gazebo:/home/kimchaewon/capstone_ws/install/turtlebot3_gazebo:/home/kimchaewon/capstone_ws/install/turtlebot3_description:/home/kimchaewon/capstone_ws/install/turtlebot3_cartographer:/home/kimchaewon/capstone_ws/install/tf2_web_republisher:/home/kimchaewon/capstone_ws/install/tf2_web_republisher_interfaces:/home/kimchaewon/capstone_ws/install/dynamixel_sdk_examples:/home/kimchaewon/capstone_ws/install/turtlebot3_teleop:/home/kimchaewon/capstone_ws/install/turtlebot3_example:/opt/ros/humble LD_LIBRARY_PATH=/home/kimchaewon/capstone_ws/install/dynamixel_sdk_custom_interfaces/lib:/home/kimchaewon/capstone_ws/install/dynamixel_sdk/lib:/home/kimchaewon/capstone_ws/install/turtlebot3_msgs/lib:/home/kimchaewon/capstone_ws/install/tf2_web_republisher/lib:/home/kimchaewon/capstone_ws/install/tf2_web_republisher_interfaces/lib:/opt/ros/humble/opt/rviz_ogre_vendor/lib:/opt/ros/humble/lib/x86_64-linux-gnu:/opt/ros/humble/lib:/usr/lib/x86_64-linux-gnu/gazebo-11/plugins /usr/bin/cmake --install /home/kimchaewon/capstone_ws/build/dynamixel_sdk_examples
[44.388s] -- Install configuration: ""
[44.389s] -- Execute custom install script
[44.390s] -- Symlinking: /home/kimchaewon/capstone_ws/install/dynamixel_sdk_examples/lib/dynamixel_sdk_examples/read_write_node
[44.411s] -- Symlinking: /home/kimchaewon/capstone_ws/install/dynamixel_sdk_examples/lib/dynamixel_sdk_examples/read_write_node.py
[44.434s] -- Symlinking: /home/kimchaewon/capstone_ws/install/dynamixel_sdk_examples/share/ament_index/resource_index/package_run_dependencies/dynamixel_sdk_examples
[44.457s] -- Symlinking: /home/kimchaewon/capstone_ws/install/dynamixel_sdk_examples/share/ament_index/resource_index/parent_prefix_path/dynamixel_sdk_examples
[44.477s] -- Symlinking: /home/kimchaewon/capstone_ws/install/dynamixel_sdk_examples/share/dynamixel_sdk_examples/environment/ament_prefix_path.sh
[44.500s] -- Symlinking: /home/kimchaewon/capstone_ws/install/dynamixel_sdk_examples/share/dynamixel_sdk_examples/environment/ament_prefix_path.dsv
[44.522s] -- Symlinking: /home/kimchaewon/capstone_ws/install/dynamixel_sdk_examples/share/dynamixel_sdk_examples/environment/path.sh
[44.541s] -- Symlinking: /home/kimchaewon/capstone_ws/install/dynamixel_sdk_examples/share/dynamixel_sdk_examples/environment/path.dsv
[44.566s] -- Symlinking: /home/kimchaewon/capstone_ws/install/dynamixel_sdk_examples/share/dynamixel_sdk_examples/local_setup.bash
[44.587s] -- Symlinking: /home/kimchaewon/capstone_ws/install/dynamixel_sdk_examples/share/dynamixel_sdk_examples/local_setup.sh
[44.611s] -- Symlinking: /home/kimchaewon/capstone_ws/install/dynamixel_sdk_examples/share/dynamixel_sdk_examples/local_setup.zsh
[44.635s] -- Symlinking: /home/kimchaewon/capstone_ws/install/dynamixel_sdk_examples/share/dynamixel_sdk_examples/local_setup.dsv
[44.659s] -- Symlinking: /home/kimchaewon/capstone_ws/install/dynamixel_sdk_examples/share/dynamixel_sdk_examples/package.dsv
[44.683s] -- Symlinking: /home/kimchaewon/capstone_ws/install/dynamixel_sdk_examples/share/ament_index/resource_index/packages/dynamixel_sdk_examples
[44.705s] -- Symlinking: /home/kimchaewon/capstone_ws/install/dynamixel_sdk_examples/share/dynamixel_sdk_examples/cmake/dynamixel_sdk_examplesConfig.cmake
[44.725s] -- Symlinking: /home/kimchaewon/capstone_ws/install/dynamixel_sdk_examples/share/dynamixel_sdk_examples/cmake/dynamixel_sdk_examplesConfig-version.cmake
[44.746s] -- Symlinking: /home/kimchaewon/capstone_ws/install/dynamixel_sdk_examples/share/dynamixel_sdk_examples/package.xml
[44.778s] Invoked command in '/home/kimchaewon/capstone_ws/build/dynamixel_sdk_examples' returned '0': CMAKE_PREFIX_PATH=/home/kimchaewon/capstone_ws/install/dynamixel_sdk_custom_interfaces:/home/kimchaewon/capstone_ws/install/dynamixel_sdk:/home/kimchaewon/capstone_ws/install/turtlebot3:/home/kimchaewon/capstone_ws/install/turtlebot3_simulations:/home/kimchaewon/capstone_ws/install/turtlebot3_bringup:/home/kimchaewon/capstone_ws/install/turtlebot3_node:/home/kimchaewon/capstone_ws/install/turtlebot3_navigation2:/home/kimchaewon/capstone_ws/install/turtlebot3_fake_node:/home/kimchaewon/capstone_ws/install/turtlebot3_msgs:/home/kimchaewon/capstone_ws/install/turtlebot3_manipulation_gazebo:/home/kimchaewon/capstone_ws/install/turtlebot3_gazebo:/home/kimchaewon/capstone_ws/install/turtlebot3_description:/home/kimchaewon/capstone_ws/install/turtlebot3_cartographer:/home/kimchaewon/capstone_ws/install/tf2_web_republisher:/home/kimchaewon/capstone_ws/install/tf2_web_republisher_interfaces:/home/kimchaewon/capstone_ws/install/dynamixel_sdk_examples:/home/kimchaewon/capstone_ws/install/turtlebot3_teleop:/home/kimchaewon/capstone_ws/install/turtlebot3_example:/opt/ros/humble LD_LIBRARY_PATH=/home/kimchaewon/capstone_ws/install/dynamixel_sdk_custom_interfaces/lib:/home/kimchaewon/capstone_ws/install/dynamixel_sdk/lib:/home/kimchaewon/capstone_ws/install/turtlebot3_msgs/lib:/home/kimchaewon/capstone_ws/install/tf2_web_republisher/lib:/home/kimchaewon/capstone_ws/install/tf2_web_republisher_interfaces/lib:/opt/ros/humble/opt/rviz_ogre_vendor/lib:/opt/ros/humble/lib/x86_64-linux-gnu:/opt/ros/humble/lib:/usr/lib/x86_64-linux-gnu/gazebo-11/plugins /usr/bin/cmake --install /home/kimchaewon/capstone_ws/build/dynamixel_sdk_examples
