-- The C compiler identification is GNU 11.4.0
-- The CXX compiler identification is GNU 11.4.0
-- Detecting C compiler ABI info
-- Detecting C compiler ABI info - done
-- Check for working C compiler: /usr/bin/cc - skipped
-- Detecting C compile features
-- Detecting C compile features - done
-- Detecting CXX compiler ABI info
-- Detecting CXX compiler ABI info - done
-- Check for working CXX compiler: /usr/bin/c++ - skipped
-- Detecting CXX compile features
-- Detecting CXX compile features - done
-- Found ament_cmake: 1.3.12 (/opt/ros/humble/share/ament_cmake/cmake)
-- Found Python3: /usr/bin/python3 (found version "3.10.12") found components: Interpreter 
-- Override CMake install command with custom implementation using symlinks instead of copying resources
-- Found geometry_msgs: 4.9.0 (/opt/ros/humble/share/geometry_msgs/cmake)
-- Found rosidl_generator_c: 3.1.7 (/opt/ros/humble/share/rosidl_generator_c/cmake)
-- Found rosidl_adapter: 3.1.7 (/opt/ros/humble/share/rosidl_adapter/cmake)
-- Found rosidl_generator_cpp: 3.1.7 (/opt/ros/humble/share/rosidl_generator_cpp/cmake)
-- Using all available rosidl_typesupport_c: rosidl_typesupport_fastrtps_c;rosidl_typesupport_introspection_c
-- Using all available rosidl_typesupport_cpp: rosidl_typesupport_fastrtps_cpp;rosidl_typesupport_introspection_cpp
-- Found rclcpp: 16.0.14 (/opt/ros/humble/share/rclcpp/cmake)
-- Found rmw_implementation_cmake: 6.1.2 (/opt/ros/humble/share/rmw_implementation_cmake/cmake)
-- Found rmw_fastrtps_cpp: 6.2.8 (/opt/ros/humble/share/rmw_fastrtps_cpp/cmake)
-- Found OpenSSL: /usr/lib/x86_64-linux-gnu/libcrypto.so (found version "3.0.2")  
-- Found FastRTPS: /opt/ros/humble/include  
-- Using RMW implementation 'rmw_fastrtps_cpp' as default
-- Looking for pthread.h
-- Looking for pthread.h - found
-- Performing Test CMAKE_HAVE_LIBC_PTHREAD
-- Performing Test CMAKE_HAVE_LIBC_PTHREAD - Success
-- Found Threads: TRUE  
-- Found rclcpp_action: 16.0.14 (/opt/ros/humble/share/rclcpp_action/cmake)
-- Found rclcpp_components: 16.0.14 (/opt/ros/humble/share/rclcpp_components/cmake)
-- Found tf2: 0.25.16 (/opt/ros/humble/share/tf2/cmake)
-- Found tf2_ros: 0.25.16 (/opt/ros/humble/share/tf2_ros/cmake)
-- Found tf2_web_republisher_interfaces: 1.0.0 (/home/kimchaewon/capstone_ws/install/tf2_web_republisher_interfaces/share/tf2_web_republisher_interfaces/cmake)
-- Found ament_cmake_gmock: 1.3.12 (/opt/ros/humble/share/ament_cmake_gmock/cmake)
-- Found gmock sources under '/opt/ros/humble/src/gmock_vendor': C++ tests using 'Google Mock' will be built
-- Found ament_cmake_gtest: 1.3.12 (/opt/ros/humble/share/ament_cmake_gtest/cmake)
-- Found gtest sources under '/opt/ros/humble/src/gtest_vendor': C++ tests using 'Google Test' will be built
-- Configuring done
-- Generating done
-- Build files have been written to: /home/kimchaewon/capstone_ws/build/tf2_web_republisher
[  9%] [32mBuilding CXX object CMakeFiles/tf2_web_republisher_node.dir/rclcpp_components/node_main_tf2_web_republisher_node.cpp.o[0m
[ 27%] [32mBuilding CXX object CMakeFiles/tf2_web_republisher.dir/src/tf2_web_republisher.cpp.o[0m
[ 45%] [32mBuilding CXX object gmock/CMakeFiles/gmock.dir/opt/ros/humble/src/gtest_vendor/src/gtest-all.cc.o[0m
[ 45%] [32mBuilding CXX object gmock/CMakeFiles/gmock_main.dir/src/gmock_main.cc.o[0m
[ 45%] [32mBuilding CXX object gmock/CMakeFiles/gmock.dir/src/gmock-all.cc.o[0m
[ 54%] [32m[1mLinking CXX static library libgmock_main.a[0m
[ 54%] Built target gmock_main
[ 63%] [32m[1mLinking CXX executable tf2_web_republisher_node[0m
[ 63%] Built target tf2_web_republisher_node
[ 72%] [32m[1mLinking CXX static library libgmock.a[0m
[ 72%] Built target gmock
[ 81%] [32m[1mLinking CXX shared library libtf2_web_republisher.so[0m
[ 81%] Built target tf2_web_republisher
[ 90%] [32mBuilding CXX object test/CMakeFiles/test_tf_web_republisher.dir/test_tf2_web_republisher.cpp.o[0m
[100%] [32m[1mLinking CXX executable test_tf_web_republisher[0m
[100%] Built target test_tf_web_republisher
-- Install configuration: ""
-- Execute custom install script
-- Symlinking: /home/kimchaewon/capstone_ws/install/tf2_web_republisher/lib/tf2_web_republisher/tf2_web_republisher_node
-- Symlinking: /home/kimchaewon/capstone_ws/install/tf2_web_republisher/include/tf2_web_republisher/tf2_web_republisher.hpp
-- Symlinking: /home/kimchaewon/capstone_ws/install/tf2_web_republisher/share/tf2_web_republisher/environment/library_path.sh
-- Symlinking: /home/kimchaewon/capstone_ws/install/tf2_web_republisher/share/tf2_web_republisher/environment/library_path.dsv
-- Symlinking: /home/kimchaewon/capstone_ws/install/tf2_web_republisher/share/ament_index/resource_index/package_run_dependencies/tf2_web_republisher
-- Symlinking: /home/kimchaewon/capstone_ws/install/tf2_web_republisher/share/ament_index/resource_index/parent_prefix_path/tf2_web_republisher
-- Symlinking: /home/kimchaewon/capstone_ws/install/tf2_web_republisher/share/tf2_web_republisher/environment/ament_prefix_path.sh
-- Symlinking: /home/kimchaewon/capstone_ws/install/tf2_web_republisher/share/tf2_web_republisher/environment/ament_prefix_path.dsv
-- Symlinking: /home/kimchaewon/capstone_ws/install/tf2_web_republisher/share/tf2_web_republisher/environment/path.sh
-- Symlinking: /home/kimchaewon/capstone_ws/install/tf2_web_republisher/share/tf2_web_republisher/environment/path.dsv
-- Symlinking: /home/kimchaewon/capstone_ws/install/tf2_web_republisher/share/tf2_web_republisher/local_setup.bash
-- Symlinking: /home/kimchaewon/capstone_ws/install/tf2_web_republisher/share/tf2_web_republisher/local_setup.sh
-- Symlinking: /home/kimchaewon/capstone_ws/install/tf2_web_republisher/share/tf2_web_republisher/local_setup.zsh
-- Symlinking: /home/kimchaewon/capstone_ws/install/tf2_web_republisher/share/tf2_web_republisher/local_setup.dsv
-- Symlinking: /home/kimchaewon/capstone_ws/install/tf2_web_republisher/share/tf2_web_republisher/package.dsv
-- Symlinking: /home/kimchaewon/capstone_ws/install/tf2_web_republisher/share/ament_index/resource_index/packages/tf2_web_republisher
-- Symlinking: /home/kimchaewon/capstone_ws/install/tf2_web_republisher/share/ament_index/resource_index/rclcpp_components/tf2_web_republisher
-- Symlinking: /home/kimchaewon/capstone_ws/install/tf2_web_republisher/share/tf2_web_republisher/cmake/ament_cmake_export_targets-extras.cmake
-- Symlinking: /home/kimchaewon/capstone_ws/install/tf2_web_republisher/share/tf2_web_republisher/cmake/ament_cmake_export_dependencies-extras.cmake
-- Symlinking: /home/kimchaewon/capstone_ws/install/tf2_web_republisher/share/tf2_web_republisher/cmake/tf2_web_republisherConfig.cmake
-- Symlinking: /home/kimchaewon/capstone_ws/install/tf2_web_republisher/share/tf2_web_republisher/cmake/tf2_web_republisherConfig-version.cmake
-- Symlinking: /home/kimchaewon/capstone_ws/install/tf2_web_republisher/share/tf2_web_republisher/package.xml
-- Installing: /home/kimchaewon/capstone_ws/install/tf2_web_republisher/lib/libtf2_web_republisher.so
-- Set runtime path of "/home/kimchaewon/capstone_ws/install/tf2_web_republisher/lib/libtf2_web_republisher.so" to ""
-- Installing: /home/kimchaewon/capstone_ws/install/tf2_web_republisher/share/tf2_web_republisher/cmake/export_tf2_web_republisherExport.cmake
-- Installing: /home/kimchaewon/capstone_ws/install/tf2_web_republisher/share/tf2_web_republisher/cmake/export_tf2_web_republisherExport-noconfig.cmake
