[0.031s] Invoking command in '/home/kimchaewon/capstone_ws/build/tf2_web_republisher': CMAKE_PREFIX_PATH=/home/kimchaewon/capstone_ws/install/tf2_web_republisher_interfaces:/home/kimchaewon/capstone_ws/install/turtlebot3:/home/kimchaewon/capstone_ws/install/turtlebot3_simulations:/home/kimchaewon/capstone_ws/install/turtlebot3_bringup:/home/kimchaewon/capstone_ws/install/turtlebot3_node:/home/kimchaewon/capstone_ws/install/turtlebot3_navigation2:/home/kimchaewon/capstone_ws/install/turtlebot3_fake_node:/home/kimchaewon/capstone_ws/install/turtlebot3_msgs:/home/kimchaewon/capstone_ws/install/turtlebot3_manipulation_gazebo:/home/kimchaewon/capstone_ws/install/turtlebot3_gazebo:/home/kimchaewon/capstone_ws/install/turtlebot3_description:/home/kimchaewon/capstone_ws/install/turtlebot3_cartographer:/home/kimchaewon/capstone_ws/install/tf2_web_republisher:/home/kimchaewon/capstone_ws/install/dynamixel_sdk_examples:/home/kimchaewon/capstone_ws/install/dynamixel_sdk_custom_interfaces:/home/kimchaewon/capstone_ws/install/dynamixel_sdk:/home/kimchaewon/capstone_ws/install/turtlebot3_teleop:/home/kimchaewon/capstone_ws/install/turtlebot3_example:/opt/ros/humble LD_LIBRARY_PATH=/home/kimchaewon/capstone_ws/install/tf2_web_republisher_interfaces/lib:/home/kimchaewon/capstone_ws/install/turtlebot3_msgs/lib:/home/kimchaewon/capstone_ws/install/tf2_web_republisher/lib:/home/kimchaewon/capstone_ws/install/dynamixel_sdk_custom_interfaces/lib:/home/kimchaewon/capstone_ws/install/dynamixel_sdk/lib:/opt/ros/humble/opt/rviz_ogre_vendor/lib:/opt/ros/humble/lib/x86_64-linux-gnu:/opt/ros/humble/lib:/usr/lib/x86_64-linux-gnu/gazebo-11/plugins /usr/bin/cmake /home/kimchaewon/capstone_ws/src/tf2_web_republisher/tf2_web_republisher -DAMENT_CMAKE_SYMLINK_INSTALL=1 -DCMAKE_INSTALL_PREFIX=/home/kimchaewon/capstone_ws/install/tf2_web_republisher
[0.189s] -- The C compiler identification is GNU 11.4.0
[0.405s] -- The CXX compiler identification is GNU 11.4.0
[0.431s] -- Detecting C compiler ABI info
[0.712s] -- Detecting C compiler ABI info - done
[0.740s] -- Check for working C compiler: /usr/bin/cc - skipped
[0.742s] -- Detecting C compile features
[0.744s] -- Detecting C compile features - done
[0.755s] -- Detecting CXX compiler ABI info
[0.974s] -- Detecting CXX compiler ABI info - done
[1.004s] -- Check for working CXX compiler: /usr/bin/c++ - skipped
[1.005s] -- Detecting CXX compile features
[1.007s] -- Detecting CXX compile features - done
[1.018s] -- Found ament_cmake: 1.3.12 (/opt/ros/humble/share/ament_cmake/cmake)
[1.559s] -- Found Python3: /usr/bin/python3 (found version "3.10.12") found components: Interpreter 
[1.754s] -- Override CMake install command with custom implementation using symlinks instead of copying resources
[1.849s] -- Found geometry_msgs: 4.9.0 (/opt/ros/humble/share/geometry_msgs/cmake)
[1.995s] -- Found rosidl_generator_c: 3.1.7 (/opt/ros/humble/share/rosidl_generator_c/cmake)
[2.018s] -- Found rosidl_adapter: 3.1.7 (/opt/ros/humble/share/rosidl_adapter/cmake)
[2.053s] -- Found rosidl_generator_cpp: 3.1.7 (/opt/ros/humble/share/rosidl_generator_cpp/cmake)
[2.103s] -- Using all available rosidl_typesupport_c: rosidl_typesupport_fastrtps_c;rosidl_typesupport_introspection_c
[2.172s] -- Using all available rosidl_typesupport_cpp: rosidl_typesupport_fastrtps_cpp;rosidl_typesupport_introspection_cpp
[2.325s] -- Found rclcpp: 16.0.14 (/opt/ros/humble/share/rclcpp/cmake)
[2.486s] -- Found rmw_implementation_cmake: 6.1.2 (/opt/ros/humble/share/rmw_implementation_cmake/cmake)
[2.500s] -- Found rmw_fastrtps_cpp: 6.2.8 (/opt/ros/humble/share/rmw_fastrtps_cpp/cmake)
[2.820s] -- Found OpenSSL: /usr/lib/x86_64-linux-gnu/libcrypto.so (found version "3.0.2")  
[2.924s] -- Found FastRTPS: /opt/ros/humble/include  
[3.073s] -- Using RMW implementation 'rmw_fastrtps_cpp' as default
[3.109s] -- Looking for pthread.h
[3.351s] -- Looking for pthread.h - found
[3.351s] -- Performing Test CMAKE_HAVE_LIBC_PTHREAD
[3.581s] -- Performing Test CMAKE_HAVE_LIBC_PTHREAD - Success
[3.586s] -- Found Threads: TRUE  
[3.747s] -- Found rclcpp_action: 16.0.14 (/opt/ros/humble/share/rclcpp_action/cmake)
[3.898s] -- Found rclcpp_components: 16.0.14 (/opt/ros/humble/share/rclcpp_components/cmake)
[4.002s] -- Found tf2: 0.25.16 (/opt/ros/humble/share/tf2/cmake)
[4.017s] -- Found tf2_ros: 0.25.16 (/opt/ros/humble/share/tf2_ros/cmake)
[4.144s] -- Found tf2_web_republisher_interfaces: 1.0.0 (/home/kimchaewon/capstone_ws/install/tf2_web_republisher_interfaces/share/tf2_web_republisher_interfaces/cmake)
[4.227s] -- Found ament_cmake_gmock: 1.3.12 (/opt/ros/humble/share/ament_cmake_gmock/cmake)
[4.238s] -- Found gmock sources under '/opt/ros/humble/src/gmock_vendor': C++ tests using 'Google Mock' will be built
[4.258s] -- Found ament_cmake_gtest: 1.3.12 (/opt/ros/humble/share/ament_cmake_gtest/cmake)
[4.261s] -- Found gtest sources under '/opt/ros/humble/src/gtest_vendor': C++ tests using 'Google Test' will be built
[4.486s] -- Configuring done
[4.581s] -- Generating done
[4.613s] -- Build files have been written to: /home/kimchaewon/capstone_ws/build/tf2_web_republisher
[4.656s] Invoked command in '/home/kimchaewon/capstone_ws/build/tf2_web_republisher' returned '0': CMAKE_PREFIX_PATH=/home/kimchaewon/capstone_ws/install/tf2_web_republisher_interfaces:/home/kimchaewon/capstone_ws/install/turtlebot3:/home/kimchaewon/capstone_ws/install/turtlebot3_simulations:/home/kimchaewon/capstone_ws/install/turtlebot3_bringup:/home/kimchaewon/capstone_ws/install/turtlebot3_node:/home/kimchaewon/capstone_ws/install/turtlebot3_navigation2:/home/kimchaewon/capstone_ws/install/turtlebot3_fake_node:/home/kimchaewon/capstone_ws/install/turtlebot3_msgs:/home/kimchaewon/capstone_ws/install/turtlebot3_manipulation_gazebo:/home/kimchaewon/capstone_ws/install/turtlebot3_gazebo:/home/kimchaewon/capstone_ws/install/turtlebot3_description:/home/kimchaewon/capstone_ws/install/turtlebot3_cartographer:/home/kimchaewon/capstone_ws/install/tf2_web_republisher:/home/kimchaewon/capstone_ws/install/dynamixel_sdk_examples:/home/kimchaewon/capstone_ws/install/dynamixel_sdk_custom_interfaces:/home/kimchaewon/capstone_ws/install/dynamixel_sdk:/home/kimchaewon/capstone_ws/install/turtlebot3_teleop:/home/kimchaewon/capstone_ws/install/turtlebot3_example:/opt/ros/humble LD_LIBRARY_PATH=/home/kimchaewon/capstone_ws/install/tf2_web_republisher_interfaces/lib:/home/kimchaewon/capstone_ws/install/turtlebot3_msgs/lib:/home/kimchaewon/capstone_ws/install/tf2_web_republisher/lib:/home/kimchaewon/capstone_ws/install/dynamixel_sdk_custom_interfaces/lib:/home/kimchaewon/capstone_ws/install/dynamixel_sdk/lib:/opt/ros/humble/opt/rviz_ogre_vendor/lib:/opt/ros/humble/lib/x86_64-linux-gnu:/opt/ros/humble/lib:/usr/lib/x86_64-linux-gnu/gazebo-11/plugins /usr/bin/cmake /home/kimchaewon/capstone_ws/src/tf2_web_republisher/tf2_web_republisher -DAMENT_CMAKE_SYMLINK_INSTALL=1 -DCMAKE_INSTALL_PREFIX=/home/kimchaewon/capstone_ws/install/tf2_web_republisher
[4.663s] Invoking command in '/home/kimchaewon/capstone_ws/build/tf2_web_republisher': CMAKE_PREFIX_PATH=/home/kimchaewon/capstone_ws/install/tf2_web_republisher_interfaces:/home/kimchaewon/capstone_ws/install/turtlebot3:/home/kimchaewon/capstone_ws/install/turtlebot3_simulations:/home/kimchaewon/capstone_ws/install/turtlebot3_bringup:/home/kimchaewon/capstone_ws/install/turtlebot3_node:/home/kimchaewon/capstone_ws/install/turtlebot3_navigation2:/home/kimchaewon/capstone_ws/install/turtlebot3_fake_node:/home/kimchaewon/capstone_ws/install/turtlebot3_msgs:/home/kimchaewon/capstone_ws/install/turtlebot3_manipulation_gazebo:/home/kimchaewon/capstone_ws/install/turtlebot3_gazebo:/home/kimchaewon/capstone_ws/install/turtlebot3_description:/home/kimchaewon/capstone_ws/install/turtlebot3_cartographer:/home/kimchaewon/capstone_ws/install/tf2_web_republisher:/home/kimchaewon/capstone_ws/install/dynamixel_sdk_examples:/home/kimchaewon/capstone_ws/install/dynamixel_sdk_custom_interfaces:/home/kimchaewon/capstone_ws/install/dynamixel_sdk:/home/kimchaewon/capstone_ws/install/turtlebot3_teleop:/home/kimchaewon/capstone_ws/install/turtlebot3_example:/opt/ros/humble LD_LIBRARY_PATH=/home/kimchaewon/capstone_ws/install/tf2_web_republisher_interfaces/lib:/home/kimchaewon/capstone_ws/install/turtlebot3_msgs/lib:/home/kimchaewon/capstone_ws/install/tf2_web_republisher/lib:/home/kimchaewon/capstone_ws/install/dynamixel_sdk_custom_interfaces/lib:/home/kimchaewon/capstone_ws/install/dynamixel_sdk/lib:/opt/ros/humble/opt/rviz_ogre_vendor/lib:/opt/ros/humble/lib/x86_64-linux-gnu:/opt/ros/humble/lib:/usr/lib/x86_64-linux-gnu/gazebo-11/plugins /usr/bin/cmake --build /home/kimchaewon/capstone_ws/build/tf2_web_republisher -- -j16 -l16
[4.815s] [  9%] [32mBuilding CXX object CMakeFiles/tf2_web_republisher_node.dir/rclcpp_components/node_main_tf2_web_republisher_node.cpp.o[0m
[4.831s] [ 27%] [32mBuilding CXX object CMakeFiles/tf2_web_republisher.dir/src/tf2_web_republisher.cpp.o[0m
[4.831s] [ 45%] [32mBuilding CXX object gmock/CMakeFiles/gmock.dir/opt/ros/humble/src/gtest_vendor/src/gtest-all.cc.o[0m
[4.832s] [ 45%] [32mBuilding CXX object gmock/CMakeFiles/gmock_main.dir/src/gmock_main.cc.o[0m
[4.832s] [ 45%] [32mBuilding CXX object gmock/CMakeFiles/gmock.dir/src/gmock-all.cc.o[0m
[8.955s] [ 54%] [32m[1mLinking CXX static library libgmock_main.a[0m
[9.079s] [ 54%] Built target gmock_main
[19.571s] [ 63%] [32m[1mLinking CXX executable tf2_web_republisher_node[0m
[20.503s] [ 63%] Built target tf2_web_republisher_node
[21.766s] [ 72%] [32m[1mLinking CXX static library libgmock.a[0m
[22.574s] [ 72%] Built target gmock
[26.532s] [ 81%] [32m[1mLinking CXX shared library libtf2_web_republisher.so[0m
[28.380s] [ 81%] Built target tf2_web_republisher
[28.547s] [ 90%] [32mBuilding CXX object test/CMakeFiles/test_tf_web_republisher.dir/test_tf2_web_republisher.cpp.o[0m
[45.653s] [100%] [32m[1mLinking CXX executable test_tf_web_republisher[0m
[46.202s] [100%] Built target test_tf_web_republisher
[46.224s] Invoked command in '/home/kimchaewon/capstone_ws/build/tf2_web_republisher' returned '0': CMAKE_PREFIX_PATH=/home/kimchaewon/capstone_ws/install/tf2_web_republisher_interfaces:/home/kimchaewon/capstone_ws/install/turtlebot3:/home/kimchaewon/capstone_ws/install/turtlebot3_simulations:/home/kimchaewon/capstone_ws/install/turtlebot3_bringup:/home/kimchaewon/capstone_ws/install/turtlebot3_node:/home/kimchaewon/capstone_ws/install/turtlebot3_navigation2:/home/kimchaewon/capstone_ws/install/turtlebot3_fake_node:/home/kimchaewon/capstone_ws/install/turtlebot3_msgs:/home/kimchaewon/capstone_ws/install/turtlebot3_manipulation_gazebo:/home/kimchaewon/capstone_ws/install/turtlebot3_gazebo:/home/kimchaewon/capstone_ws/install/turtlebot3_description:/home/kimchaewon/capstone_ws/install/turtlebot3_cartographer:/home/kimchaewon/capstone_ws/install/tf2_web_republisher:/home/kimchaewon/capstone_ws/install/dynamixel_sdk_examples:/home/kimchaewon/capstone_ws/install/dynamixel_sdk_custom_interfaces:/home/kimchaewon/capstone_ws/install/dynamixel_sdk:/home/kimchaewon/capstone_ws/install/turtlebot3_teleop:/home/kimchaewon/capstone_ws/install/turtlebot3_example:/opt/ros/humble LD_LIBRARY_PATH=/home/kimchaewon/capstone_ws/install/tf2_web_republisher_interfaces/lib:/home/kimchaewon/capstone_ws/install/turtlebot3_msgs/lib:/home/kimchaewon/capstone_ws/install/tf2_web_republisher/lib:/home/kimchaewon/capstone_ws/install/dynamixel_sdk_custom_interfaces/lib:/home/kimchaewon/capstone_ws/install/dynamixel_sdk/lib:/opt/ros/humble/opt/rviz_ogre_vendor/lib:/opt/ros/humble/lib/x86_64-linux-gnu:/opt/ros/humble/lib:/usr/lib/x86_64-linux-gnu/gazebo-11/plugins /usr/bin/cmake --build /home/kimchaewon/capstone_ws/build/tf2_web_republisher -- -j16 -l16
[46.227s] Invoking command in '/home/kimchaewon/capstone_ws/build/tf2_web_republisher': CMAKE_PREFIX_PATH=/home/kimchaewon/capstone_ws/install/tf2_web_republisher_interfaces:/home/kimchaewon/capstone_ws/install/turtlebot3:/home/kimchaewon/capstone_ws/install/turtlebot3_simulations:/home/kimchaewon/capstone_ws/install/turtlebot3_bringup:/home/kimchaewon/capstone_ws/install/turtlebot3_node:/home/kimchaewon/capstone_ws/install/turtlebot3_navigation2:/home/kimchaewon/capstone_ws/install/turtlebot3_fake_node:/home/kimchaewon/capstone_ws/install/turtlebot3_msgs:/home/kimchaewon/capstone_ws/install/turtlebot3_manipulation_gazebo:/home/kimchaewon/capstone_ws/install/turtlebot3_gazebo:/home/kimchaewon/capstone_ws/install/turtlebot3_description:/home/kimchaewon/capstone_ws/install/turtlebot3_cartographer:/home/kimchaewon/capstone_ws/install/tf2_web_republisher:/home/kimchaewon/capstone_ws/install/dynamixel_sdk_examples:/home/kimchaewon/capstone_ws/install/dynamixel_sdk_custom_interfaces:/home/kimchaewon/capstone_ws/install/dynamixel_sdk:/home/kimchaewon/capstone_ws/install/turtlebot3_teleop:/home/kimchaewon/capstone_ws/install/turtlebot3_example:/opt/ros/humble LD_LIBRARY_PATH=/home/kimchaewon/capstone_ws/install/tf2_web_republisher_interfaces/lib:/home/kimchaewon/capstone_ws/install/turtlebot3_msgs/lib:/home/kimchaewon/capstone_ws/install/tf2_web_republisher/lib:/home/kimchaewon/capstone_ws/install/dynamixel_sdk_custom_interfaces/lib:/home/kimchaewon/capstone_ws/install/dynamixel_sdk/lib:/opt/ros/humble/opt/rviz_ogre_vendor/lib:/opt/ros/humble/lib/x86_64-linux-gnu:/opt/ros/humble/lib:/usr/lib/x86_64-linux-gnu/gazebo-11/plugins /usr/bin/cmake --install /home/kimchaewon/capstone_ws/build/tf2_web_republisher
[46.241s] -- Install configuration: ""
[46.242s] -- Execute custom install script
[46.242s] -- Symlinking: /home/kimchaewon/capstone_ws/install/tf2_web_republisher/lib/tf2_web_republisher/tf2_web_republisher_node
[46.259s] -- Symlinking: /home/kimchaewon/capstone_ws/install/tf2_web_republisher/include/tf2_web_republisher/tf2_web_republisher.hpp
[46.273s] -- Symlinking: /home/kimchaewon/capstone_ws/install/tf2_web_republisher/share/tf2_web_republisher/environment/library_path.sh
[46.288s] -- Symlinking: /home/kimchaewon/capstone_ws/install/tf2_web_republisher/share/tf2_web_republisher/environment/library_path.dsv
[46.304s] -- Symlinking: /home/kimchaewon/capstone_ws/install/tf2_web_republisher/share/ament_index/resource_index/package_run_dependencies/tf2_web_republisher
[46.319s] -- Symlinking: /home/kimchaewon/capstone_ws/install/tf2_web_republisher/share/ament_index/resource_index/parent_prefix_path/tf2_web_republisher
[46.345s] -- Symlinking: /home/kimchaewon/capstone_ws/install/tf2_web_republisher/share/tf2_web_republisher/environment/ament_prefix_path.sh
[46.362s] -- Symlinking: /home/kimchaewon/capstone_ws/install/tf2_web_republisher/share/tf2_web_republisher/environment/ament_prefix_path.dsv
[46.378s] -- Symlinking: /home/kimchaewon/capstone_ws/install/tf2_web_republisher/share/tf2_web_republisher/environment/path.sh
[46.390s] -- Symlinking: /home/kimchaewon/capstone_ws/install/tf2_web_republisher/share/tf2_web_republisher/environment/path.dsv
[46.404s] -- Symlinking: /home/kimchaewon/capstone_ws/install/tf2_web_republisher/share/tf2_web_republisher/local_setup.bash
[46.423s] -- Symlinking: /home/kimchaewon/capstone_ws/install/tf2_web_republisher/share/tf2_web_republisher/local_setup.sh
[46.440s] -- Symlinking: /home/kimchaewon/capstone_ws/install/tf2_web_republisher/share/tf2_web_republisher/local_setup.zsh
[46.456s] -- Symlinking: /home/kimchaewon/capstone_ws/install/tf2_web_republisher/share/tf2_web_republisher/local_setup.dsv
[46.472s] -- Symlinking: /home/kimchaewon/capstone_ws/install/tf2_web_republisher/share/tf2_web_republisher/package.dsv
[46.488s] -- Symlinking: /home/kimchaewon/capstone_ws/install/tf2_web_republisher/share/ament_index/resource_index/packages/tf2_web_republisher
[46.503s] -- Symlinking: /home/kimchaewon/capstone_ws/install/tf2_web_republisher/share/ament_index/resource_index/rclcpp_components/tf2_web_republisher
[46.519s] -- Symlinking: /home/kimchaewon/capstone_ws/install/tf2_web_republisher/share/tf2_web_republisher/cmake/ament_cmake_export_targets-extras.cmake
[46.535s] -- Symlinking: /home/kimchaewon/capstone_ws/install/tf2_web_republisher/share/tf2_web_republisher/cmake/ament_cmake_export_dependencies-extras.cmake
[46.549s] -- Symlinking: /home/kimchaewon/capstone_ws/install/tf2_web_republisher/share/tf2_web_republisher/cmake/tf2_web_republisherConfig.cmake
[46.564s] -- Symlinking: /home/kimchaewon/capstone_ws/install/tf2_web_republisher/share/tf2_web_republisher/cmake/tf2_web_republisherConfig-version.cmake
[46.578s] -- Symlinking: /home/kimchaewon/capstone_ws/install/tf2_web_republisher/share/tf2_web_republisher/package.xml
[46.604s] -- Installing: /home/kimchaewon/capstone_ws/install/tf2_web_republisher/lib/libtf2_web_republisher.so
[46.606s] -- Set runtime path of "/home/kimchaewon/capstone_ws/install/tf2_web_republisher/lib/libtf2_web_republisher.so" to ""
[46.607s] -- Installing: /home/kimchaewon/capstone_ws/install/tf2_web_republisher/share/tf2_web_republisher/cmake/export_tf2_web_republisherExport.cmake
[46.607s] -- Installing: /home/kimchaewon/capstone_ws/install/tf2_web_republisher/share/tf2_web_republisher/cmake/export_tf2_web_republisherExport-noconfig.cmake
[46.611s] Invoked command in '/home/kimchaewon/capstone_ws/build/tf2_web_republisher' returned '0': CMAKE_PREFIX_PATH=/home/kimchaewon/capstone_ws/install/tf2_web_republisher_interfaces:/home/kimchaewon/capstone_ws/install/turtlebot3:/home/kimchaewon/capstone_ws/install/turtlebot3_simulations:/home/kimchaewon/capstone_ws/install/turtlebot3_bringup:/home/kimchaewon/capstone_ws/install/turtlebot3_node:/home/kimchaewon/capstone_ws/install/turtlebot3_navigation2:/home/kimchaewon/capstone_ws/install/turtlebot3_fake_node:/home/kimchaewon/capstone_ws/install/turtlebot3_msgs:/home/kimchaewon/capstone_ws/install/turtlebot3_manipulation_gazebo:/home/kimchaewon/capstone_ws/install/turtlebot3_gazebo:/home/kimchaewon/capstone_ws/install/turtlebot3_description:/home/kimchaewon/capstone_ws/install/turtlebot3_cartographer:/home/kimchaewon/capstone_ws/install/tf2_web_republisher:/home/kimchaewon/capstone_ws/install/dynamixel_sdk_examples:/home/kimchaewon/capstone_ws/install/dynamixel_sdk_custom_interfaces:/home/kimchaewon/capstone_ws/install/dynamixel_sdk:/home/kimchaewon/capstone_ws/install/turtlebot3_teleop:/home/kimchaewon/capstone_ws/install/turtlebot3_example:/opt/ros/humble LD_LIBRARY_PATH=/home/kimchaewon/capstone_ws/install/tf2_web_republisher_interfaces/lib:/home/kimchaewon/capstone_ws/install/turtlebot3_msgs/lib:/home/kimchaewon/capstone_ws/install/tf2_web_republisher/lib:/home/kimchaewon/capstone_ws/install/dynamixel_sdk_custom_interfaces/lib:/home/kimchaewon/capstone_ws/install/dynamixel_sdk/lib:/opt/ros/humble/opt/rviz_ogre_vendor/lib:/opt/ros/humble/lib/x86_64-linux-gnu:/opt/ros/humble/lib:/usr/lib/x86_64-linux-gnu/gazebo-11/plugins /usr/bin/cmake --install /home/kimchaewon/capstone_ws/build/tf2_web_republisher
