[2.177s] Invoking command in '/home/kimchaewon/capstone_ws/build/turtlebot3_teleop': PYTHONPATH=/home/kimchaewon/capstone_ws/build/turtlebot3_teleop/prefix_override:/usr/lib/python3/dist-packages/colcon_core/task/python/colcon_distutils_commands:/home/kimchaewon/capstone_ws/install/turtlebot3_teleop/lib/python3.10/site-packages:${PYTHONPATH} /usr/bin/python3 -W ignore:setup.py install is deprecated -W ignore:easy_install command is deprecated setup.py develop --editable --build-directory /home/kimchaewon/capstone_ws/build/turtlebot3_teleop/build --no-deps symlink_data
[3.302s] running develop
[4.082s] running egg_info
[4.082s] creating turtlebot3_teleop.egg-info
[4.085s] writing turtlebot3_teleop.egg-info/PKG-INFO
[4.085s] writing dependency_links to turtlebot3_teleop.egg-info/dependency_links.txt
[4.085s] writing entry points to turtlebot3_teleop.egg-info/entry_points.txt
[4.088s] writing requirements to turtlebot3_teleop.egg-info/requires.txt
[4.091s] writing top-level names to turtlebot3_teleop.egg-info/top_level.txt
[4.091s] writing manifest file 'turtlebot3_teleop.egg-info/SOURCES.txt'
[4.101s] reading manifest file 'turtlebot3_teleop.egg-info/SOURCES.txt'
[4.104s] writing manifest file 'turtlebot3_teleop.egg-info/SOURCES.txt'
[4.107s] running build_ext
[4.108s] Creating /home/kimchaewon/capstone_ws/install/turtlebot3_teleop/lib/python3.10/site-packages/turtlebot3-teleop.egg-link (link to .)
[4.112s] Installing teleop_keyboard script to /home/kimchaewon/capstone_ws/install/turtlebot3_teleop/lib/turtlebot3_teleop
[4.113s] 
[4.113s] Installed /home/kimchaewon/capstone_ws/build/turtlebot3_teleop
[4.114s] running symlink_data
[4.114s] creating /home/kimchaewon/capstone_ws/install/turtlebot3_teleop/share/ament_index
[4.114s] creating /home/kimchaewon/capstone_ws/install/turtlebot3_teleop/share/ament_index/resource_index
[4.114s] creating /home/kimchaewon/capstone_ws/install/turtlebot3_teleop/share/ament_index/resource_index/packages
[4.114s] symbolically linking /home/kimchaewon/capstone_ws/build/turtlebot3_teleop/resource/turtlebot3_teleop -> /home/kimchaewon/capstone_ws/install/turtlebot3_teleop/share/ament_index/resource_index/packages
[4.115s] symbolically linking /home/kimchaewon/capstone_ws/build/turtlebot3_teleop/package.xml -> /home/kimchaewon/capstone_ws/install/turtlebot3_teleop/share/turtlebot3_teleop
[4.224s] Invoked command in '/home/kimchaewon/capstone_ws/build/turtlebot3_teleop' returned '0': PYTHONPATH=/home/kimchaewon/capstone_ws/build/turtlebot3_teleop/prefix_override:/usr/lib/python3/dist-packages/colcon_core/task/python/colcon_distutils_commands:/home/kimchaewon/capstone_ws/install/turtlebot3_teleop/lib/python3.10/site-packages:${PYTHONPATH} /usr/bin/python3 -W ignore:setup.py install is deprecated -W ignore:easy_install command is deprecated setup.py develop --editable --build-directory /home/kimchaewon/capstone_ws/build/turtlebot3_teleop/build --no-deps symlink_data
