[0.080s] Invoking command in '/home/kimchaewon/capstone_ws/build/turtlebot3_node': CMAKE_PREFIX_PATH=/home/kimchaewon/capstone_ws/install/turtlebot3_msgs:/home/kimchaewon/capstone_ws/install/dynamixel_sdk:/home/kimchaewon/capstone_ws/install/turtlebot3:/home/kimchaewon/capstone_ws/install/turtlebot3_simulations:/home/kimchaewon/capstone_ws/install/turtlebot3_bringup:/home/kimchaewon/capstone_ws/install/turtlebot3_node:/home/kimchaewon/capstone_ws/install/turtlebot3_navigation2:/home/kimchaewon/capstone_ws/install/turtlebot3_fake_node:/home/kimchaewon/capstone_ws/install/turtlebot3_manipulation_gazebo:/home/kimchaewon/capstone_ws/install/turtlebot3_gazebo:/home/kimchaewon/capstone_ws/install/turtlebot3_description:/home/kimchaewon/capstone_ws/install/turtlebot3_cartographer:/home/kimchaewon/capstone_ws/install/tf2_web_republisher:/home/kimchaewon/capstone_ws/install/tf2_web_republisher_interfaces:/home/kimchaewon/capstone_ws/install/dynamixel_sdk_examples:/home/kimchaewon/capstone_ws/install/dynamixel_sdk_custom_interfaces:/home/kimchaewon/capstone_ws/install/turtlebot3_teleop:/home/kimchaewon/capstone_ws/install/turtlebot3_example:/opt/ros/humble LD_LIBRARY_PATH=/home/kimchaewon/capstone_ws/install/turtlebot3_msgs/lib:/home/kimchaewon/capstone_ws/install/dynamixel_sdk/lib:/home/kimchaewon/capstone_ws/install/tf2_web_republisher/lib:/home/kimchaewon/capstone_ws/install/tf2_web_republisher_interfaces/lib:/home/kimchaewon/capstone_ws/install/dynamixel_sdk_custom_interfaces/lib:/opt/ros/humble/opt/rviz_ogre_vendor/lib:/opt/ros/humble/lib/x86_64-linux-gnu:/opt/ros/humble/lib:/usr/lib/x86_64-linux-gnu/gazebo-11/plugins /usr/bin/cmake /home/kimchaewon/capstone_ws/src/turtlebot3/turtlebot3_node -DAMENT_CMAKE_SYMLINK_INSTALL=1 -DCMAKE_INSTALL_PREFIX=/home/kimchaewon/capstone_ws/install/turtlebot3_node
[1.284s] -- The C compiler identification is GNU 11.4.0
[1.284s] -- The CXX compiler identification is GNU 11.4.0
[1.284s] -- Detecting C compiler ABI info
[1.285s] -- Detecting C compiler ABI info - done
[1.288s] -- Check for working C compiler: /usr/bin/cc - skipped
[1.288s] -- Detecting C compile features
[1.288s] -- Detecting C compile features - done
[1.288s] -- Detecting CXX compiler ABI info
[1.289s] -- Detecting CXX compiler ABI info - done
[1.289s] -- Check for working CXX compiler: /usr/bin/c++ - skipped
[1.289s] -- Detecting CXX compile features
[1.289s] -- Detecting CXX compile features - done
[1.289s] -- Found ament_cmake: 1.3.12 (/opt/ros/humble/share/ament_cmake/cmake)
[1.953s] -- Found Python3: /usr/bin/python3 (found version "3.10.12") found components: Interpreter 
[2.281s] -- Override CMake install command with custom implementation using symlinks instead of copying resources
[2.437s] -- Found dynamixel_sdk: 3.8.4 (/home/kimchaewon/capstone_ws/install/dynamixel_sdk/share/dynamixel_sdk/cmake)
[2.457s] -- Found geometry_msgs: 4.9.0 (/opt/ros/humble/share/geometry_msgs/cmake)
[2.650s] -- Found rosidl_generator_c: 3.1.7 (/opt/ros/humble/share/rosidl_generator_c/cmake)
[2.677s] -- Found rosidl_adapter: 3.1.7 (/opt/ros/humble/share/rosidl_adapter/cmake)
[2.719s] -- Found rosidl_generator_cpp: 3.1.7 (/opt/ros/humble/share/rosidl_generator_cpp/cmake)
[2.784s] -- Using all available rosidl_typesupport_c: rosidl_typesupport_fastrtps_c;rosidl_typesupport_introspection_c
[2.870s] -- Using all available rosidl_typesupport_cpp: rosidl_typesupport_fastrtps_cpp;rosidl_typesupport_introspection_cpp
[3.080s] -- Found message_filters: 4.3.8 (/opt/ros/humble/share/message_filters/cmake)
[3.297s] -- Found rmw_implementation_cmake: 6.1.2 (/opt/ros/humble/share/rmw_implementation_cmake/cmake)
[3.314s] -- Found rmw_fastrtps_cpp: 6.2.8 (/opt/ros/humble/share/rmw_fastrtps_cpp/cmake)
[3.702s] -- Found OpenSSL: /usr/lib/x86_64-linux-gnu/libcrypto.so (found version "3.0.2")  
[3.874s] -- Found FastRTPS: /opt/ros/humble/include  
[4.049s] -- Using RMW implementation 'rmw_fastrtps_cpp' as default
[4.092s] -- Looking for pthread.h
[4.432s] -- Looking for pthread.h - found
[4.433s] -- Performing Test CMAKE_HAVE_LIBC_PTHREAD
[4.995s] -- Performing Test CMAKE_HAVE_LIBC_PTHREAD - Success
[4.999s] -- Found Threads: TRUE  
[5.262s] -- Found nav_msgs: 4.9.0 (/opt/ros/humble/share/nav_msgs/cmake)
[5.340s] -- Found sensor_msgs: 4.9.0 (/opt/ros/humble/share/sensor_msgs/cmake)
[5.439s] -- Found std_srvs: 4.9.0 (/opt/ros/humble/share/std_srvs/cmake)
[5.519s] -- Found tf2: 0.25.16 (/opt/ros/humble/share/tf2/cmake)
[5.564s] -- Found tf2_ros: 0.25.16 (/opt/ros/humble/share/tf2_ros/cmake)
[5.958s] -- Found turtlebot3_msgs: 2.4.0 (/home/kimchaewon/capstone_ws/install/turtlebot3_msgs/share/turtlebot3_msgs/cmake)
[6.325s] -- Configuring done
[6.382s] -- Generating done
[6.405s] -- Build files have been written to: /home/kimchaewon/capstone_ws/build/turtlebot3_node
[6.434s] Invoked command in '/home/kimchaewon/capstone_ws/build/turtlebot3_node' returned '0': CMAKE_PREFIX_PATH=/home/kimchaewon/capstone_ws/install/turtlebot3_msgs:/home/kimchaewon/capstone_ws/install/dynamixel_sdk:/home/kimchaewon/capstone_ws/install/turtlebot3:/home/kimchaewon/capstone_ws/install/turtlebot3_simulations:/home/kimchaewon/capstone_ws/install/turtlebot3_bringup:/home/kimchaewon/capstone_ws/install/turtlebot3_node:/home/kimchaewon/capstone_ws/install/turtlebot3_navigation2:/home/kimchaewon/capstone_ws/install/turtlebot3_fake_node:/home/kimchaewon/capstone_ws/install/turtlebot3_manipulation_gazebo:/home/kimchaewon/capstone_ws/install/turtlebot3_gazebo:/home/kimchaewon/capstone_ws/install/turtlebot3_description:/home/kimchaewon/capstone_ws/install/turtlebot3_cartographer:/home/kimchaewon/capstone_ws/install/tf2_web_republisher:/home/kimchaewon/capstone_ws/install/tf2_web_republisher_interfaces:/home/kimchaewon/capstone_ws/install/dynamixel_sdk_examples:/home/kimchaewon/capstone_ws/install/dynamixel_sdk_custom_interfaces:/home/kimchaewon/capstone_ws/install/turtlebot3_teleop:/home/kimchaewon/capstone_ws/install/turtlebot3_example:/opt/ros/humble LD_LIBRARY_PATH=/home/kimchaewon/capstone_ws/install/turtlebot3_msgs/lib:/home/kimchaewon/capstone_ws/install/dynamixel_sdk/lib:/home/kimchaewon/capstone_ws/install/tf2_web_republisher/lib:/home/kimchaewon/capstone_ws/install/tf2_web_republisher_interfaces/lib:/home/kimchaewon/capstone_ws/install/dynamixel_sdk_custom_interfaces/lib:/opt/ros/humble/opt/rviz_ogre_vendor/lib:/opt/ros/humble/lib/x86_64-linux-gnu:/opt/ros/humble/lib:/usr/lib/x86_64-linux-gnu/gazebo-11/plugins /usr/bin/cmake /home/kimchaewon/capstone_ws/src/turtlebot3/turtlebot3_node -DAMENT_CMAKE_SYMLINK_INSTALL=1 -DCMAKE_INSTALL_PREFIX=/home/kimchaewon/capstone_ws/install/turtlebot3_node
[6.441s] Invoking command in '/home/kimchaewon/capstone_ws/build/turtlebot3_node': CMAKE_PREFIX_PATH=/home/kimchaewon/capstone_ws/install/turtlebot3_msgs:/home/kimchaewon/capstone_ws/install/dynamixel_sdk:/home/kimchaewon/capstone_ws/install/turtlebot3:/home/kimchaewon/capstone_ws/install/turtlebot3_simulations:/home/kimchaewon/capstone_ws/install/turtlebot3_bringup:/home/kimchaewon/capstone_ws/install/turtlebot3_node:/home/kimchaewon/capstone_ws/install/turtlebot3_navigation2:/home/kimchaewon/capstone_ws/install/turtlebot3_fake_node:/home/kimchaewon/capstone_ws/install/turtlebot3_manipulation_gazebo:/home/kimchaewon/capstone_ws/install/turtlebot3_gazebo:/home/kimchaewon/capstone_ws/install/turtlebot3_description:/home/kimchaewon/capstone_ws/install/turtlebot3_cartographer:/home/kimchaewon/capstone_ws/install/tf2_web_republisher:/home/kimchaewon/capstone_ws/install/tf2_web_republisher_interfaces:/home/kimchaewon/capstone_ws/install/dynamixel_sdk_examples:/home/kimchaewon/capstone_ws/install/dynamixel_sdk_custom_interfaces:/home/kimchaewon/capstone_ws/install/turtlebot3_teleop:/home/kimchaewon/capstone_ws/install/turtlebot3_example:/opt/ros/humble LD_LIBRARY_PATH=/home/kimchaewon/capstone_ws/install/turtlebot3_msgs/lib:/home/kimchaewon/capstone_ws/install/dynamixel_sdk/lib:/home/kimchaewon/capstone_ws/install/tf2_web_republisher/lib:/home/kimchaewon/capstone_ws/install/tf2_web_republisher_interfaces/lib:/home/kimchaewon/capstone_ws/install/dynamixel_sdk_custom_interfaces/lib:/opt/ros/humble/opt/rviz_ogre_vendor/lib:/opt/ros/humble/lib/x86_64-linux-gnu:/opt/ros/humble/lib:/usr/lib/x86_64-linux-gnu/gazebo-11/plugins /usr/bin/cmake --build /home/kimchaewon/capstone_ws/build/turtlebot3_node -- -j16 -l16
[6.612s] [  7%] [32mBuilding CXX object CMakeFiles/turtlebot3_node_lib.dir/src/devices/motor_power.cpp.o[0m
[6.619s] [ 14%] [32mBuilding CXX object CMakeFiles/turtlebot3_node_lib.dir/src/diff_drive_controller.cpp.o[0m
[6.624s] [ 28%] [32mBuilding CXX object CMakeFiles/turtlebot3_node_lib.dir/src/devices/sound.cpp.o[0m
[6.626s] [ 21%] [32mBuilding CXX object CMakeFiles/turtlebot3_node_lib.dir/src/devices/reset.cpp.o[0m
[6.648s] [ 35%] [32mBuilding CXX object CMakeFiles/turtlebot3_node_lib.dir/src/sensors/imu.cpp.o[0m
[6.655s] [ 50%] [32mBuilding CXX object CMakeFiles/turtlebot3_node_lib.dir/src/odometry.cpp.o[0m
[6.656s] [ 50%] [32mBuilding CXX object CMakeFiles/turtlebot3_node_lib.dir/src/dynamixel_sdk_wrapper.cpp.o[0m
[6.656s] [ 57%] [32mBuilding CXX object CMakeFiles/turtlebot3_node_lib.dir/src/sensors/joint_state.cpp.o[0m
[6.656s] [ 64%] [32mBuilding CXX object CMakeFiles/turtlebot3_node_lib.dir/src/turtlebot3.cpp.o[0m
[6.667s] [ 78%] [32mBuilding CXX object CMakeFiles/turtlebot3_node_lib.dir/src/sensors/sensor_state.cpp.o[0m
[6.667s] [ 78%] [32mBuilding CXX object CMakeFiles/turtlebot3_node_lib.dir/src/sensors/battery_state.cpp.o[0m
[45.787s] [ 85%] [32m[1mLinking CXX static library libturtlebot3_node_lib.a[0m
[46.509s] [ 85%] Built target turtlebot3_node_lib
[46.537s] [ 92%] [32mBuilding CXX object CMakeFiles/turtlebot3_ros.dir/src/node_main.cpp.o[0m
[50.246s] [100%] [32m[1mLinking CXX executable turtlebot3_ros[0m
[52.470s] [100%] Built target turtlebot3_ros
[52.488s] Invoked command in '/home/kimchaewon/capstone_ws/build/turtlebot3_node' returned '0': CMAKE_PREFIX_PATH=/home/kimchaewon/capstone_ws/install/turtlebot3_msgs:/home/kimchaewon/capstone_ws/install/dynamixel_sdk:/home/kimchaewon/capstone_ws/install/turtlebot3:/home/kimchaewon/capstone_ws/install/turtlebot3_simulations:/home/kimchaewon/capstone_ws/install/turtlebot3_bringup:/home/kimchaewon/capstone_ws/install/turtlebot3_node:/home/kimchaewon/capstone_ws/install/turtlebot3_navigation2:/home/kimchaewon/capstone_ws/install/turtlebot3_fake_node:/home/kimchaewon/capstone_ws/install/turtlebot3_manipulation_gazebo:/home/kimchaewon/capstone_ws/install/turtlebot3_gazebo:/home/kimchaewon/capstone_ws/install/turtlebot3_description:/home/kimchaewon/capstone_ws/install/turtlebot3_cartographer:/home/kimchaewon/capstone_ws/install/tf2_web_republisher:/home/kimchaewon/capstone_ws/install/tf2_web_republisher_interfaces:/home/kimchaewon/capstone_ws/install/dynamixel_sdk_examples:/home/kimchaewon/capstone_ws/install/dynamixel_sdk_custom_interfaces:/home/kimchaewon/capstone_ws/install/turtlebot3_teleop:/home/kimchaewon/capstone_ws/install/turtlebot3_example:/opt/ros/humble LD_LIBRARY_PATH=/home/kimchaewon/capstone_ws/install/turtlebot3_msgs/lib:/home/kimchaewon/capstone_ws/install/dynamixel_sdk/lib:/home/kimchaewon/capstone_ws/install/tf2_web_republisher/lib:/home/kimchaewon/capstone_ws/install/tf2_web_republisher_interfaces/lib:/home/kimchaewon/capstone_ws/install/dynamixel_sdk_custom_interfaces/lib:/opt/ros/humble/opt/rviz_ogre_vendor/lib:/opt/ros/humble/lib/x86_64-linux-gnu:/opt/ros/humble/lib:/usr/lib/x86_64-linux-gnu/gazebo-11/plugins /usr/bin/cmake --build /home/kimchaewon/capstone_ws/build/turtlebot3_node -- -j16 -l16
[52.491s] Invoking command in '/home/kimchaewon/capstone_ws/build/turtlebot3_node': CMAKE_PREFIX_PATH=/home/kimchaewon/capstone_ws/install/turtlebot3_msgs:/home/kimchaewon/capstone_ws/install/dynamixel_sdk:/home/kimchaewon/capstone_ws/install/turtlebot3:/home/kimchaewon/capstone_ws/install/turtlebot3_simulations:/home/kimchaewon/capstone_ws/install/turtlebot3_bringup:/home/kimchaewon/capstone_ws/install/turtlebot3_node:/home/kimchaewon/capstone_ws/install/turtlebot3_navigation2:/home/kimchaewon/capstone_ws/install/turtlebot3_fake_node:/home/kimchaewon/capstone_ws/install/turtlebot3_manipulation_gazebo:/home/kimchaewon/capstone_ws/install/turtlebot3_gazebo:/home/kimchaewon/capstone_ws/install/turtlebot3_description:/home/kimchaewon/capstone_ws/install/turtlebot3_cartographer:/home/kimchaewon/capstone_ws/install/tf2_web_republisher:/home/kimchaewon/capstone_ws/install/tf2_web_republisher_interfaces:/home/kimchaewon/capstone_ws/install/dynamixel_sdk_examples:/home/kimchaewon/capstone_ws/install/dynamixel_sdk_custom_interfaces:/home/kimchaewon/capstone_ws/install/turtlebot3_teleop:/home/kimchaewon/capstone_ws/install/turtlebot3_example:/opt/ros/humble LD_LIBRARY_PATH=/home/kimchaewon/capstone_ws/install/turtlebot3_msgs/lib:/home/kimchaewon/capstone_ws/install/dynamixel_sdk/lib:/home/kimchaewon/capstone_ws/install/tf2_web_republisher/lib:/home/kimchaewon/capstone_ws/install/tf2_web_republisher_interfaces/lib:/home/kimchaewon/capstone_ws/install/dynamixel_sdk_custom_interfaces/lib:/opt/ros/humble/opt/rviz_ogre_vendor/lib:/opt/ros/humble/lib/x86_64-linux-gnu:/opt/ros/humble/lib:/usr/lib/x86_64-linux-gnu/gazebo-11/plugins /usr/bin/cmake --install /home/kimchaewon/capstone_ws/build/turtlebot3_node
[52.501s] -- Install configuration: ""
[52.502s] -- Execute custom install script
[52.503s] -- Symlinking: /home/kimchaewon/capstone_ws/install/turtlebot3_node/share/turtlebot3_node/param/burger.yaml
[52.515s] -- Symlinking: /home/kimchaewon/capstone_ws/install/turtlebot3_node/share/turtlebot3_node/param/waffle.yaml
[52.526s] -- Symlinking: /home/kimchaewon/capstone_ws/install/turtlebot3_node/share/turtlebot3_node/param/waffle_pi.yaml
[52.538s] -- Symlinking: /home/kimchaewon/capstone_ws/install/turtlebot3_node/lib/turtlebot3_node/turtlebot3_ros
[52.548s] -- Symlinking: /home/kimchaewon/capstone_ws/install/turtlebot3_node/share/ament_index/resource_index/package_run_dependencies/turtlebot3_node
[52.558s] -- Symlinking: /home/kimchaewon/capstone_ws/install/turtlebot3_node/share/ament_index/resource_index/parent_prefix_path/turtlebot3_node
[52.570s] -- Symlinking: /home/kimchaewon/capstone_ws/install/turtlebot3_node/share/turtlebot3_node/environment/ament_prefix_path.sh
[52.581s] -- Symlinking: /home/kimchaewon/capstone_ws/install/turtlebot3_node/share/turtlebot3_node/environment/ament_prefix_path.dsv
[52.591s] -- Symlinking: /home/kimchaewon/capstone_ws/install/turtlebot3_node/share/turtlebot3_node/environment/path.sh
[52.603s] -- Symlinking: /home/kimchaewon/capstone_ws/install/turtlebot3_node/share/turtlebot3_node/environment/path.dsv
[52.615s] -- Symlinking: /home/kimchaewon/capstone_ws/install/turtlebot3_node/share/turtlebot3_node/local_setup.bash
[52.625s] -- Symlinking: /home/kimchaewon/capstone_ws/install/turtlebot3_node/share/turtlebot3_node/local_setup.sh
[52.635s] -- Symlinking: /home/kimchaewon/capstone_ws/install/turtlebot3_node/share/turtlebot3_node/local_setup.zsh
[52.645s] -- Symlinking: /home/kimchaewon/capstone_ws/install/turtlebot3_node/share/turtlebot3_node/local_setup.dsv
[52.656s] -- Symlinking: /home/kimchaewon/capstone_ws/install/turtlebot3_node/share/turtlebot3_node/package.dsv
[52.667s] -- Symlinking: /home/kimchaewon/capstone_ws/install/turtlebot3_node/share/ament_index/resource_index/packages/turtlebot3_node
[52.677s] -- Symlinking: /home/kimchaewon/capstone_ws/install/turtlebot3_node/share/turtlebot3_node/cmake/ament_cmake_export_dependencies-extras.cmake
[52.687s] -- Symlinking: /home/kimchaewon/capstone_ws/install/turtlebot3_node/share/turtlebot3_node/cmake/ament_cmake_export_include_directories-extras.cmake
[52.700s] -- Symlinking: /home/kimchaewon/capstone_ws/install/turtlebot3_node/share/turtlebot3_node/cmake/turtlebot3_nodeConfig.cmake
[52.713s] -- Symlinking: /home/kimchaewon/capstone_ws/install/turtlebot3_node/share/turtlebot3_node/cmake/turtlebot3_nodeConfig-version.cmake
[52.723s] -- Symlinking: /home/kimchaewon/capstone_ws/install/turtlebot3_node/share/turtlebot3_node/package.xml
[52.736s] Invoked command in '/home/kimchaewon/capstone_ws/build/turtlebot3_node' returned '0': CMAKE_PREFIX_PATH=/home/kimchaewon/capstone_ws/install/turtlebot3_msgs:/home/kimchaewon/capstone_ws/install/dynamixel_sdk:/home/kimchaewon/capstone_ws/install/turtlebot3:/home/kimchaewon/capstone_ws/install/turtlebot3_simulations:/home/kimchaewon/capstone_ws/install/turtlebot3_bringup:/home/kimchaewon/capstone_ws/install/turtlebot3_node:/home/kimchaewon/capstone_ws/install/turtlebot3_navigation2:/home/kimchaewon/capstone_ws/install/turtlebot3_fake_node:/home/kimchaewon/capstone_ws/install/turtlebot3_manipulation_gazebo:/home/kimchaewon/capstone_ws/install/turtlebot3_gazebo:/home/kimchaewon/capstone_ws/install/turtlebot3_description:/home/kimchaewon/capstone_ws/install/turtlebot3_cartographer:/home/kimchaewon/capstone_ws/install/tf2_web_republisher:/home/kimchaewon/capstone_ws/install/tf2_web_republisher_interfaces:/home/kimchaewon/capstone_ws/install/dynamixel_sdk_examples:/home/kimchaewon/capstone_ws/install/dynamixel_sdk_custom_interfaces:/home/kimchaewon/capstone_ws/install/turtlebot3_teleop:/home/kimchaewon/capstone_ws/install/turtlebot3_example:/opt/ros/humble LD_LIBRARY_PATH=/home/kimchaewon/capstone_ws/install/turtlebot3_msgs/lib:/home/kimchaewon/capstone_ws/install/dynamixel_sdk/lib:/home/kimchaewon/capstone_ws/install/tf2_web_republisher/lib:/home/kimchaewon/capstone_ws/install/tf2_web_republisher_interfaces/lib:/home/kimchaewon/capstone_ws/install/dynamixel_sdk_custom_interfaces/lib:/opt/ros/humble/opt/rviz_ogre_vendor/lib:/opt/ros/humble/lib/x86_64-linux-gnu:/opt/ros/humble/lib:/usr/lib/x86_64-linux-gnu/gazebo-11/plugins /usr/bin/cmake --install /home/kimchaewon/capstone_ws/build/turtlebot3_node
