[0.067s] Invoking command in '/home/kimchaewon/capstone_ws/build/turtlebot3_msgs': CMAKE_PREFIX_PATH=${CMAKE_PREFIX_PATH}:/home/kimchaewon/capstone_ws/install/turtlebot3_teleop:/home/kimchaewon/capstone_ws/install/turtlebot3_example:/opt/ros/humble /usr/bin/cmake /home/kimchaewon/capstone_ws/src/turtlebot3_msgs -DAMENT_CMAKE_SYMLINK_INSTALL=1 -DCMAKE_INSTALL_PREFIX=/home/kimchaewon/capstone_ws/install/turtlebot3_msgs
[0.197s] -- The C compiler identification is GNU 11.4.0
[0.365s] -- The CXX compiler identification is GNU 11.4.0
[0.386s] -- Detecting C compiler ABI info
[0.584s] -- Detecting C compiler ABI info - done
[0.615s] -- Check for working C compiler: /usr/bin/cc - skipped
[0.616s] -- Detecting C compile features
[0.617s] -- Detecting C compile features - done
[0.629s] -- Detecting CXX compiler ABI info
[0.865s] -- Detecting CXX compiler ABI info - done
[0.887s] -- Check for working CXX compiler: /usr/bin/c++ - skipped
[0.889s] -- Detecting CXX compile features
[0.889s] -- Detecting CXX compile features - done
[0.895s] -- Found action_msgs: 1.2.2 (/opt/ros/humble/share/action_msgs/cmake)
[1.309s] -- Found Python3: /usr/bin/python3 (found version "3.10.12") found components: Interpreter 
[1.495s] -- Override CMake install command with custom implementation using symlinks instead of copying resources
[1.726s] -- Found rosidl_generator_c: 3.1.7 (/opt/ros/humble/share/rosidl_generator_c/cmake)
[1.743s] -- Found rosidl_adapter: 3.1.7 (/opt/ros/humble/share/rosidl_adapter/cmake)
[1.775s] -- Found rosidl_generator_cpp: 3.1.7 (/opt/ros/humble/share/rosidl_generator_cpp/cmake)
[1.821s] -- Using all available rosidl_typesupport_c: rosidl_typesupport_fastrtps_c;rosidl_typesupport_introspection_c
[1.885s] -- Using all available rosidl_typesupport_cpp: rosidl_typesupport_fastrtps_cpp;rosidl_typesupport_introspection_cpp
[2.031s] -- Found rosidl_default_generators: 1.2.0 (/opt/ros/humble/share/rosidl_default_generators/cmake)
[2.065s] -- Found std_msgs: 4.9.0 (/opt/ros/humble/share/std_msgs/cmake)
[2.115s] -- Found geometry_msgs: 4.9.0 (/opt/ros/humble/share/geometry_msgs/cmake)
[3.928s] -- Found ament_cmake_cppcheck: 0.12.14 (/opt/ros/humble/share/ament_cmake_cppcheck/cmake)
[3.946s] -- Found ament_cmake_cpplint: 0.12.14 (/opt/ros/humble/share/ament_cmake_cpplint/cmake)
[3.989s] -- Found ament_cmake_uncrustify: 0.12.14 (/opt/ros/humble/share/ament_cmake_uncrustify/cmake)
[4.015s] -- Found ament_cmake_ros: 0.10.0 (/opt/ros/humble/share/ament_cmake_ros/cmake)
[5.395s] -- Using all available rosidl_typesupport_c: rosidl_typesupport_fastrtps_c;rosidl_typesupport_introspection_c
[5.964s] -- Using all available rosidl_typesupport_cpp: rosidl_typesupport_fastrtps_cpp;rosidl_typesupport_introspection_cpp
[6.044s] -- Found PythonInterp: /usr/bin/python3 (found suitable version "3.10.12", minimum required is "3.6") 
[6.050s] -- Found python_cmake_module: 0.10.0 (/opt/ros/humble/share/python_cmake_module/cmake)
[6.116s] -- Found PythonLibs: /usr/lib/x86_64-linux-gnu/libpython3.10.so (found suitable version "3.10.12", minimum required is "3.5") 
[6.116s] -- Using PYTHON_EXECUTABLE: /usr/bin/python3
[6.117s] -- Using PYTHON_INCLUDE_DIRS: /usr/include/python3.10
[6.117s] -- Using PYTHON_LIBRARIES: /usr/lib/x86_64-linux-gnu/libpython3.10.so
[6.181s] -- Found PythonExtra: .so  
[6.392s] -- Found ament_cmake_flake8: 0.12.14 (/opt/ros/humble/share/ament_cmake_flake8/cmake)
[6.401s] -- Found ament_cmake_pep257: 0.12.14 (/opt/ros/humble/share/ament_cmake_pep257/cmake)
[6.438s] -- Configuring done
[6.587s] -- Generating done
[6.633s] -- Build files have been written to: /home/kimchaewon/capstone_ws/build/turtlebot3_msgs
[6.667s] Invoked command in '/home/kimchaewon/capstone_ws/build/turtlebot3_msgs' returned '0': CMAKE_PREFIX_PATH=${CMAKE_PREFIX_PATH}:/home/kimchaewon/capstone_ws/install/turtlebot3_teleop:/home/kimchaewon/capstone_ws/install/turtlebot3_example:/opt/ros/humble /usr/bin/cmake /home/kimchaewon/capstone_ws/src/turtlebot3_msgs -DAMENT_CMAKE_SYMLINK_INSTALL=1 -DCMAKE_INSTALL_PREFIX=/home/kimchaewon/capstone_ws/install/turtlebot3_msgs
[6.672s] Invoking command in '/home/kimchaewon/capstone_ws/build/turtlebot3_msgs': CMAKE_PREFIX_PATH=${CMAKE_PREFIX_PATH}:/home/kimchaewon/capstone_ws/install/turtlebot3_teleop:/home/kimchaewon/capstone_ws/install/turtlebot3_example:/opt/ros/humble /usr/bin/cmake --build /home/kimchaewon/capstone_ws/build/turtlebot3_msgs -- -j16 -l16
[6.788s] [  1%] [34m[1mGenerating C code for ROS interfaces[0m
[6.811s] [  2%] [34m[1mGenerating C++ code for ROS interfaces[0m
[6.825s] [  2%] Built target ament_cmake_python_symlink_turtlebot3_msgs
[7.722s] running egg_info
[7.724s] creating turtlebot3_msgs.egg-info
[7.724s] writing turtlebot3_msgs.egg-info/PKG-INFO
[7.725s] writing dependency_links to turtlebot3_msgs.egg-info/dependency_links.txt
[7.725s] writing top-level names to turtlebot3_msgs.egg-info/top_level.txt
[7.726s] writing manifest file 'turtlebot3_msgs.egg-info/SOURCES.txt'
[7.733s] reading manifest file 'turtlebot3_msgs.egg-info/SOURCES.txt'
[7.734s] writing manifest file 'turtlebot3_msgs.egg-info/SOURCES.txt'
[7.816s] [  2%] Built target ament_cmake_python_build_turtlebot3_msgs_egg
[10.273s] [  3%] [32mBuilding C object CMakeFiles/turtlebot3_msgs__rosidl_generator_c.dir/rosidl_generator_c/turtlebot3_msgs/msg/detail/sensor_state__functions.c.o[0m
[10.278s] [  5%] [32mBuilding C object CMakeFiles/turtlebot3_msgs__rosidl_generator_c.dir/rosidl_generator_c/turtlebot3_msgs/msg/detail/sound__functions.c.o[0m
[10.282s] [  6%] [32mBuilding C object CMakeFiles/turtlebot3_msgs__rosidl_generator_c.dir/rosidl_generator_c/turtlebot3_msgs/msg/detail/version_info__functions.c.o[0m
[10.295s] [  7%] [32mBuilding C object CMakeFiles/turtlebot3_msgs__rosidl_generator_c.dir/rosidl_generator_c/turtlebot3_msgs/srv/detail/goal__functions.c.o[0m
[10.298s] [  8%] [32mBuilding C object CMakeFiles/turtlebot3_msgs__rosidl_generator_c.dir/rosidl_generator_c/turtlebot3_msgs/srv/detail/sound__functions.c.o[0m
[10.302s] [ 10%] [32mBuilding C object CMakeFiles/turtlebot3_msgs__rosidl_generator_c.dir/rosidl_generator_c/turtlebot3_msgs/srv/detail/dqn__functions.c.o[0m
[10.311s] [ 11%] [32mBuilding C object CMakeFiles/turtlebot3_msgs__rosidl_generator_c.dir/rosidl_generator_c/turtlebot3_msgs/action/detail/patrol__functions.c.o[0m
[10.796s] [ 11%] Built target turtlebot3_msgs__cpp
[10.878s] [ 12%] [34m[1mGenerating C++ type support for eProsima Fast-RTPS[0m
[10.883s] [ 13%] [34m[1mGenerating C++ type support dispatch for ROS interfaces[0m
[10.891s] [ 15%] [34m[1mGenerating C++ introspection for ROS interfaces[0m
[11.084s] [ 16%] [32m[1mLinking C shared library libturtlebot3_msgs__rosidl_generator_c.so[0m
[11.295s] [ 16%] Built target turtlebot3_msgs__rosidl_generator_c
[11.378s] [ 18%] [34m[1mGenerating C type support for eProsima Fast-RTPS[0m
[11.379s] [ 18%] [34m[1mGenerating C introspection for ROS interfaces[0m
[11.382s] [ 20%] [34m[1mGenerating C type support dispatch for ROS interfaces[0m
[14.895s] [ 21%] [32mBuilding C object CMakeFiles/turtlebot3_msgs__rosidl_typesupport_introspection_c.dir/rosidl_typesupport_introspection_c/turtlebot3_msgs/msg/detail/sensor_state__type_support.c.o[0m
[14.895s] [ 22%] [32mBuilding CXX object CMakeFiles/turtlebot3_msgs__rosidl_typesupport_c.dir/rosidl_typesupport_c/turtlebot3_msgs/msg/sound__type_support.cpp.o[0m
[14.898s] [ 24%] [32mBuilding CXX object CMakeFiles/turtlebot3_msgs__rosidl_typesupport_c.dir/rosidl_typesupport_c/turtlebot3_msgs/msg/sensor_state__type_support.cpp.o[0m
[14.906s] [ 26%] [32mBuilding C object CMakeFiles/turtlebot3_msgs__rosidl_typesupport_introspection_c.dir/rosidl_typesupport_introspection_c/turtlebot3_msgs/msg/detail/sound__type_support.c.o[0m
[14.907s] [ 26%] [32mBuilding CXX object CMakeFiles/turtlebot3_msgs__rosidl_typesupport_c.dir/rosidl_typesupport_c/turtlebot3_msgs/srv/dqn__type_support.cpp.o[0m
[14.907s] [ 27%] [32mBuilding CXX object CMakeFiles/turtlebot3_msgs__rosidl_typesupport_c.dir/rosidl_typesupport_c/turtlebot3_msgs/srv/sound__type_support.cpp.o[0m
[14.917s] [ 31%] [32mBuilding C object CMakeFiles/turtlebot3_msgs__rosidl_typesupport_introspection_c.dir/rosidl_typesupport_introspection_c/turtlebot3_msgs/msg/detail/version_info__type_support.c.o[0m
[14.919s] [ 32%] [32mBuilding CXX object CMakeFiles/turtlebot3_msgs__rosidl_typesupport_c.dir/rosidl_typesupport_c/turtlebot3_msgs/msg/version_info__type_support.cpp.o[0m
[14.919s] [ 32%] [32mBuilding C object CMakeFiles/turtlebot3_msgs__rosidl_typesupport_introspection_c.dir/rosidl_typesupport_introspection_c/turtlebot3_msgs/srv/detail/sound__type_support.c.o[0m
[14.941s] [ 32%] [32mBuilding C object CMakeFiles/turtlebot3_msgs__rosidl_typesupport_introspection_c.dir/rosidl_typesupport_introspection_c/turtlebot3_msgs/srv/detail/dqn__type_support.c.o[0m
[14.941s] [ 34%] [32mBuilding CXX object CMakeFiles/turtlebot3_msgs__rosidl_typesupport_c.dir/rosidl_typesupport_c/turtlebot3_msgs/srv/goal__type_support.cpp.o[0m
[14.945s] [ 35%] [32mBuilding CXX object CMakeFiles/turtlebot3_msgs__rosidl_typesupport_cpp.dir/rosidl_typesupport_cpp/turtlebot3_msgs/msg/sensor_state__type_support.cpp.o[0m
[14.949s] [ 36%] [32mBuilding C object CMakeFiles/turtlebot3_msgs__rosidl_typesupport_introspection_c.dir/rosidl_typesupport_introspection_c/turtlebot3_msgs/srv/detail/goal__type_support.c.o[0m
[15.095s] [ 37%] [32mBuilding CXX object CMakeFiles/turtlebot3_msgs__rosidl_typesupport_c.dir/rosidl_typesupport_c/turtlebot3_msgs/action/patrol__type_support.cpp.o[0m
[15.100s] [ 39%] [32mBuilding CXX object CMakeFiles/turtlebot3_msgs__rosidl_typesupport_cpp.dir/rosidl_typesupport_cpp/turtlebot3_msgs/msg/sound__type_support.cpp.o[0m
[15.115s] [ 40%] [32mBuilding C object CMakeFiles/turtlebot3_msgs__rosidl_typesupport_introspection_c.dir/rosidl_typesupport_introspection_c/turtlebot3_msgs/action/detail/patrol__type_support.c.o[0m
[15.124s] [ 41%] [32mBuilding CXX object CMakeFiles/turtlebot3_msgs__rosidl_typesupport_cpp.dir/rosidl_typesupport_cpp/turtlebot3_msgs/msg/version_info__type_support.cpp.o[0m
[15.135s] [ 43%] [32mBuilding CXX object CMakeFiles/turtlebot3_msgs__rosidl_typesupport_cpp.dir/rosidl_typesupport_cpp/turtlebot3_msgs/srv/sound__type_support.cpp.o[0m
[15.168s] [ 44%] [32mBuilding CXX object CMakeFiles/turtlebot3_msgs__rosidl_typesupport_cpp.dir/rosidl_typesupport_cpp/turtlebot3_msgs/srv/dqn__type_support.cpp.o[0m
[15.202s] [ 45%] [32mBuilding CXX object CMakeFiles/turtlebot3_msgs__rosidl_typesupport_cpp.dir/rosidl_typesupport_cpp/turtlebot3_msgs/action/patrol__type_support.cpp.o[0m
[15.205s] [ 46%] [32mBuilding CXX object CMakeFiles/turtlebot3_msgs__rosidl_typesupport_cpp.dir/rosidl_typesupport_cpp/turtlebot3_msgs/srv/goal__type_support.cpp.o[0m
[15.394s] [ 48%] [32m[1mLinking CXX shared library libturtlebot3_msgs__rosidl_typesupport_c.so[0m
[15.399s] [ 49%] [32mBuilding CXX object CMakeFiles/turtlebot3_msgs__rosidl_typesupport_introspection_cpp.dir/rosidl_typesupport_introspection_cpp/turtlebot3_msgs/msg/detail/sound__type_support.cpp.o[0m
[15.417s] [ 50%] [32mBuilding CXX object CMakeFiles/turtlebot3_msgs__rosidl_typesupport_introspection_cpp.dir/rosidl_typesupport_introspection_cpp/turtlebot3_msgs/msg/detail/sensor_state__type_support.cpp.o[0m
[15.422s] [ 51%] [32m[1mLinking C shared library libturtlebot3_msgs__rosidl_typesupport_introspection_c.so[0m
[15.435s] [ 54%] [32mBuilding CXX object CMakeFiles/turtlebot3_msgs__rosidl_typesupport_introspection_cpp.dir/rosidl_typesupport_introspection_cpp/turtlebot3_msgs/srv/detail/sound__type_support.cpp.o[0m
[15.437s] [ 54%] [32mBuilding CXX object CMakeFiles/turtlebot3_msgs__rosidl_typesupport_introspection_cpp.dir/rosidl_typesupport_introspection_cpp/turtlebot3_msgs/msg/detail/version_info__type_support.cpp.o[0m
[15.444s] [ 55%] [32mBuilding CXX object CMakeFiles/turtlebot3_msgs__rosidl_typesupport_introspection_cpp.dir/rosidl_typesupport_introspection_cpp/turtlebot3_msgs/srv/detail/dqn__type_support.cpp.o[0m
[15.635s] [ 55%] Built target turtlebot3_msgs__rosidl_typesupport_introspection_c
[15.636s] [ 55%] Built target turtlebot3_msgs__rosidl_typesupport_c
[15.663s] [ 56%] [32mBuilding CXX object CMakeFiles/turtlebot3_msgs__rosidl_typesupport_introspection_cpp.dir/rosidl_typesupport_introspection_cpp/turtlebot3_msgs/srv/detail/goal__type_support.cpp.o[0m
[15.679s] [ 58%] [32mBuilding CXX object CMakeFiles/turtlebot3_msgs__rosidl_typesupport_introspection_cpp.dir/rosidl_typesupport_introspection_cpp/turtlebot3_msgs/action/detail/patrol__type_support.cpp.o[0m
[16.354s] [ 59%] [32mBuilding CXX object CMakeFiles/turtlebot3_msgs__rosidl_typesupport_fastrtps_c.dir/rosidl_typesupport_fastrtps_c/turtlebot3_msgs/msg/detail/sensor_state__type_support_c.cpp.o[0m
[16.390s] [ 60%] [32mBuilding CXX object CMakeFiles/turtlebot3_msgs__rosidl_typesupport_fastrtps_c.dir/rosidl_typesupport_fastrtps_c/turtlebot3_msgs/msg/detail/sound__type_support_c.cpp.o[0m
[16.408s] [ 62%] [32mBuilding CXX object CMakeFiles/turtlebot3_msgs__rosidl_typesupport_fastrtps_c.dir/rosidl_typesupport_fastrtps_c/turtlebot3_msgs/msg/detail/version_info__type_support_c.cpp.o[0m
[16.488s] [ 63%] [32mBuilding CXX object CMakeFiles/turtlebot3_msgs__rosidl_typesupport_fastrtps_c.dir/rosidl_typesupport_fastrtps_c/turtlebot3_msgs/srv/detail/sound__type_support_c.cpp.o[0m
[16.792s] [ 64%] [32mBuilding CXX object CMakeFiles/turtlebot3_msgs__rosidl_typesupport_fastrtps_c.dir/rosidl_typesupport_fastrtps_c/turtlebot3_msgs/srv/detail/dqn__type_support_c.cpp.o[0m
[16.802s] [ 65%] [32mBuilding CXX object CMakeFiles/turtlebot3_msgs__rosidl_typesupport_fastrtps_c.dir/rosidl_typesupport_fastrtps_c/turtlebot3_msgs/srv/detail/goal__type_support_c.cpp.o[0m
[17.323s] [ 67%] [32mBuilding CXX object CMakeFiles/turtlebot3_msgs__rosidl_typesupport_fastrtps_c.dir/rosidl_typesupport_fastrtps_c/turtlebot3_msgs/action/detail/patrol__type_support_c.cpp.o[0m
[17.687s] [ 68%] [32mBuilding CXX object CMakeFiles/turtlebot3_msgs__rosidl_typesupport_fastrtps_cpp.dir/rosidl_typesupport_fastrtps_cpp/turtlebot3_msgs/msg/detail/dds_fastrtps/version_info__type_support.cpp.o[0m
[17.688s] [ 69%] [32mBuilding CXX object CMakeFiles/turtlebot3_msgs__rosidl_typesupport_fastrtps_cpp.dir/rosidl_typesupport_fastrtps_cpp/turtlebot3_msgs/msg/detail/dds_fastrtps/sensor_state__type_support.cpp.o[0m
[17.697s] [ 70%] [32mBuilding CXX object CMakeFiles/turtlebot3_msgs__rosidl_typesupport_fastrtps_cpp.dir/rosidl_typesupport_fastrtps_cpp/turtlebot3_msgs/msg/detail/dds_fastrtps/sound__type_support.cpp.o[0m
[17.710s] [ 72%] [32mBuilding CXX object CMakeFiles/turtlebot3_msgs__rosidl_typesupport_fastrtps_cpp.dir/rosidl_typesupport_fastrtps_cpp/turtlebot3_msgs/srv/detail/dds_fastrtps/sound__type_support.cpp.o[0m
[17.877s] [ 73%] [32mBuilding CXX object CMakeFiles/turtlebot3_msgs__rosidl_typesupport_fastrtps_cpp.dir/rosidl_typesupport_fastrtps_cpp/turtlebot3_msgs/srv/detail/dds_fastrtps/goal__type_support.cpp.o[0m
[17.887s] [ 74%] [32mBuilding CXX object CMakeFiles/turtlebot3_msgs__rosidl_typesupport_fastrtps_cpp.dir/rosidl_typesupport_fastrtps_cpp/turtlebot3_msgs/srv/detail/dds_fastrtps/dqn__type_support.cpp.o[0m
[17.916s] [ 75%] [32mBuilding CXX object CMakeFiles/turtlebot3_msgs__rosidl_typesupport_fastrtps_cpp.dir/rosidl_typesupport_fastrtps_cpp/turtlebot3_msgs/action/detail/dds_fastrtps/patrol__type_support.cpp.o[0m
[18.228s] [ 77%] [32m[1mLinking CXX shared library libturtlebot3_msgs__rosidl_typesupport_cpp.so[0m
[18.382s] [ 78%] [32m[1mLinking CXX shared library libturtlebot3_msgs__rosidl_typesupport_introspection_cpp.so[0m
[18.471s] [ 78%] Built target turtlebot3_msgs__rosidl_typesupport_cpp
[18.940s] [ 78%] Built target turtlebot3_msgs__rosidl_typesupport_introspection_cpp
[19.149s] [ 79%] [32m[1mLinking CXX shared library libturtlebot3_msgs__rosidl_typesupport_fastrtps_c.so[0m
[19.497s] [ 79%] Built target turtlebot3_msgs__rosidl_typesupport_fastrtps_c
[20.066s] [ 81%] [32m[1mLinking CXX shared library libturtlebot3_msgs__rosidl_typesupport_fastrtps_cpp.so[0m
[20.328s] [ 81%] Built target turtlebot3_msgs__rosidl_typesupport_fastrtps_cpp
[20.387s] [ 81%] Built target turtlebot3_msgs
[20.450s] [ 82%] [34m[1mGenerating Python code for ROS interfaces[0m
[25.144s] [ 82%] Built target turtlebot3_msgs__py
[25.214s] [ 83%] [32mBuilding C object CMakeFiles/turtlebot3_msgs__rosidl_generator_py.dir/rosidl_generator_py/turtlebot3_msgs/msg/_sensor_state_s.c.o[0m
[25.222s] [ 84%] [32mBuilding C object CMakeFiles/turtlebot3_msgs__rosidl_generator_py.dir/rosidl_generator_py/turtlebot3_msgs/msg/_sound_s.c.o[0m
[25.222s] [ 87%] [32mBuilding C object CMakeFiles/turtlebot3_msgs__rosidl_generator_py.dir/rosidl_generator_py/turtlebot3_msgs/srv/_sound_s.c.o[0m
[25.222s] [ 87%] [32mBuilding C object CMakeFiles/turtlebot3_msgs__rosidl_generator_py.dir/rosidl_generator_py/turtlebot3_msgs/msg/_version_info_s.c.o[0m
[25.223s] [ 88%] [32mBuilding C object CMakeFiles/turtlebot3_msgs__rosidl_generator_py.dir/rosidl_generator_py/turtlebot3_msgs/srv/_dqn_s.c.o[0m
[25.224s] [ 89%] [32mBuilding C object CMakeFiles/turtlebot3_msgs__rosidl_generator_py.dir/rosidl_generator_py/turtlebot3_msgs/srv/_goal_s.c.o[0m
[25.230s] [ 91%] [32mBuilding C object CMakeFiles/turtlebot3_msgs__rosidl_generator_py.dir/rosidl_generator_py/turtlebot3_msgs/action/_patrol_s.c.o[0m
[25.741s] [ 92%] [32m[1mLinking C shared library rosidl_generator_py/turtlebot3_msgs/libturtlebot3_msgs__rosidl_generator_py.so[0m
[25.886s] [ 92%] Built target turtlebot3_msgs__rosidl_generator_py
[25.943s] [ 93%] [32mBuilding C object CMakeFiles/turtlebot3_msgs__rosidl_typesupport_c__pyext.dir/rosidl_generator_py/turtlebot3_msgs/_turtlebot3_msgs_s.ep.rosidl_typesupport_c.c.o[0m
[25.951s] [ 94%] [32mBuilding C object CMakeFiles/turtlebot3_msgs__rosidl_typesupport_fastrtps_c__pyext.dir/rosidl_generator_py/turtlebot3_msgs/_turtlebot3_msgs_s.ep.rosidl_typesupport_fastrtps_c.c.o[0m
[25.955s] [ 96%] [32mBuilding C object CMakeFiles/turtlebot3_msgs__rosidl_typesupport_introspection_c__pyext.dir/rosidl_generator_py/turtlebot3_msgs/_turtlebot3_msgs_s.ep.rosidl_typesupport_introspection_c.c.o[0m
[26.400s] [ 97%] [32m[1mLinking C shared library rosidl_generator_py/turtlebot3_msgs/turtlebot3_msgs_s__rosidl_typesupport_c.cpython-310-x86_64-linux-gnu.so[0m
[26.481s] [100%] [32m[1mLinking C shared library rosidl_generator_py/turtlebot3_msgs/turtlebot3_msgs_s__rosidl_typesupport_introspection_c.cpython-310-x86_64-linux-gnu.so[0m
[26.481s] [100%] [32m[1mLinking C shared library rosidl_generator_py/turtlebot3_msgs/turtlebot3_msgs_s__rosidl_typesupport_fastrtps_c.cpython-310-x86_64-linux-gnu.so[0m
[26.572s] [100%] Built target turtlebot3_msgs__rosidl_typesupport_c__pyext
[26.667s] [100%] Built target turtlebot3_msgs__rosidl_typesupport_fastrtps_c__pyext
[26.667s] [100%] Built target turtlebot3_msgs__rosidl_typesupport_introspection_c__pyext
[26.708s] Invoked command in '/home/kimchaewon/capstone_ws/build/turtlebot3_msgs' returned '0': CMAKE_PREFIX_PATH=${CMAKE_PREFIX_PATH}:/home/kimchaewon/capstone_ws/install/turtlebot3_teleop:/home/kimchaewon/capstone_ws/install/turtlebot3_example:/opt/ros/humble /usr/bin/cmake --build /home/kimchaewon/capstone_ws/build/turtlebot3_msgs -- -j16 -l16
[26.713s] Invoking command in '/home/kimchaewon/capstone_ws/build/turtlebot3_msgs': CMAKE_PREFIX_PATH=${CMAKE_PREFIX_PATH}:/home/kimchaewon/capstone_ws/install/turtlebot3_teleop:/home/kimchaewon/capstone_ws/install/turtlebot3_example:/opt/ros/humble /usr/bin/cmake --install /home/kimchaewon/capstone_ws/build/turtlebot3_msgs
[26.740s] -- Install configuration: ""
[26.742s] -- Execute custom install script
[26.743s] -- Symlinking: /home/kimchaewon/capstone_ws/install/turtlebot3_msgs/share/ament_index/resource_index/rosidl_interfaces/turtlebot3_msgs
[26.775s] -- Symlinking: /home/kimchaewon/capstone_ws/install/turtlebot3_msgs/include/turtlebot3_msgs/turtlebot3_msgs/action/detail/patrol__functions.h
[26.802s] -- Symlinking: /home/kimchaewon/capstone_ws/install/turtlebot3_msgs/include/turtlebot3_msgs/turtlebot3_msgs/action/detail/patrol__struct.h
[26.831s] -- Symlinking: /home/kimchaewon/capstone_ws/install/turtlebot3_msgs/include/turtlebot3_msgs/turtlebot3_msgs/action/detail/patrol__type_support.h
[26.861s] -- Symlinking: /home/kimchaewon/capstone_ws/install/turtlebot3_msgs/include/turtlebot3_msgs/turtlebot3_msgs/action/patrol.h
[26.890s] -- Symlinking: /home/kimchaewon/capstone_ws/install/turtlebot3_msgs/include/turtlebot3_msgs/turtlebot3_msgs/msg/detail/sensor_state__functions.h
[26.918s] -- Symlinking: /home/kimchaewon/capstone_ws/install/turtlebot3_msgs/include/turtlebot3_msgs/turtlebot3_msgs/msg/detail/sensor_state__struct.h
[26.948s] -- Symlinking: /home/kimchaewon/capstone_ws/install/turtlebot3_msgs/include/turtlebot3_msgs/turtlebot3_msgs/msg/detail/sensor_state__type_support.h
[26.978s] -- Symlinking: /home/kimchaewon/capstone_ws/install/turtlebot3_msgs/include/turtlebot3_msgs/turtlebot3_msgs/msg/detail/sound__functions.h
[27.007s] -- Symlinking: /home/kimchaewon/capstone_ws/install/turtlebot3_msgs/include/turtlebot3_msgs/turtlebot3_msgs/msg/detail/sound__struct.h
[27.035s] -- Symlinking: /home/kimchaewon/capstone_ws/install/turtlebot3_msgs/include/turtlebot3_msgs/turtlebot3_msgs/msg/detail/sound__type_support.h
[27.065s] -- Symlinking: /home/kimchaewon/capstone_ws/install/turtlebot3_msgs/include/turtlebot3_msgs/turtlebot3_msgs/msg/detail/version_info__functions.h
[27.093s] -- Symlinking: /home/kimchaewon/capstone_ws/install/turtlebot3_msgs/include/turtlebot3_msgs/turtlebot3_msgs/msg/detail/version_info__struct.h
[27.123s] -- Symlinking: /home/kimchaewon/capstone_ws/install/turtlebot3_msgs/include/turtlebot3_msgs/turtlebot3_msgs/msg/detail/version_info__type_support.h
[27.153s] -- Symlinking: /home/kimchaewon/capstone_ws/install/turtlebot3_msgs/include/turtlebot3_msgs/turtlebot3_msgs/msg/rosidl_generator_c__visibility_control.h
[27.182s] -- Symlinking: /home/kimchaewon/capstone_ws/install/turtlebot3_msgs/include/turtlebot3_msgs/turtlebot3_msgs/msg/sensor_state.h
[27.211s] -- Symlinking: /home/kimchaewon/capstone_ws/install/turtlebot3_msgs/include/turtlebot3_msgs/turtlebot3_msgs/msg/sound.h
[27.240s] -- Symlinking: /home/kimchaewon/capstone_ws/install/turtlebot3_msgs/include/turtlebot3_msgs/turtlebot3_msgs/msg/version_info.h
[27.270s] -- Symlinking: /home/kimchaewon/capstone_ws/install/turtlebot3_msgs/include/turtlebot3_msgs/turtlebot3_msgs/srv/detail/dqn__functions.h
[27.298s] -- Symlinking: /home/kimchaewon/capstone_ws/install/turtlebot3_msgs/include/turtlebot3_msgs/turtlebot3_msgs/srv/detail/dqn__struct.h
[27.326s] -- Symlinking: /home/kimchaewon/capstone_ws/install/turtlebot3_msgs/include/turtlebot3_msgs/turtlebot3_msgs/srv/detail/dqn__type_support.h
[27.355s] -- Symlinking: /home/kimchaewon/capstone_ws/install/turtlebot3_msgs/include/turtlebot3_msgs/turtlebot3_msgs/srv/detail/goal__functions.h
[27.385s] -- Symlinking: /home/kimchaewon/capstone_ws/install/turtlebot3_msgs/include/turtlebot3_msgs/turtlebot3_msgs/srv/detail/goal__struct.h
[27.414s] -- Symlinking: /home/kimchaewon/capstone_ws/install/turtlebot3_msgs/include/turtlebot3_msgs/turtlebot3_msgs/srv/detail/goal__type_support.h
[27.443s] -- Symlinking: /home/kimchaewon/capstone_ws/install/turtlebot3_msgs/include/turtlebot3_msgs/turtlebot3_msgs/srv/detail/sound__functions.h
[27.473s] -- Symlinking: /home/kimchaewon/capstone_ws/install/turtlebot3_msgs/include/turtlebot3_msgs/turtlebot3_msgs/srv/detail/sound__struct.h
[27.502s] -- Symlinking: /home/kimchaewon/capstone_ws/install/turtlebot3_msgs/include/turtlebot3_msgs/turtlebot3_msgs/srv/detail/sound__type_support.h
[27.532s] -- Symlinking: /home/kimchaewon/capstone_ws/install/turtlebot3_msgs/include/turtlebot3_msgs/turtlebot3_msgs/srv/dqn.h
[27.563s] -- Symlinking: /home/kimchaewon/capstone_ws/install/turtlebot3_msgs/include/turtlebot3_msgs/turtlebot3_msgs/srv/goal.h
[27.593s] -- Symlinking: /home/kimchaewon/capstone_ws/install/turtlebot3_msgs/include/turtlebot3_msgs/turtlebot3_msgs/srv/sound.h
[27.622s] -- Symlinking: /home/kimchaewon/capstone_ws/install/turtlebot3_msgs/share/turtlebot3_msgs/environment/library_path.sh
[27.652s] -- Symlinking: /home/kimchaewon/capstone_ws/install/turtlebot3_msgs/share/turtlebot3_msgs/environment/library_path.dsv
[27.684s] -- Symlinking: /home/kimchaewon/capstone_ws/install/turtlebot3_msgs/include/turtlebot3_msgs/turtlebot3_msgs/action/detail/patrol__rosidl_typesupport_fastrtps_c.h
[27.714s] -- Symlinking: /home/kimchaewon/capstone_ws/install/turtlebot3_msgs/include/turtlebot3_msgs/turtlebot3_msgs/msg/detail/sensor_state__rosidl_typesupport_fastrtps_c.h
[27.744s] -- Symlinking: /home/kimchaewon/capstone_ws/install/turtlebot3_msgs/include/turtlebot3_msgs/turtlebot3_msgs/msg/detail/sound__rosidl_typesupport_fastrtps_c.h
[27.774s] -- Symlinking: /home/kimchaewon/capstone_ws/install/turtlebot3_msgs/include/turtlebot3_msgs/turtlebot3_msgs/msg/detail/version_info__rosidl_typesupport_fastrtps_c.h
[27.803s] -- Symlinking: /home/kimchaewon/capstone_ws/install/turtlebot3_msgs/include/turtlebot3_msgs/turtlebot3_msgs/msg/rosidl_typesupport_fastrtps_c__visibility_control.h
[27.832s] -- Symlinking: /home/kimchaewon/capstone_ws/install/turtlebot3_msgs/include/turtlebot3_msgs/turtlebot3_msgs/srv/detail/dqn__rosidl_typesupport_fastrtps_c.h
[27.862s] -- Symlinking: /home/kimchaewon/capstone_ws/install/turtlebot3_msgs/include/turtlebot3_msgs/turtlebot3_msgs/srv/detail/goal__rosidl_typesupport_fastrtps_c.h
[27.890s] -- Symlinking: /home/kimchaewon/capstone_ws/install/turtlebot3_msgs/include/turtlebot3_msgs/turtlebot3_msgs/srv/detail/sound__rosidl_typesupport_fastrtps_c.h
[27.921s] -- Symlinking: /home/kimchaewon/capstone_ws/install/turtlebot3_msgs/include/turtlebot3_msgs/turtlebot3_msgs/action/detail/patrol__builder.hpp
[27.951s] -- Symlinking: /home/kimchaewon/capstone_ws/install/turtlebot3_msgs/include/turtlebot3_msgs/turtlebot3_msgs/action/detail/patrol__struct.hpp
[27.981s] -- Symlinking: /home/kimchaewon/capstone_ws/install/turtlebot3_msgs/include/turtlebot3_msgs/turtlebot3_msgs/action/detail/patrol__traits.hpp
[28.011s] -- Symlinking: /home/kimchaewon/capstone_ws/install/turtlebot3_msgs/include/turtlebot3_msgs/turtlebot3_msgs/action/detail/patrol__type_support.hpp
[28.040s] -- Symlinking: /home/kimchaewon/capstone_ws/install/turtlebot3_msgs/include/turtlebot3_msgs/turtlebot3_msgs/action/patrol.hpp
[28.070s] -- Symlinking: /home/kimchaewon/capstone_ws/install/turtlebot3_msgs/include/turtlebot3_msgs/turtlebot3_msgs/msg/detail/sensor_state__builder.hpp
[28.098s] -- Symlinking: /home/kimchaewon/capstone_ws/install/turtlebot3_msgs/include/turtlebot3_msgs/turtlebot3_msgs/msg/detail/sensor_state__struct.hpp
[28.127s] -- Symlinking: /home/kimchaewon/capstone_ws/install/turtlebot3_msgs/include/turtlebot3_msgs/turtlebot3_msgs/msg/detail/sensor_state__traits.hpp
[28.157s] -- Symlinking: /home/kimchaewon/capstone_ws/install/turtlebot3_msgs/include/turtlebot3_msgs/turtlebot3_msgs/msg/detail/sensor_state__type_support.hpp
[28.187s] -- Symlinking: /home/kimchaewon/capstone_ws/install/turtlebot3_msgs/include/turtlebot3_msgs/turtlebot3_msgs/msg/detail/sound__builder.hpp
[28.217s] -- Symlinking: /home/kimchaewon/capstone_ws/install/turtlebot3_msgs/include/turtlebot3_msgs/turtlebot3_msgs/msg/detail/sound__struct.hpp
[28.247s] -- Symlinking: /home/kimchaewon/capstone_ws/install/turtlebot3_msgs/include/turtlebot3_msgs/turtlebot3_msgs/msg/detail/sound__traits.hpp
[28.277s] -- Symlinking: /home/kimchaewon/capstone_ws/install/turtlebot3_msgs/include/turtlebot3_msgs/turtlebot3_msgs/msg/detail/sound__type_support.hpp
[28.300s] -- Symlinking: /home/kimchaewon/capstone_ws/install/turtlebot3_msgs/include/turtlebot3_msgs/turtlebot3_msgs/msg/detail/version_info__builder.hpp
[28.322s] -- Symlinking: /home/kimchaewon/capstone_ws/install/turtlebot3_msgs/include/turtlebot3_msgs/turtlebot3_msgs/msg/detail/version_info__struct.hpp
[28.345s] -- Symlinking: /home/kimchaewon/capstone_ws/install/turtlebot3_msgs/include/turtlebot3_msgs/turtlebot3_msgs/msg/detail/version_info__traits.hpp
[28.376s] -- Symlinking: /home/kimchaewon/capstone_ws/install/turtlebot3_msgs/include/turtlebot3_msgs/turtlebot3_msgs/msg/detail/version_info__type_support.hpp
[28.407s] -- Symlinking: /home/kimchaewon/capstone_ws/install/turtlebot3_msgs/include/turtlebot3_msgs/turtlebot3_msgs/msg/rosidl_generator_cpp__visibility_control.hpp
[28.437s] -- Symlinking: /home/kimchaewon/capstone_ws/install/turtlebot3_msgs/include/turtlebot3_msgs/turtlebot3_msgs/msg/sensor_state.hpp
[28.466s] -- Symlinking: /home/kimchaewon/capstone_ws/install/turtlebot3_msgs/include/turtlebot3_msgs/turtlebot3_msgs/msg/sound.hpp
[28.496s] -- Symlinking: /home/kimchaewon/capstone_ws/install/turtlebot3_msgs/include/turtlebot3_msgs/turtlebot3_msgs/msg/version_info.hpp
[28.526s] -- Symlinking: /home/kimchaewon/capstone_ws/install/turtlebot3_msgs/include/turtlebot3_msgs/turtlebot3_msgs/srv/detail/dqn__builder.hpp
[28.555s] -- Symlinking: /home/kimchaewon/capstone_ws/install/turtlebot3_msgs/include/turtlebot3_msgs/turtlebot3_msgs/srv/detail/dqn__struct.hpp
[28.585s] -- Symlinking: /home/kimchaewon/capstone_ws/install/turtlebot3_msgs/include/turtlebot3_msgs/turtlebot3_msgs/srv/detail/dqn__traits.hpp
[28.614s] -- Symlinking: /home/kimchaewon/capstone_ws/install/turtlebot3_msgs/include/turtlebot3_msgs/turtlebot3_msgs/srv/detail/dqn__type_support.hpp
[28.644s] -- Symlinking: /home/kimchaewon/capstone_ws/install/turtlebot3_msgs/include/turtlebot3_msgs/turtlebot3_msgs/srv/detail/goal__builder.hpp
[28.673s] -- Symlinking: /home/kimchaewon/capstone_ws/install/turtlebot3_msgs/include/turtlebot3_msgs/turtlebot3_msgs/srv/detail/goal__struct.hpp
[28.704s] -- Symlinking: /home/kimchaewon/capstone_ws/install/turtlebot3_msgs/include/turtlebot3_msgs/turtlebot3_msgs/srv/detail/goal__traits.hpp
[28.734s] -- Symlinking: /home/kimchaewon/capstone_ws/install/turtlebot3_msgs/include/turtlebot3_msgs/turtlebot3_msgs/srv/detail/goal__type_support.hpp
[28.765s] -- Symlinking: /home/kimchaewon/capstone_ws/install/turtlebot3_msgs/include/turtlebot3_msgs/turtlebot3_msgs/srv/detail/sound__builder.hpp
[28.794s] -- Symlinking: /home/kimchaewon/capstone_ws/install/turtlebot3_msgs/include/turtlebot3_msgs/turtlebot3_msgs/srv/detail/sound__struct.hpp
[28.823s] -- Symlinking: /home/kimchaewon/capstone_ws/install/turtlebot3_msgs/include/turtlebot3_msgs/turtlebot3_msgs/srv/detail/sound__traits.hpp
[28.852s] -- Symlinking: /home/kimchaewon/capstone_ws/install/turtlebot3_msgs/include/turtlebot3_msgs/turtlebot3_msgs/srv/detail/sound__type_support.hpp
[28.881s] -- Symlinking: /home/kimchaewon/capstone_ws/install/turtlebot3_msgs/include/turtlebot3_msgs/turtlebot3_msgs/srv/dqn.hpp
[28.908s] -- Symlinking: /home/kimchaewon/capstone_ws/install/turtlebot3_msgs/include/turtlebot3_msgs/turtlebot3_msgs/srv/goal.hpp
[28.936s] -- Symlinking: /home/kimchaewon/capstone_ws/install/turtlebot3_msgs/include/turtlebot3_msgs/turtlebot3_msgs/srv/sound.hpp
[28.967s] -- Symlinking: /home/kimchaewon/capstone_ws/install/turtlebot3_msgs/include/turtlebot3_msgs/turtlebot3_msgs/action/detail/patrol__rosidl_typesupport_fastrtps_cpp.hpp
[28.998s] -- Symlinking: /home/kimchaewon/capstone_ws/install/turtlebot3_msgs/include/turtlebot3_msgs/turtlebot3_msgs/msg/detail/sensor_state__rosidl_typesupport_fastrtps_cpp.hpp
[29.028s] -- Symlinking: /home/kimchaewon/capstone_ws/install/turtlebot3_msgs/include/turtlebot3_msgs/turtlebot3_msgs/msg/detail/sound__rosidl_typesupport_fastrtps_cpp.hpp
[29.058s] -- Symlinking: /home/kimchaewon/capstone_ws/install/turtlebot3_msgs/include/turtlebot3_msgs/turtlebot3_msgs/msg/detail/version_info__rosidl_typesupport_fastrtps_cpp.hpp
[29.086s] -- Symlinking: /home/kimchaewon/capstone_ws/install/turtlebot3_msgs/include/turtlebot3_msgs/turtlebot3_msgs/msg/rosidl_typesupport_fastrtps_cpp__visibility_control.h
[29.108s] -- Symlinking: /home/kimchaewon/capstone_ws/install/turtlebot3_msgs/include/turtlebot3_msgs/turtlebot3_msgs/srv/detail/dqn__rosidl_typesupport_fastrtps_cpp.hpp
[29.130s] -- Symlinking: /home/kimchaewon/capstone_ws/install/turtlebot3_msgs/include/turtlebot3_msgs/turtlebot3_msgs/srv/detail/goal__rosidl_typesupport_fastrtps_cpp.hpp
[29.161s] -- Symlinking: /home/kimchaewon/capstone_ws/install/turtlebot3_msgs/include/turtlebot3_msgs/turtlebot3_msgs/srv/detail/sound__rosidl_typesupport_fastrtps_cpp.hpp
[29.194s] -- Symlinking: /home/kimchaewon/capstone_ws/install/turtlebot3_msgs/include/turtlebot3_msgs/turtlebot3_msgs/action/detail/patrol__rosidl_typesupport_introspection_c.h
[29.225s] -- Symlinking: /home/kimchaewon/capstone_ws/install/turtlebot3_msgs/include/turtlebot3_msgs/turtlebot3_msgs/msg/detail/sensor_state__rosidl_typesupport_introspection_c.h
[29.255s] -- Symlinking: /home/kimchaewon/capstone_ws/install/turtlebot3_msgs/include/turtlebot3_msgs/turtlebot3_msgs/msg/detail/sound__rosidl_typesupport_introspection_c.h
[29.286s] -- Symlinking: /home/kimchaewon/capstone_ws/install/turtlebot3_msgs/include/turtlebot3_msgs/turtlebot3_msgs/msg/detail/version_info__rosidl_typesupport_introspection_c.h
[29.309s] -- Symlinking: /home/kimchaewon/capstone_ws/install/turtlebot3_msgs/include/turtlebot3_msgs/turtlebot3_msgs/msg/rosidl_typesupport_introspection_c__visibility_control.h
[29.331s] -- Symlinking: /home/kimchaewon/capstone_ws/install/turtlebot3_msgs/include/turtlebot3_msgs/turtlebot3_msgs/srv/detail/dqn__rosidl_typesupport_introspection_c.h
[29.355s] -- Symlinking: /home/kimchaewon/capstone_ws/install/turtlebot3_msgs/include/turtlebot3_msgs/turtlebot3_msgs/srv/detail/goal__rosidl_typesupport_introspection_c.h
[29.384s] -- Symlinking: /home/kimchaewon/capstone_ws/install/turtlebot3_msgs/include/turtlebot3_msgs/turtlebot3_msgs/srv/detail/sound__rosidl_typesupport_introspection_c.h
[29.406s] -- Symlinking: /home/kimchaewon/capstone_ws/install/turtlebot3_msgs/include/turtlebot3_msgs/turtlebot3_msgs/action/detail/patrol__rosidl_typesupport_introspection_cpp.hpp
[29.427s] -- Symlinking: /home/kimchaewon/capstone_ws/install/turtlebot3_msgs/include/turtlebot3_msgs/turtlebot3_msgs/msg/detail/sensor_state__rosidl_typesupport_introspection_cpp.hpp
[29.448s] -- Symlinking: /home/kimchaewon/capstone_ws/install/turtlebot3_msgs/include/turtlebot3_msgs/turtlebot3_msgs/msg/detail/sound__rosidl_typesupport_introspection_cpp.hpp
[29.469s] -- Symlinking: /home/kimchaewon/capstone_ws/install/turtlebot3_msgs/include/turtlebot3_msgs/turtlebot3_msgs/msg/detail/version_info__rosidl_typesupport_introspection_cpp.hpp
[29.499s] -- Symlinking: /home/kimchaewon/capstone_ws/install/turtlebot3_msgs/include/turtlebot3_msgs/turtlebot3_msgs/srv/detail/dqn__rosidl_typesupport_introspection_cpp.hpp
[29.529s] -- Symlinking: /home/kimchaewon/capstone_ws/install/turtlebot3_msgs/include/turtlebot3_msgs/turtlebot3_msgs/srv/detail/goal__rosidl_typesupport_introspection_cpp.hpp
[29.559s] -- Symlinking: /home/kimchaewon/capstone_ws/install/turtlebot3_msgs/include/turtlebot3_msgs/turtlebot3_msgs/srv/detail/sound__rosidl_typesupport_introspection_cpp.hpp
[29.589s] -- Symlinking: /home/kimchaewon/capstone_ws/install/turtlebot3_msgs/share/turtlebot3_msgs/environment/pythonpath.sh
[29.619s] -- Symlinking: /home/kimchaewon/capstone_ws/install/turtlebot3_msgs/share/turtlebot3_msgs/environment/pythonpath.dsv
[29.653s] -- Symlinking: /home/kimchaewon/capstone_ws/install/turtlebot3_msgs/local/lib/python3.10/dist-packages/turtlebot3_msgs-2.4.0-py3.10.egg-info/PKG-INFO
[29.684s] -- Symlinking: /home/kimchaewon/capstone_ws/install/turtlebot3_msgs/local/lib/python3.10/dist-packages/turtlebot3_msgs-2.4.0-py3.10.egg-info/SOURCES.txt
[29.716s] -- Symlinking: /home/kimchaewon/capstone_ws/install/turtlebot3_msgs/local/lib/python3.10/dist-packages/turtlebot3_msgs-2.4.0-py3.10.egg-info/dependency_links.txt
[29.747s] -- Symlinking: /home/kimchaewon/capstone_ws/install/turtlebot3_msgs/local/lib/python3.10/dist-packages/turtlebot3_msgs-2.4.0-py3.10.egg-info/top_level.txt
[29.786s] -- Symlinking: /home/kimchaewon/capstone_ws/install/turtlebot3_msgs/local/lib/python3.10/dist-packages/turtlebot3_msgs/__init__.py
[29.820s] -- Symlinking: /home/kimchaewon/capstone_ws/install/turtlebot3_msgs/local/lib/python3.10/dist-packages/turtlebot3_msgs/_turtlebot3_msgs_s.ep.rosidl_typesupport_c.c
[29.847s] -- Symlinking: /home/kimchaewon/capstone_ws/install/turtlebot3_msgs/local/lib/python3.10/dist-packages/turtlebot3_msgs/_turtlebot3_msgs_s.ep.rosidl_typesupport_fastrtps_c.c
[29.877s] -- Symlinking: /home/kimchaewon/capstone_ws/install/turtlebot3_msgs/local/lib/python3.10/dist-packages/turtlebot3_msgs/_turtlebot3_msgs_s.ep.rosidl_typesupport_introspection_c.c
[29.908s] -- Symlinking: /home/kimchaewon/capstone_ws/install/turtlebot3_msgs/local/lib/python3.10/dist-packages/turtlebot3_msgs/action/__init__.py
[29.939s] -- Symlinking: /home/kimchaewon/capstone_ws/install/turtlebot3_msgs/local/lib/python3.10/dist-packages/turtlebot3_msgs/action/_patrol.py
[29.970s] -- Symlinking: /home/kimchaewon/capstone_ws/install/turtlebot3_msgs/local/lib/python3.10/dist-packages/turtlebot3_msgs/action/_patrol_s.c
[30.001s] -- Symlinking: /home/kimchaewon/capstone_ws/install/turtlebot3_msgs/local/lib/python3.10/dist-packages/turtlebot3_msgs/libturtlebot3_msgs__rosidl_generator_py.so
[30.032s] -- Symlinking: /home/kimchaewon/capstone_ws/install/turtlebot3_msgs/local/lib/python3.10/dist-packages/turtlebot3_msgs/msg/__init__.py
[30.063s] -- Symlinking: /home/kimchaewon/capstone_ws/install/turtlebot3_msgs/local/lib/python3.10/dist-packages/turtlebot3_msgs/msg/_sensor_state.py
[30.094s] -- Symlinking: /home/kimchaewon/capstone_ws/install/turtlebot3_msgs/local/lib/python3.10/dist-packages/turtlebot3_msgs/msg/_sensor_state_s.c
[30.126s] -- Symlinking: /home/kimchaewon/capstone_ws/install/turtlebot3_msgs/local/lib/python3.10/dist-packages/turtlebot3_msgs/msg/_sound.py
[30.160s] -- Symlinking: /home/kimchaewon/capstone_ws/install/turtlebot3_msgs/local/lib/python3.10/dist-packages/turtlebot3_msgs/msg/_sound_s.c
[30.193s] -- Symlinking: /home/kimchaewon/capstone_ws/install/turtlebot3_msgs/local/lib/python3.10/dist-packages/turtlebot3_msgs/msg/_version_info.py
[30.226s] -- Symlinking: /home/kimchaewon/capstone_ws/install/turtlebot3_msgs/local/lib/python3.10/dist-packages/turtlebot3_msgs/msg/_version_info_s.c
[30.261s] -- Symlinking: /home/kimchaewon/capstone_ws/install/turtlebot3_msgs/local/lib/python3.10/dist-packages/turtlebot3_msgs/srv/__init__.py
[30.293s] -- Symlinking: /home/kimchaewon/capstone_ws/install/turtlebot3_msgs/local/lib/python3.10/dist-packages/turtlebot3_msgs/srv/_dqn.py
[30.326s] -- Symlinking: /home/kimchaewon/capstone_ws/install/turtlebot3_msgs/local/lib/python3.10/dist-packages/turtlebot3_msgs/srv/_dqn_s.c
[30.359s] -- Symlinking: /home/kimchaewon/capstone_ws/install/turtlebot3_msgs/local/lib/python3.10/dist-packages/turtlebot3_msgs/srv/_goal.py
[30.395s] -- Symlinking: /home/kimchaewon/capstone_ws/install/turtlebot3_msgs/local/lib/python3.10/dist-packages/turtlebot3_msgs/srv/_goal_s.c
[30.428s] -- Symlinking: /home/kimchaewon/capstone_ws/install/turtlebot3_msgs/local/lib/python3.10/dist-packages/turtlebot3_msgs/srv/_sound.py
[30.461s] -- Symlinking: /home/kimchaewon/capstone_ws/install/turtlebot3_msgs/local/lib/python3.10/dist-packages/turtlebot3_msgs/srv/_sound_s.c
[30.492s] -- Symlinking: /home/kimchaewon/capstone_ws/install/turtlebot3_msgs/local/lib/python3.10/dist-packages/turtlebot3_msgs/turtlebot3_msgs_s__rosidl_typesupport_c.cpython-310-x86_64-linux-gnu.so
[30.524s] -- Symlinking: /home/kimchaewon/capstone_ws/install/turtlebot3_msgs/local/lib/python3.10/dist-packages/turtlebot3_msgs/turtlebot3_msgs_s__rosidl_typesupport_fastrtps_c.cpython-310-x86_64-linux-gnu.so
[30.559s] -- Symlinking: /home/kimchaewon/capstone_ws/install/turtlebot3_msgs/local/lib/python3.10/dist-packages/turtlebot3_msgs/turtlebot3_msgs_s__rosidl_typesupport_introspection_c.cpython-310-x86_64-linux-gnu.so
[30.592s] -- Up-to-date symlink: /home/kimchaewon/capstone_ws/install/turtlebot3_msgs/local/lib/python3.10/dist-packages/turtlebot3_msgs/turtlebot3_msgs_s__rosidl_typesupport_fastrtps_c.cpython-310-x86_64-linux-gnu.so
[30.593s] -- Up-to-date symlink: /home/kimchaewon/capstone_ws/install/turtlebot3_msgs/local/lib/python3.10/dist-packages/turtlebot3_msgs/turtlebot3_msgs_s__rosidl_typesupport_introspection_c.cpython-310-x86_64-linux-gnu.so
[30.594s] -- Up-to-date symlink: /home/kimchaewon/capstone_ws/install/turtlebot3_msgs/local/lib/python3.10/dist-packages/turtlebot3_msgs/turtlebot3_msgs_s__rosidl_typesupport_c.cpython-310-x86_64-linux-gnu.so
[30.595s] -- Symlinking: /home/kimchaewon/capstone_ws/install/turtlebot3_msgs/share/turtlebot3_msgs/msg/SensorState.idl
[30.630s] -- Symlinking: /home/kimchaewon/capstone_ws/install/turtlebot3_msgs/share/turtlebot3_msgs/msg/Sound.idl
[30.664s] -- Symlinking: /home/kimchaewon/capstone_ws/install/turtlebot3_msgs/share/turtlebot3_msgs/msg/VersionInfo.idl
[30.719s] -- Symlinking: /home/kimchaewon/capstone_ws/install/turtlebot3_msgs/share/turtlebot3_msgs/srv/Sound.idl
[30.752s] -- Symlinking: /home/kimchaewon/capstone_ws/install/turtlebot3_msgs/share/turtlebot3_msgs/srv/Dqn.idl
[30.787s] -- Symlinking: /home/kimchaewon/capstone_ws/install/turtlebot3_msgs/share/turtlebot3_msgs/srv/Goal.idl
[30.820s] -- Symlinking: /home/kimchaewon/capstone_ws/install/turtlebot3_msgs/share/turtlebot3_msgs/action/Patrol.idl
[30.853s] -- Symlinking: /home/kimchaewon/capstone_ws/install/turtlebot3_msgs/share/turtlebot3_msgs/msg/SensorState.msg
[30.887s] -- Symlinking: /home/kimchaewon/capstone_ws/install/turtlebot3_msgs/share/turtlebot3_msgs/msg/Sound.msg
[30.921s] -- Symlinking: /home/kimchaewon/capstone_ws/install/turtlebot3_msgs/share/turtlebot3_msgs/msg/VersionInfo.msg
[30.955s] -- Symlinking: /home/kimchaewon/capstone_ws/install/turtlebot3_msgs/share/turtlebot3_msgs/srv/Sound.srv
[30.988s] -- Symlinking: /home/kimchaewon/capstone_ws/install/turtlebot3_msgs/share/turtlebot3_msgs/srv/Sound_Request.msg
[31.023s] -- Symlinking: /home/kimchaewon/capstone_ws/install/turtlebot3_msgs/share/turtlebot3_msgs/srv/Sound_Response.msg
[31.058s] -- Symlinking: /home/kimchaewon/capstone_ws/install/turtlebot3_msgs/share/turtlebot3_msgs/srv/Dqn.srv
[31.093s] -- Symlinking: /home/kimchaewon/capstone_ws/install/turtlebot3_msgs/share/turtlebot3_msgs/srv/Dqn_Request.msg
[31.128s] -- Symlinking: /home/kimchaewon/capstone_ws/install/turtlebot3_msgs/share/turtlebot3_msgs/srv/Dqn_Response.msg
[31.163s] -- Symlinking: /home/kimchaewon/capstone_ws/install/turtlebot3_msgs/share/turtlebot3_msgs/srv/Goal.srv
[31.199s] -- Symlinking: /home/kimchaewon/capstone_ws/install/turtlebot3_msgs/share/turtlebot3_msgs/srv/Goal_Request.msg
[31.241s] -- Symlinking: /home/kimchaewon/capstone_ws/install/turtlebot3_msgs/share/turtlebot3_msgs/srv/Goal_Response.msg
[31.276s] -- Symlinking: /home/kimchaewon/capstone_ws/install/turtlebot3_msgs/share/turtlebot3_msgs/action/Patrol.action
[31.310s] -- Symlinking: /home/kimchaewon/capstone_ws/install/turtlebot3_msgs/share/ament_index/resource_index/package_run_dependencies/turtlebot3_msgs
[31.343s] -- Symlinking: /home/kimchaewon/capstone_ws/install/turtlebot3_msgs/share/ament_index/resource_index/parent_prefix_path/turtlebot3_msgs
[31.375s] -- Symlinking: /home/kimchaewon/capstone_ws/install/turtlebot3_msgs/share/turtlebot3_msgs/environment/ament_prefix_path.sh
[31.408s] -- Symlinking: /home/kimchaewon/capstone_ws/install/turtlebot3_msgs/share/turtlebot3_msgs/environment/ament_prefix_path.dsv
[31.443s] -- Symlinking: /home/kimchaewon/capstone_ws/install/turtlebot3_msgs/share/turtlebot3_msgs/environment/path.sh
[31.476s] -- Symlinking: /home/kimchaewon/capstone_ws/install/turtlebot3_msgs/share/turtlebot3_msgs/environment/path.dsv
[31.512s] -- Symlinking: /home/kimchaewon/capstone_ws/install/turtlebot3_msgs/share/turtlebot3_msgs/local_setup.bash
[31.548s] -- Symlinking: /home/kimchaewon/capstone_ws/install/turtlebot3_msgs/share/turtlebot3_msgs/local_setup.sh
[31.586s] -- Symlinking: /home/kimchaewon/capstone_ws/install/turtlebot3_msgs/share/turtlebot3_msgs/local_setup.zsh
[31.624s] -- Symlinking: /home/kimchaewon/capstone_ws/install/turtlebot3_msgs/share/turtlebot3_msgs/local_setup.dsv
[31.665s] -- Symlinking: /home/kimchaewon/capstone_ws/install/turtlebot3_msgs/share/turtlebot3_msgs/package.dsv
[31.704s] -- Symlinking: /home/kimchaewon/capstone_ws/install/turtlebot3_msgs/share/ament_index/resource_index/packages/turtlebot3_msgs
[31.746s] -- Symlinking: /home/kimchaewon/capstone_ws/install/turtlebot3_msgs/share/turtlebot3_msgs/cmake/rosidl_cmake-extras.cmake
[31.785s] -- Symlinking: /home/kimchaewon/capstone_ws/install/turtlebot3_msgs/share/turtlebot3_msgs/cmake/ament_cmake_export_dependencies-extras.cmake
[31.824s] -- Symlinking: /home/kimchaewon/capstone_ws/install/turtlebot3_msgs/share/turtlebot3_msgs/cmake/ament_cmake_export_include_directories-extras.cmake
[31.865s] -- Symlinking: /home/kimchaewon/capstone_ws/install/turtlebot3_msgs/share/turtlebot3_msgs/cmake/ament_cmake_export_libraries-extras.cmake
[31.904s] -- Symlinking: /home/kimchaewon/capstone_ws/install/turtlebot3_msgs/share/turtlebot3_msgs/cmake/ament_cmake_export_targets-extras.cmake
[31.944s] -- Symlinking: /home/kimchaewon/capstone_ws/install/turtlebot3_msgs/share/turtlebot3_msgs/cmake/rosidl_cmake_export_typesupport_targets-extras.cmake
[31.983s] -- Symlinking: /home/kimchaewon/capstone_ws/install/turtlebot3_msgs/share/turtlebot3_msgs/cmake/rosidl_cmake_export_typesupport_libraries-extras.cmake
[32.025s] -- Symlinking: /home/kimchaewon/capstone_ws/install/turtlebot3_msgs/share/turtlebot3_msgs/cmake/turtlebot3_msgsConfig.cmake
[32.066s] -- Symlinking: /home/kimchaewon/capstone_ws/install/turtlebot3_msgs/share/turtlebot3_msgs/cmake/turtlebot3_msgsConfig-version.cmake
[32.107s] -- Symlinking: /home/kimchaewon/capstone_ws/install/turtlebot3_msgs/share/turtlebot3_msgs/package.xml
[32.146s] -- Installing: /home/kimchaewon/capstone_ws/install/turtlebot3_msgs/lib/libturtlebot3_msgs__rosidl_generator_c.so
[32.148s] -- Set runtime path of "/home/kimchaewon/capstone_ws/install/turtlebot3_msgs/lib/libturtlebot3_msgs__rosidl_generator_c.so" to ""
[32.149s] -- Installing: /home/kimchaewon/capstone_ws/install/turtlebot3_msgs/lib/libturtlebot3_msgs__rosidl_typesupport_fastrtps_c.so
[32.150s] -- Set runtime path of "/home/kimchaewon/capstone_ws/install/turtlebot3_msgs/lib/libturtlebot3_msgs__rosidl_typesupport_fastrtps_c.so" to ""
[32.150s] -- Installing: /home/kimchaewon/capstone_ws/install/turtlebot3_msgs/lib/libturtlebot3_msgs__rosidl_typesupport_fastrtps_cpp.so
[32.152s] -- Set runtime path of "/home/kimchaewon/capstone_ws/install/turtlebot3_msgs/lib/libturtlebot3_msgs__rosidl_typesupport_fastrtps_cpp.so" to ""
[32.152s] -- Installing: /home/kimchaewon/capstone_ws/install/turtlebot3_msgs/lib/libturtlebot3_msgs__rosidl_typesupport_introspection_c.so
[32.153s] -- Set runtime path of "/home/kimchaewon/capstone_ws/install/turtlebot3_msgs/lib/libturtlebot3_msgs__rosidl_typesupport_introspection_c.so" to ""
[32.154s] -- Installing: /home/kimchaewon/capstone_ws/install/turtlebot3_msgs/lib/libturtlebot3_msgs__rosidl_typesupport_c.so
[32.155s] -- Set runtime path of "/home/kimchaewon/capstone_ws/install/turtlebot3_msgs/lib/libturtlebot3_msgs__rosidl_typesupport_c.so" to ""
[32.155s] -- Installing: /home/kimchaewon/capstone_ws/install/turtlebot3_msgs/lib/libturtlebot3_msgs__rosidl_typesupport_introspection_cpp.so
[32.157s] -- Set runtime path of "/home/kimchaewon/capstone_ws/install/turtlebot3_msgs/lib/libturtlebot3_msgs__rosidl_typesupport_introspection_cpp.so" to ""
[32.158s] -- Installing: /home/kimchaewon/capstone_ws/install/turtlebot3_msgs/lib/libturtlebot3_msgs__rosidl_typesupport_cpp.so
[32.158s] -- Set runtime path of "/home/kimchaewon/capstone_ws/install/turtlebot3_msgs/lib/libturtlebot3_msgs__rosidl_typesupport_cpp.so" to ""
[32.385s] Listing '/home/kimchaewon/capstone_ws/install/turtlebot3_msgs/local/lib/python3.10/dist-packages/turtlebot3_msgs'...
[32.385s] Compiling '/home/kimchaewon/capstone_ws/install/turtlebot3_msgs/local/lib/python3.10/dist-packages/turtlebot3_msgs/__init__.py'...
[32.385s] Listing '/home/kimchaewon/capstone_ws/install/turtlebot3_msgs/local/lib/python3.10/dist-packages/turtlebot3_msgs/action'...
[32.385s] Compiling '/home/kimchaewon/capstone_ws/install/turtlebot3_msgs/local/lib/python3.10/dist-packages/turtlebot3_msgs/action/__init__.py'...
[32.386s] Compiling '/home/kimchaewon/capstone_ws/install/turtlebot3_msgs/local/lib/python3.10/dist-packages/turtlebot3_msgs/action/_patrol.py'...
[32.386s] Listing '/home/kimchaewon/capstone_ws/install/turtlebot3_msgs/local/lib/python3.10/dist-packages/turtlebot3_msgs/msg'...
[32.386s] Compiling '/home/kimchaewon/capstone_ws/install/turtlebot3_msgs/local/lib/python3.10/dist-packages/turtlebot3_msgs/msg/__init__.py'...
[32.386s] Compiling '/home/kimchaewon/capstone_ws/install/turtlebot3_msgs/local/lib/python3.10/dist-packages/turtlebot3_msgs/msg/_sensor_state.py'...
[32.386s] Compiling '/home/kimchaewon/capstone_ws/install/turtlebot3_msgs/local/lib/python3.10/dist-packages/turtlebot3_msgs/msg/_sound.py'...
[32.387s] Compiling '/home/kimchaewon/capstone_ws/install/turtlebot3_msgs/local/lib/python3.10/dist-packages/turtlebot3_msgs/msg/_version_info.py'...
[32.387s] Listing '/home/kimchaewon/capstone_ws/install/turtlebot3_msgs/local/lib/python3.10/dist-packages/turtlebot3_msgs/srv'...
[32.387s] Compiling '/home/kimchaewon/capstone_ws/install/turtlebot3_msgs/local/lib/python3.10/dist-packages/turtlebot3_msgs/srv/__init__.py'...
[32.387s] Compiling '/home/kimchaewon/capstone_ws/install/turtlebot3_msgs/local/lib/python3.10/dist-packages/turtlebot3_msgs/srv/_dqn.py'...
[32.388s] Compiling '/home/kimchaewon/capstone_ws/install/turtlebot3_msgs/local/lib/python3.10/dist-packages/turtlebot3_msgs/srv/_goal.py'...
[32.388s] Compiling '/home/kimchaewon/capstone_ws/install/turtlebot3_msgs/local/lib/python3.10/dist-packages/turtlebot3_msgs/srv/_sound.py'...
[32.407s] -- Installing: /home/kimchaewon/capstone_ws/install/turtlebot3_msgs/lib/libturtlebot3_msgs__rosidl_generator_py.so
[32.407s] -- Set runtime path of "/home/kimchaewon/capstone_ws/install/turtlebot3_msgs/lib/libturtlebot3_msgs__rosidl_generator_py.so" to ""
[32.408s] -- Installing: /home/kimchaewon/capstone_ws/install/turtlebot3_msgs/share/turtlebot3_msgs/cmake/export_turtlebot3_msgs__rosidl_generator_cExport.cmake
[32.408s] -- Installing: /home/kimchaewon/capstone_ws/install/turtlebot3_msgs/share/turtlebot3_msgs/cmake/export_turtlebot3_msgs__rosidl_generator_cExport-noconfig.cmake
[32.408s] -- Installing: /home/kimchaewon/capstone_ws/install/turtlebot3_msgs/share/turtlebot3_msgs/cmake/export_turtlebot3_msgs__rosidl_typesupport_fastrtps_cExport.cmake
[32.409s] -- Installing: /home/kimchaewon/capstone_ws/install/turtlebot3_msgs/share/turtlebot3_msgs/cmake/export_turtlebot3_msgs__rosidl_typesupport_fastrtps_cExport-noconfig.cmake
[32.409s] -- Installing: /home/kimchaewon/capstone_ws/install/turtlebot3_msgs/share/turtlebot3_msgs/cmake/export_turtlebot3_msgs__rosidl_generator_cppExport.cmake
[32.409s] -- Installing: /home/kimchaewon/capstone_ws/install/turtlebot3_msgs/share/turtlebot3_msgs/cmake/export_turtlebot3_msgs__rosidl_typesupport_fastrtps_cppExport.cmake
[32.409s] -- Installing: /home/kimchaewon/capstone_ws/install/turtlebot3_msgs/share/turtlebot3_msgs/cmake/export_turtlebot3_msgs__rosidl_typesupport_fastrtps_cppExport-noconfig.cmake
[32.410s] -- Installing: /home/kimchaewon/capstone_ws/install/turtlebot3_msgs/share/turtlebot3_msgs/cmake/turtlebot3_msgs__rosidl_typesupport_introspection_cExport.cmake
[32.410s] -- Installing: /home/kimchaewon/capstone_ws/install/turtlebot3_msgs/share/turtlebot3_msgs/cmake/turtlebot3_msgs__rosidl_typesupport_introspection_cExport-noconfig.cmake
[32.411s] -- Installing: /home/kimchaewon/capstone_ws/install/turtlebot3_msgs/share/turtlebot3_msgs/cmake/turtlebot3_msgs__rosidl_typesupport_cExport.cmake
[32.411s] -- Installing: /home/kimchaewon/capstone_ws/install/turtlebot3_msgs/share/turtlebot3_msgs/cmake/turtlebot3_msgs__rosidl_typesupport_cExport-noconfig.cmake
[32.412s] -- Installing: /home/kimchaewon/capstone_ws/install/turtlebot3_msgs/share/turtlebot3_msgs/cmake/turtlebot3_msgs__rosidl_typesupport_introspection_cppExport.cmake
[32.412s] -- Installing: /home/kimchaewon/capstone_ws/install/turtlebot3_msgs/share/turtlebot3_msgs/cmake/turtlebot3_msgs__rosidl_typesupport_introspection_cppExport-noconfig.cmake
[32.412s] -- Installing: /home/kimchaewon/capstone_ws/install/turtlebot3_msgs/share/turtlebot3_msgs/cmake/turtlebot3_msgs__rosidl_typesupport_cppExport.cmake
[32.412s] -- Installing: /home/kimchaewon/capstone_ws/install/turtlebot3_msgs/share/turtlebot3_msgs/cmake/turtlebot3_msgs__rosidl_typesupport_cppExport-noconfig.cmake
[32.413s] -- Installing: /home/kimchaewon/capstone_ws/install/turtlebot3_msgs/share/turtlebot3_msgs/cmake/export_turtlebot3_msgs__rosidl_generator_pyExport.cmake
[32.413s] -- Installing: /home/kimchaewon/capstone_ws/install/turtlebot3_msgs/share/turtlebot3_msgs/cmake/export_turtlebot3_msgs__rosidl_generator_pyExport-noconfig.cmake
[32.423s] Invoked command in '/home/kimchaewon/capstone_ws/build/turtlebot3_msgs' returned '0': CMAKE_PREFIX_PATH=${CMAKE_PREFIX_PATH}:/home/kimchaewon/capstone_ws/install/turtlebot3_teleop:/home/kimchaewon/capstone_ws/install/turtlebot3_example:/opt/ros/humble /usr/bin/cmake --install /home/kimchaewon/capstone_ws/build/turtlebot3_msgs
