[0.059s] Invoking command in '/home/kimchaewon/capstone_ws/build/turtlebot3_navigation2': CMAKE_PREFIX_PATH=${CMAKE_PREFIX_PATH}:/home/kimchaewon/capstone_ws/install/turtlebot3_teleop:/home/kimchaewon/capstone_ws/install/turtlebot3_example:/opt/ros/humble /usr/bin/cmake /home/kimchaewon/capstone_ws/src/turtlebot3/turtlebot3_navigation2 -DAMENT_CMAKE_SYMLINK_INSTALL=1 -DCMAKE_INSTALL_PREFIX=/home/kimchaewon/capstone_ws/install/turtlebot3_navigation2
[0.222s] -- The C compiler identification is GNU 11.4.0
[0.360s] -- The CXX compiler identification is GNU 11.4.0
[0.381s] -- Detecting C compiler ABI info
[0.588s] -- Detecting C compiler ABI info - done
[0.610s] -- Check for working C compiler: /usr/bin/cc - skipped
[0.611s] -- Detecting C compile features
[0.612s] -- Detecting C compile features - done
[0.621s] -- Detecting CXX compiler ABI info
[0.854s] -- Detecting CXX compiler ABI info - done
[0.881s] -- Check for working CXX compiler: /usr/bin/c++ - skipped
[0.882s] -- Detecting CXX compile features
[0.884s] -- Detecting CXX compile features - done
[0.891s] -- Found ament_cmake: 1.3.12 (/opt/ros/humble/share/ament_cmake/cmake)
[1.416s] -- Found Python3: /usr/bin/python3 (found version "3.10.12") found components: Interpreter 
[1.645s] -- Override CMake install command with custom implementation using symlinks instead of copying resources
[1.904s] -- Configuring done
[1.913s] -- Generating done
[1.920s] -- Build files have been written to: /home/kimchaewon/capstone_ws/build/turtlebot3_navigation2
[1.957s] Invoked command in '/home/kimchaewon/capstone_ws/build/turtlebot3_navigation2' returned '0': CMAKE_PREFIX_PATH=${CMAKE_PREFIX_PATH}:/home/kimchaewon/capstone_ws/install/turtlebot3_teleop:/home/kimchaewon/capstone_ws/install/turtlebot3_example:/opt/ros/humble /usr/bin/cmake /home/kimchaewon/capstone_ws/src/turtlebot3/turtlebot3_navigation2 -DAMENT_CMAKE_SYMLINK_INSTALL=1 -DCMAKE_INSTALL_PREFIX=/home/kimchaewon/capstone_ws/install/turtlebot3_navigation2
[1.962s] Invoking command in '/home/kimchaewon/capstone_ws/build/turtlebot3_navigation2': CMAKE_PREFIX_PATH=${CMAKE_PREFIX_PATH}:/home/kimchaewon/capstone_ws/install/turtlebot3_teleop:/home/kimchaewon/capstone_ws/install/turtlebot3_example:/opt/ros/humble /usr/bin/cmake --build /home/kimchaewon/capstone_ws/build/turtlebot3_navigation2 -- -j16 -l16
[2.060s] Invoked command in '/home/kimchaewon/capstone_ws/build/turtlebot3_navigation2' returned '0': CMAKE_PREFIX_PATH=${CMAKE_PREFIX_PATH}:/home/kimchaewon/capstone_ws/install/turtlebot3_teleop:/home/kimchaewon/capstone_ws/install/turtlebot3_example:/opt/ros/humble /usr/bin/cmake --build /home/kimchaewon/capstone_ws/build/turtlebot3_navigation2 -- -j16 -l16
[2.067s] Invoking command in '/home/kimchaewon/capstone_ws/build/turtlebot3_navigation2': CMAKE_PREFIX_PATH=${CMAKE_PREFIX_PATH}:/home/kimchaewon/capstone_ws/install/turtlebot3_teleop:/home/kimchaewon/capstone_ws/install/turtlebot3_example:/opt/ros/humble /usr/bin/cmake --install /home/kimchaewon/capstone_ws/build/turtlebot3_navigation2
[2.091s] -- Install configuration: ""
[2.093s] -- Execute custom install script
[2.095s] -- Symlinking: /home/kimchaewon/capstone_ws/install/turtlebot3_navigation2/share/turtlebot3_navigation2/launch/multi_nav2.launch.py
[2.134s] -- Symlinking: /home/kimchaewon/capstone_ws/install/turtlebot3_navigation2/share/turtlebot3_navigation2/launch/navigation2.launch.py
[2.164s] -- Symlinking: /home/kimchaewon/capstone_ws/install/turtlebot3_navigation2/share/turtlebot3_navigation2/launch/origin_nav2.launch.py
[2.193s] -- Symlinking: /home/kimchaewon/capstone_ws/install/turtlebot3_navigation2/share/turtlebot3_navigation2/launch/robot_nav2.launch.py
[2.225s] -- Symlinking: /home/kimchaewon/capstone_ws/install/turtlebot3_navigation2/share/turtlebot3_navigation2/launch/tb3_nav2.launch.py
[2.255s] -- Symlinking: /home/kimchaewon/capstone_ws/install/turtlebot3_navigation2/share/turtlebot3_navigation2/map/map.pgm
[2.286s] -- Symlinking: /home/kimchaewon/capstone_ws/install/turtlebot3_navigation2/share/turtlebot3_navigation2/map/map.yaml
[2.335s] -- Symlinking: /home/kimchaewon/capstone_ws/install/turtlebot3_navigation2/share/turtlebot3_navigation2/param/TB3_1.yaml
[2.389s] -- Symlinking: /home/kimchaewon/capstone_ws/install/turtlebot3_navigation2/share/turtlebot3_navigation2/param/TB3_2.yaml
[2.423s] -- Symlinking: /home/kimchaewon/capstone_ws/install/turtlebot3_navigation2/share/turtlebot3_navigation2/param/TB3_3.yaml
[2.456s] -- Symlinking: /home/kimchaewon/capstone_ws/install/turtlebot3_navigation2/share/turtlebot3_navigation2/param/burger.yaml
[2.532s] -- Symlinking: /home/kimchaewon/capstone_ws/install/turtlebot3_navigation2/share/turtlebot3_navigation2/param/burger_cam.yaml
[2.600s] -- Symlinking: /home/kimchaewon/capstone_ws/install/turtlebot3_navigation2/share/turtlebot3_navigation2/param/burger_nav2_params.yaml
[2.669s] -- Symlinking: /home/kimchaewon/capstone_ws/install/turtlebot3_navigation2/share/turtlebot3_navigation2/param/humble/burger.yaml
[2.746s] -- Symlinking: /home/kimchaewon/capstone_ws/install/turtlebot3_navigation2/share/turtlebot3_navigation2/param/humble/burger_cam.yaml
[2.800s] -- Symlinking: /home/kimchaewon/capstone_ws/install/turtlebot3_navigation2/share/turtlebot3_navigation2/param/humble/waffle.yaml
[2.866s] -- Symlinking: /home/kimchaewon/capstone_ws/install/turtlebot3_navigation2/share/turtlebot3_navigation2/param/humble/waffle_pi.yaml
[2.936s] -- Symlinking: /home/kimchaewon/capstone_ws/install/turtlebot3_navigation2/share/turtlebot3_navigation2/param/multi_burger.yaml
[3.007s] -- Symlinking: /home/kimchaewon/capstone_ws/install/turtlebot3_navigation2/share/turtlebot3_navigation2/param/multi_ex.yaml
[3.077s] -- Symlinking: /home/kimchaewon/capstone_ws/install/turtlebot3_navigation2/share/turtlebot3_navigation2/param/waffle.yaml
[3.142s] -- Symlinking: /home/kimchaewon/capstone_ws/install/turtlebot3_navigation2/share/turtlebot3_navigation2/param/waffle_pi.yaml
[3.221s] -- Symlinking: /home/kimchaewon/capstone_ws/install/turtlebot3_navigation2/share/turtlebot3_navigation2/rviz/multi_tb3.rviz
[3.295s] -- Symlinking: /home/kimchaewon/capstone_ws/install/turtlebot3_navigation2/share/turtlebot3_navigation2/rviz/tb3_navigation2.rviz
[3.334s] -- Symlinking: /home/kimchaewon/capstone_ws/install/turtlebot3_navigation2/share/ament_index/resource_index/package_run_dependencies/turtlebot3_navigation2
[3.371s] -- Symlinking: /home/kimchaewon/capstone_ws/install/turtlebot3_navigation2/share/ament_index/resource_index/parent_prefix_path/turtlebot3_navigation2
[3.403s] -- Symlinking: /home/kimchaewon/capstone_ws/install/turtlebot3_navigation2/share/turtlebot3_navigation2/environment/ament_prefix_path.sh
[3.436s] -- Symlinking: /home/kimchaewon/capstone_ws/install/turtlebot3_navigation2/share/turtlebot3_navigation2/environment/ament_prefix_path.dsv
[3.469s] -- Symlinking: /home/kimchaewon/capstone_ws/install/turtlebot3_navigation2/share/turtlebot3_navigation2/environment/path.sh
[3.501s] -- Symlinking: /home/kimchaewon/capstone_ws/install/turtlebot3_navigation2/share/turtlebot3_navigation2/environment/path.dsv
[3.538s] -- Symlinking: /home/kimchaewon/capstone_ws/install/turtlebot3_navigation2/share/turtlebot3_navigation2/local_setup.bash
[3.567s] -- Symlinking: /home/kimchaewon/capstone_ws/install/turtlebot3_navigation2/share/turtlebot3_navigation2/local_setup.sh
[3.599s] -- Symlinking: /home/kimchaewon/capstone_ws/install/turtlebot3_navigation2/share/turtlebot3_navigation2/local_setup.zsh
[3.640s] -- Symlinking: /home/kimchaewon/capstone_ws/install/turtlebot3_navigation2/share/turtlebot3_navigation2/local_setup.dsv
[3.674s] -- Symlinking: /home/kimchaewon/capstone_ws/install/turtlebot3_navigation2/share/turtlebot3_navigation2/package.dsv
[3.709s] -- Symlinking: /home/kimchaewon/capstone_ws/install/turtlebot3_navigation2/share/ament_index/resource_index/packages/turtlebot3_navigation2
[3.742s] -- Symlinking: /home/kimchaewon/capstone_ws/install/turtlebot3_navigation2/share/turtlebot3_navigation2/cmake/turtlebot3_navigation2Config.cmake
[3.784s] -- Symlinking: /home/kimchaewon/capstone_ws/install/turtlebot3_navigation2/share/turtlebot3_navigation2/cmake/turtlebot3_navigation2Config-version.cmake
[3.818s] -- Symlinking: /home/kimchaewon/capstone_ws/install/turtlebot3_navigation2/share/turtlebot3_navigation2/package.xml
[3.891s] Invoked command in '/home/kimchaewon/capstone_ws/build/turtlebot3_navigation2' returned '0': CMAKE_PREFIX_PATH=${CMAKE_PREFIX_PATH}:/home/kimchaewon/capstone_ws/install/turtlebot3_teleop:/home/kimchaewon/capstone_ws/install/turtlebot3_example:/opt/ros/humble /usr/bin/cmake --install /home/kimchaewon/capstone_ws/build/turtlebot3_navigation2
