[1.253s] Invoking command in '/home/kimchaewon/capstone_ws/build/turtlebot3_fake_node': CMAKE_PREFIX_PATH=/home/kimchaewon/capstone_ws/install/turtlebot3_msgs:/home/kimchaewon/capstone_ws/install/turtlebot3:/home/kimchaewon/capstone_ws/install/turtlebot3_simulations:/home/kimchaewon/capstone_ws/install/turtlebot3_bringup:/home/kimchaewon/capstone_ws/install/turtlebot3_node:/home/kimchaewon/capstone_ws/install/turtlebot3_navigation2:/home/kimchaewon/capstone_ws/install/turtlebot3_fake_node:/home/kimchaewon/capstone_ws/install/turtlebot3_manipulation_gazebo:/home/kimchaewon/capstone_ws/install/turtlebot3_gazebo:/home/kimchaewon/capstone_ws/install/turtlebot3_description:/home/kimchaewon/capstone_ws/install/turtlebot3_cartographer:/home/kimchaewon/capstone_ws/install/tf2_web_republisher:/home/kimchaewon/capstone_ws/install/tf2_web_republisher_interfaces:/home/kimchaewon/capstone_ws/install/dynamixel_sdk_examples:/home/kimchaewon/capstone_ws/install/dynamixel_sdk_custom_interfaces:/home/kimchaewon/capstone_ws/install/dynamixel_sdk:/home/kimchaewon/capstone_ws/install/turtlebot3_teleop:/home/kimchaewon/capstone_ws/install/turtlebot3_example:/opt/ros/humble LD_LIBRARY_PATH=/home/kimchaewon/capstone_ws/install/turtlebot3_msgs/lib:/home/kimchaewon/capstone_ws/install/tf2_web_republisher/lib:/home/kimchaewon/capstone_ws/install/tf2_web_republisher_interfaces/lib:/home/kimchaewon/capstone_ws/install/dynamixel_sdk_custom_interfaces/lib:/home/kimchaewon/capstone_ws/install/dynamixel_sdk/lib:/opt/ros/humble/opt/rviz_ogre_vendor/lib:/opt/ros/humble/lib/x86_64-linux-gnu:/opt/ros/humble/lib:/usr/lib/x86_64-linux-gnu/gazebo-11/plugins /usr/bin/cmake /home/kimchaewon/capstone_ws/src/turtlebot3_simulations/turtlebot3_fake_node -DAMENT_CMAKE_SYMLINK_INSTALL=1 -DCMAKE_INSTALL_PREFIX=/home/kimchaewon/capstone_ws/install/turtlebot3_fake_node
[1.430s] -- The C compiler identification is GNU 11.4.0
[1.624s] -- The CXX compiler identification is GNU 11.4.0
[1.668s] -- Detecting C compiler ABI info
[2.004s] -- Detecting C compiler ABI info - done
[2.039s] -- Check for working C compiler: /usr/bin/cc - skipped
[2.040s] -- Detecting C compile features
[2.042s] -- Detecting C compile features - done
[2.056s] -- Detecting CXX compiler ABI info
[2.379s] -- Detecting CXX compiler ABI info - done
[2.415s] -- Check for working CXX compiler: /usr/bin/c++ - skipped
[2.418s] -- Detecting CXX compile features
[2.419s] -- Detecting CXX compile features - done
[2.434s] -- Found ament_cmake: 1.3.12 (/opt/ros/humble/share/ament_cmake/cmake)
[3.229s] -- Found Python3: /usr/bin/python3 (found version "3.10.12") found components: Interpreter 
[3.562s] -- Override CMake install command with custom implementation using symlinks instead of copying resources
[3.714s] -- Found geometry_msgs: 4.9.0 (/opt/ros/humble/share/geometry_msgs/cmake)
[3.910s] -- Found rosidl_generator_c: 3.1.7 (/opt/ros/humble/share/rosidl_generator_c/cmake)
[3.936s] -- Found rosidl_adapter: 3.1.7 (/opt/ros/humble/share/rosidl_adapter/cmake)
[3.975s] -- Found rosidl_generator_cpp: 3.1.7 (/opt/ros/humble/share/rosidl_generator_cpp/cmake)
[4.031s] -- Using all available rosidl_typesupport_c: rosidl_typesupport_fastrtps_c;rosidl_typesupport_introspection_c
[4.108s] -- Using all available rosidl_typesupport_cpp: rosidl_typesupport_fastrtps_cpp;rosidl_typesupport_introspection_cpp
[4.299s] -- Found nav_msgs: 4.9.0 (/opt/ros/humble/share/nav_msgs/cmake)
[4.387s] -- Found rclcpp: 16.0.14 (/opt/ros/humble/share/rclcpp/cmake)
[4.590s] -- Found rmw_implementation_cmake: 6.1.2 (/opt/ros/humble/share/rmw_implementation_cmake/cmake)
[4.601s] -- Found rmw_fastrtps_cpp: 6.2.8 (/opt/ros/humble/share/rmw_fastrtps_cpp/cmake)
[5.038s] -- Found OpenSSL: /usr/lib/x86_64-linux-gnu/libcrypto.so (found version "3.0.2")  
[5.164s] -- Found FastRTPS: /opt/ros/humble/include  
[5.338s] -- Using RMW implementation 'rmw_fastrtps_cpp' as default
[5.392s] -- Looking for pthread.h
[5.876s] -- Looking for pthread.h - found
[5.877s] -- Performing Test CMAKE_HAVE_LIBC_PTHREAD
[6.178s] -- Performing Test CMAKE_HAVE_LIBC_PTHREAD - Success
[6.185s] -- Found Threads: TRUE  
[6.478s] -- Found sensor_msgs: 4.9.0 (/opt/ros/humble/share/sensor_msgs/cmake)
[6.579s] -- Found tf2: 0.25.16 (/opt/ros/humble/share/tf2/cmake)
[6.650s] -- Found tf2_msgs: 0.25.16 (/opt/ros/humble/share/tf2_msgs/cmake)
[6.819s] -- Found turtlebot3_msgs: 2.4.0 (/home/kimchaewon/capstone_ws/install/turtlebot3_msgs/share/turtlebot3_msgs/cmake)
[7.646s] -- Configuring done
[7.767s] -- Generating done
[7.807s] -- Build files have been written to: /home/kimchaewon/capstone_ws/build/turtlebot3_fake_node
[7.894s] Invoked command in '/home/kimchaewon/capstone_ws/build/turtlebot3_fake_node' returned '0': CMAKE_PREFIX_PATH=/home/kimchaewon/capstone_ws/install/turtlebot3_msgs:/home/kimchaewon/capstone_ws/install/turtlebot3:/home/kimchaewon/capstone_ws/install/turtlebot3_simulations:/home/kimchaewon/capstone_ws/install/turtlebot3_bringup:/home/kimchaewon/capstone_ws/install/turtlebot3_node:/home/kimchaewon/capstone_ws/install/turtlebot3_navigation2:/home/kimchaewon/capstone_ws/install/turtlebot3_fake_node:/home/kimchaewon/capstone_ws/install/turtlebot3_manipulation_gazebo:/home/kimchaewon/capstone_ws/install/turtlebot3_gazebo:/home/kimchaewon/capstone_ws/install/turtlebot3_description:/home/kimchaewon/capstone_ws/install/turtlebot3_cartographer:/home/kimchaewon/capstone_ws/install/tf2_web_republisher:/home/kimchaewon/capstone_ws/install/tf2_web_republisher_interfaces:/home/kimchaewon/capstone_ws/install/dynamixel_sdk_examples:/home/kimchaewon/capstone_ws/install/dynamixel_sdk_custom_interfaces:/home/kimchaewon/capstone_ws/install/dynamixel_sdk:/home/kimchaewon/capstone_ws/install/turtlebot3_teleop:/home/kimchaewon/capstone_ws/install/turtlebot3_example:/opt/ros/humble LD_LIBRARY_PATH=/home/kimchaewon/capstone_ws/install/turtlebot3_msgs/lib:/home/kimchaewon/capstone_ws/install/tf2_web_republisher/lib:/home/kimchaewon/capstone_ws/install/tf2_web_republisher_interfaces/lib:/home/kimchaewon/capstone_ws/install/dynamixel_sdk_custom_interfaces/lib:/home/kimchaewon/capstone_ws/install/dynamixel_sdk/lib:/opt/ros/humble/opt/rviz_ogre_vendor/lib:/opt/ros/humble/lib/x86_64-linux-gnu:/opt/ros/humble/lib:/usr/lib/x86_64-linux-gnu/gazebo-11/plugins /usr/bin/cmake /home/kimchaewon/capstone_ws/src/turtlebot3_simulations/turtlebot3_fake_node -DAMENT_CMAKE_SYMLINK_INSTALL=1 -DCMAKE_INSTALL_PREFIX=/home/kimchaewon/capstone_ws/install/turtlebot3_fake_node
[7.896s] Invoking command in '/home/kimchaewon/capstone_ws/build/turtlebot3_fake_node': CMAKE_PREFIX_PATH=/home/kimchaewon/capstone_ws/install/turtlebot3_msgs:/home/kimchaewon/capstone_ws/install/turtlebot3:/home/kimchaewon/capstone_ws/install/turtlebot3_simulations:/home/kimchaewon/capstone_ws/install/turtlebot3_bringup:/home/kimchaewon/capstone_ws/install/turtlebot3_node:/home/kimchaewon/capstone_ws/install/turtlebot3_navigation2:/home/kimchaewon/capstone_ws/install/turtlebot3_fake_node:/home/kimchaewon/capstone_ws/install/turtlebot3_manipulation_gazebo:/home/kimchaewon/capstone_ws/install/turtlebot3_gazebo:/home/kimchaewon/capstone_ws/install/turtlebot3_description:/home/kimchaewon/capstone_ws/install/turtlebot3_cartographer:/home/kimchaewon/capstone_ws/install/tf2_web_republisher:/home/kimchaewon/capstone_ws/install/tf2_web_republisher_interfaces:/home/kimchaewon/capstone_ws/install/dynamixel_sdk_examples:/home/kimchaewon/capstone_ws/install/dynamixel_sdk_custom_interfaces:/home/kimchaewon/capstone_ws/install/dynamixel_sdk:/home/kimchaewon/capstone_ws/install/turtlebot3_teleop:/home/kimchaewon/capstone_ws/install/turtlebot3_example:/opt/ros/humble LD_LIBRARY_PATH=/home/kimchaewon/capstone_ws/install/turtlebot3_msgs/lib:/home/kimchaewon/capstone_ws/install/tf2_web_republisher/lib:/home/kimchaewon/capstone_ws/install/tf2_web_republisher_interfaces/lib:/home/kimchaewon/capstone_ws/install/dynamixel_sdk_custom_interfaces/lib:/home/kimchaewon/capstone_ws/install/dynamixel_sdk/lib:/opt/ros/humble/opt/rviz_ogre_vendor/lib:/opt/ros/humble/lib/x86_64-linux-gnu:/opt/ros/humble/lib:/usr/lib/x86_64-linux-gnu/gazebo-11/plugins /usr/bin/cmake --build /home/kimchaewon/capstone_ws/build/turtlebot3_fake_node -- -j16 -l16
[8.356s] [ 50%] [32mBuilding CXX object CMakeFiles/turtlebot3_fake_node.dir/src/turtlebot3_fake_node.cpp.o[0m
[39.067s] [100%] [32m[1mLinking CXX executable turtlebot3_fake_node[0m
[39.826s] [100%] Built target turtlebot3_fake_node
[39.843s] Invoked command in '/home/kimchaewon/capstone_ws/build/turtlebot3_fake_node' returned '0': CMAKE_PREFIX_PATH=/home/kimchaewon/capstone_ws/install/turtlebot3_msgs:/home/kimchaewon/capstone_ws/install/turtlebot3:/home/kimchaewon/capstone_ws/install/turtlebot3_simulations:/home/kimchaewon/capstone_ws/install/turtlebot3_bringup:/home/kimchaewon/capstone_ws/install/turtlebot3_node:/home/kimchaewon/capstone_ws/install/turtlebot3_navigation2:/home/kimchaewon/capstone_ws/install/turtlebot3_fake_node:/home/kimchaewon/capstone_ws/install/turtlebot3_manipulation_gazebo:/home/kimchaewon/capstone_ws/install/turtlebot3_gazebo:/home/kimchaewon/capstone_ws/install/turtlebot3_description:/home/kimchaewon/capstone_ws/install/turtlebot3_cartographer:/home/kimchaewon/capstone_ws/install/tf2_web_republisher:/home/kimchaewon/capstone_ws/install/tf2_web_republisher_interfaces:/home/kimchaewon/capstone_ws/install/dynamixel_sdk_examples:/home/kimchaewon/capstone_ws/install/dynamixel_sdk_custom_interfaces:/home/kimchaewon/capstone_ws/install/dynamixel_sdk:/home/kimchaewon/capstone_ws/install/turtlebot3_teleop:/home/kimchaewon/capstone_ws/install/turtlebot3_example:/opt/ros/humble LD_LIBRARY_PATH=/home/kimchaewon/capstone_ws/install/turtlebot3_msgs/lib:/home/kimchaewon/capstone_ws/install/tf2_web_republisher/lib:/home/kimchaewon/capstone_ws/install/tf2_web_republisher_interfaces/lib:/home/kimchaewon/capstone_ws/install/dynamixel_sdk_custom_interfaces/lib:/home/kimchaewon/capstone_ws/install/dynamixel_sdk/lib:/opt/ros/humble/opt/rviz_ogre_vendor/lib:/opt/ros/humble/lib/x86_64-linux-gnu:/opt/ros/humble/lib:/usr/lib/x86_64-linux-gnu/gazebo-11/plugins /usr/bin/cmake --build /home/kimchaewon/capstone_ws/build/turtlebot3_fake_node -- -j16 -l16
[39.846s] Invoking command in '/home/kimchaewon/capstone_ws/build/turtlebot3_fake_node': CMAKE_PREFIX_PATH=/home/kimchaewon/capstone_ws/install/turtlebot3_msgs:/home/kimchaewon/capstone_ws/install/turtlebot3:/home/kimchaewon/capstone_ws/install/turtlebot3_simulations:/home/kimchaewon/capstone_ws/install/turtlebot3_bringup:/home/kimchaewon/capstone_ws/install/turtlebot3_node:/home/kimchaewon/capstone_ws/install/turtlebot3_navigation2:/home/kimchaewon/capstone_ws/install/turtlebot3_fake_node:/home/kimchaewon/capstone_ws/install/turtlebot3_manipulation_gazebo:/home/kimchaewon/capstone_ws/install/turtlebot3_gazebo:/home/kimchaewon/capstone_ws/install/turtlebot3_description:/home/kimchaewon/capstone_ws/install/turtlebot3_cartographer:/home/kimchaewon/capstone_ws/install/tf2_web_republisher:/home/kimchaewon/capstone_ws/install/tf2_web_republisher_interfaces:/home/kimchaewon/capstone_ws/install/dynamixel_sdk_examples:/home/kimchaewon/capstone_ws/install/dynamixel_sdk_custom_interfaces:/home/kimchaewon/capstone_ws/install/dynamixel_sdk:/home/kimchaewon/capstone_ws/install/turtlebot3_teleop:/home/kimchaewon/capstone_ws/install/turtlebot3_example:/opt/ros/humble LD_LIBRARY_PATH=/home/kimchaewon/capstone_ws/install/turtlebot3_msgs/lib:/home/kimchaewon/capstone_ws/install/tf2_web_republisher/lib:/home/kimchaewon/capstone_ws/install/tf2_web_republisher_interfaces/lib:/home/kimchaewon/capstone_ws/install/dynamixel_sdk_custom_interfaces/lib:/home/kimchaewon/capstone_ws/install/dynamixel_sdk/lib:/opt/ros/humble/opt/rviz_ogre_vendor/lib:/opt/ros/humble/lib/x86_64-linux-gnu:/opt/ros/humble/lib:/usr/lib/x86_64-linux-gnu/gazebo-11/plugins /usr/bin/cmake --install /home/kimchaewon/capstone_ws/build/turtlebot3_fake_node
[39.857s] -- Install configuration: ""
[39.857s] -- Execute custom install script
[39.858s] -- Symlinking: /home/kimchaewon/capstone_ws/install/turtlebot3_fake_node/lib/turtlebot3_fake_node/turtlebot3_fake_node
[39.872s] -- Symlinking: /home/kimchaewon/capstone_ws/install/turtlebot3_fake_node/share/turtlebot3_fake_node/launch/rviz2.launch.py
[39.884s] -- Symlinking: /home/kimchaewon/capstone_ws/install/turtlebot3_fake_node/share/turtlebot3_fake_node/launch/turtlebot3_fake_node.launch.py
[39.898s] -- Symlinking: /home/kimchaewon/capstone_ws/install/turtlebot3_fake_node/share/turtlebot3_fake_node/param/burger.yaml
[39.913s] -- Symlinking: /home/kimchaewon/capstone_ws/install/turtlebot3_fake_node/share/turtlebot3_fake_node/param/waffle.yaml
[39.928s] -- Symlinking: /home/kimchaewon/capstone_ws/install/turtlebot3_fake_node/share/turtlebot3_fake_node/param/waffle_pi.yaml
[39.941s] -- Symlinking: /home/kimchaewon/capstone_ws/install/turtlebot3_fake_node/include//turtlebot3_fake_node/turtlebot3_fake_node.hpp
[39.954s] -- Symlinking: /home/kimchaewon/capstone_ws/install/turtlebot3_fake_node/share/ament_index/resource_index/package_run_dependencies/turtlebot3_fake_node
[39.967s] -- Symlinking: /home/kimchaewon/capstone_ws/install/turtlebot3_fake_node/share/ament_index/resource_index/parent_prefix_path/turtlebot3_fake_node
[39.981s] -- Symlinking: /home/kimchaewon/capstone_ws/install/turtlebot3_fake_node/share/turtlebot3_fake_node/environment/ament_prefix_path.sh
[39.994s] -- Symlinking: /home/kimchaewon/capstone_ws/install/turtlebot3_fake_node/share/turtlebot3_fake_node/environment/ament_prefix_path.dsv
[40.009s] -- Symlinking: /home/kimchaewon/capstone_ws/install/turtlebot3_fake_node/share/turtlebot3_fake_node/environment/path.sh
[40.022s] -- Symlinking: /home/kimchaewon/capstone_ws/install/turtlebot3_fake_node/share/turtlebot3_fake_node/environment/path.dsv
[40.035s] -- Symlinking: /home/kimchaewon/capstone_ws/install/turtlebot3_fake_node/share/turtlebot3_fake_node/local_setup.bash
[40.048s] -- Symlinking: /home/kimchaewon/capstone_ws/install/turtlebot3_fake_node/share/turtlebot3_fake_node/local_setup.sh
[40.061s] -- Symlinking: /home/kimchaewon/capstone_ws/install/turtlebot3_fake_node/share/turtlebot3_fake_node/local_setup.zsh
[40.076s] -- Symlinking: /home/kimchaewon/capstone_ws/install/turtlebot3_fake_node/share/turtlebot3_fake_node/local_setup.dsv
[40.089s] -- Symlinking: /home/kimchaewon/capstone_ws/install/turtlebot3_fake_node/share/turtlebot3_fake_node/package.dsv
[40.103s] -- Symlinking: /home/kimchaewon/capstone_ws/install/turtlebot3_fake_node/share/ament_index/resource_index/packages/turtlebot3_fake_node
[40.117s] -- Symlinking: /home/kimchaewon/capstone_ws/install/turtlebot3_fake_node/share/turtlebot3_fake_node/cmake/ament_cmake_export_include_directories-extras.cmake
[40.130s] -- Symlinking: /home/kimchaewon/capstone_ws/install/turtlebot3_fake_node/share/turtlebot3_fake_node/cmake/ament_cmake_export_dependencies-extras.cmake
[40.144s] -- Symlinking: /home/kimchaewon/capstone_ws/install/turtlebot3_fake_node/share/turtlebot3_fake_node/cmake/turtlebot3_fake_nodeConfig.cmake
[40.159s] -- Symlinking: /home/kimchaewon/capstone_ws/install/turtlebot3_fake_node/share/turtlebot3_fake_node/cmake/turtlebot3_fake_nodeConfig-version.cmake
[40.175s] -- Symlinking: /home/kimchaewon/capstone_ws/install/turtlebot3_fake_node/share/turtlebot3_fake_node/package.xml
[40.193s] Invoked command in '/home/kimchaewon/capstone_ws/build/turtlebot3_fake_node' returned '0': CMAKE_PREFIX_PATH=/home/kimchaewon/capstone_ws/install/turtlebot3_msgs:/home/kimchaewon/capstone_ws/install/turtlebot3:/home/kimchaewon/capstone_ws/install/turtlebot3_simulations:/home/kimchaewon/capstone_ws/install/turtlebot3_bringup:/home/kimchaewon/capstone_ws/install/turtlebot3_node:/home/kimchaewon/capstone_ws/install/turtlebot3_navigation2:/home/kimchaewon/capstone_ws/install/turtlebot3_fake_node:/home/kimchaewon/capstone_ws/install/turtlebot3_manipulation_gazebo:/home/kimchaewon/capstone_ws/install/turtlebot3_gazebo:/home/kimchaewon/capstone_ws/install/turtlebot3_description:/home/kimchaewon/capstone_ws/install/turtlebot3_cartographer:/home/kimchaewon/capstone_ws/install/tf2_web_republisher:/home/kimchaewon/capstone_ws/install/tf2_web_republisher_interfaces:/home/kimchaewon/capstone_ws/install/dynamixel_sdk_examples:/home/kimchaewon/capstone_ws/install/dynamixel_sdk_custom_interfaces:/home/kimchaewon/capstone_ws/install/dynamixel_sdk:/home/kimchaewon/capstone_ws/install/turtlebot3_teleop:/home/kimchaewon/capstone_ws/install/turtlebot3_example:/opt/ros/humble LD_LIBRARY_PATH=/home/kimchaewon/capstone_ws/install/turtlebot3_msgs/lib:/home/kimchaewon/capstone_ws/install/tf2_web_republisher/lib:/home/kimchaewon/capstone_ws/install/tf2_web_republisher_interfaces/lib:/home/kimchaewon/capstone_ws/install/dynamixel_sdk_custom_interfaces/lib:/home/kimchaewon/capstone_ws/install/dynamixel_sdk/lib:/opt/ros/humble/opt/rviz_ogre_vendor/lib:/opt/ros/humble/lib/x86_64-linux-gnu:/opt/ros/humble/lib:/usr/lib/x86_64-linux-gnu/gazebo-11/plugins /usr/bin/cmake --install /home/kimchaewon/capstone_ws/build/turtlebot3_fake_node
