[0.052s] Invoking command in '/home/kimchaewon/capstone_ws/build/turtlebot3_gazebo': CMAKE_PREFIX_PATH=${CMAKE_PREFIX_PATH}:/home/kimchaewon/capstone_ws/install/turtlebot3_teleop:/home/kimchaewon/capstone_ws/install/turtlebot3_example:/opt/ros/humble /usr/bin/cmake /home/kimchaewon/capstone_ws/src/turtlebot3_simulations/turtlebot3_gazebo -DAMENT_CMAKE_SYMLINK_INSTALL=1 -DCMAKE_INSTALL_PREFIX=/home/kimchaewon/capstone_ws/install/turtlebot3_gazebo
[0.201s] -- The C compiler identification is GNU 11.4.0
[0.380s] -- The CXX compiler identification is GNU 11.4.0
[0.401s] -- Detecting C compiler ABI info
[0.618s] -- Detecting C compiler ABI info - done
[0.642s] -- Check for working C compiler: /usr/bin/cc - skipped
[0.643s] -- Detecting C compile features
[0.645s] -- Detecting C compile features - done
[0.655s] -- Detecting CXX compiler ABI info
[0.890s] -- Detecting CXX compiler ABI info - done
[0.914s] -- Check for working CXX compiler: /usr/bin/c++ - skipped
[0.915s] -- Detecting CXX compile features
[0.916s] -- Detecting CXX compile features - done
[0.922s] -- Found ament_cmake: 1.3.12 (/opt/ros/humble/share/ament_cmake/cmake)
[1.439s] -- Found Python3: /usr/bin/python3 (found version "3.10.12") found components: Interpreter 
[1.666s] -- Override CMake install command with custom implementation using symlinks instead of copying resources
[1.769s] [33mCMake Warning (dev) at /usr/share/cmake-3.22/Modules/FindPackageHandleStandardArgs.cmake:438 (message):
[1.769s]   The package name passed to `find_package_handle_standard_args` (PkgConfig)
[1.770s]   does not match the name of the calling package (gazebo).  This can lead to
[1.770s]   problems in calling code that expects `find_package` result variables
[1.770s]   (e.g., `_FOUND`) to follow a certain pattern.
[1.770s] Call Stack (most recent call first):
[1.771s]   /usr/share/cmake-3.22/Modules/FindPkgConfig.cmake:99 (find_package_handle_standard_args)
[1.771s]   /usr/lib/x86_64-linux-gnu/cmake/gazebo/gazebo-config.cmake:72 (include)
[1.771s]   CMakeLists.txt:23 (find_package)
[1.771s] This warning is for project developers.  Use -Wno-dev to suppress it.
[1.771s] [0m
[1.771s] -- Found PkgConfig: /usr/bin/pkg-config (found version "0.29.2") 
[1.781s] -- Checking for module 'bullet>=2.82'
[1.830s] --   Found bullet, version 3.05
[2.145s] -- Found fcl: /usr/include (found suitable version "0.7.0", minimum required is "0.5.0") 
[2.358s] -- Found assimp: /usr/include (found version "5.2.0") 
[2.556s] -- Found DART: /usr/include (Required is at least version "6.6") found components: dart 
[3.953s] -- Found Boost: /usr/lib/x86_64-linux-gnu/cmake/Boost-1.74.0/BoostConfig.cmake (found suitable version "1.74.0", minimum required is "1.40.0") found components: thread system filesystem program_options regex iostreams date_time 
[4.007s] -- Found Protobuf: /usr/lib/x86_64-linux-gnu/libprotobuf.so (found version "3.12.4") 
[4.052s] -- Looking for ignition-math6 -- found version 6.15.1
[4.084s] -- Searching for dependencies of ignition-math6
[4.093s] -- Looking for OGRE...
[4.096s] -- OGRE_PREFIX_WATCH changed.
[4.117s] -- Checking for module 'OGRE'
[4.168s] --   Found OGRE, version 1.9.0
[4.278s] -- Found Ogre Ghadamon (1.9.0)
[4.310s] -- Found OGRE: optimized;/usr/lib/x86_64-linux-gnu/libOgreMain.so;debug;/usr/lib/x86_64-linux-gnu/libOgreMain.so
[4.345s] -- Looking for OGRE_Paging...
[4.364s] -- Found OGRE_Paging: optimized;/usr/lib/x86_64-linux-gnu/libOgrePaging.so;debug;/usr/lib/x86_64-linux-gnu/libOgrePaging.so
[4.365s] -- Looking for OGRE_Terrain...
[4.382s] -- Found OGRE_Terrain: optimized;/usr/lib/x86_64-linux-gnu/libOgreTerrain.so;debug;/usr/lib/x86_64-linux-gnu/libOgreTerrain.so
[4.382s] -- Looking for OGRE_Property...
[4.400s] -- Found OGRE_Property: optimized;/usr/lib/x86_64-linux-gnu/libOgreProperty.so;debug;/usr/lib/x86_64-linux-gnu/libOgreProperty.so
[4.400s] -- Looking for OGRE_RTShaderSystem...
[4.418s] -- Found OGRE_RTShaderSystem: optimized;/usr/lib/x86_64-linux-gnu/libOgreRTShaderSystem.so;debug;/usr/lib/x86_64-linux-gnu/libOgreRTShaderSystem.so
[4.418s] -- Looking for OGRE_Volume...
[4.444s] -- Found OGRE_Volume: optimized;/usr/lib/x86_64-linux-gnu/libOgreVolume.so;debug;/usr/lib/x86_64-linux-gnu/libOgreVolume.so
[4.444s] -- Looking for OGRE_Overlay...
[4.468s] -- Found OGRE_Overlay: optimized;/usr/lib/x86_64-linux-gnu/libOgreOverlay.so;debug;/usr/lib/x86_64-linux-gnu/libOgreOverlay.so
[4.857s] -- Looking for ignition-math6 -- found version 6.15.1
[4.864s] -- Looking for ignition-transport8 -- found version 8.2.1
[4.866s] -- Searching for dependencies of ignition-transport8
[4.919s] -- Found Protobuf: /usr/lib/x86_64-linux-gnu/libprotobuf.so (found suitable version "3.12.4", minimum required is "3") 
[4.951s] -- Config-file not installed for ZeroMQ -- checking for pkg-config
[4.965s] -- Checking for module 'libzmq >= 4'
[5.011s] --   Found libzmq , version 4.3.4
[5.118s] -- Found ZeroMQ: TRUE (Required is at least version "4") 
[5.145s] -- Checking for module 'uuid'
[5.189s] --   Found uuid, version 2.37.2
[5.311s] -- Found UUID: TRUE  
[5.318s] -- Looking for ignition-msgs5 -- found version 5.8.1
[5.320s] -- Searching for dependencies of ignition-msgs5
[5.369s] -- Looking for ignition-math6 -- found version 6.15.1
[5.383s] -- Checking for module 'tinyxml2'
[5.425s] --   Found tinyxml2, version 9.0.0
[5.529s] -- Looking for ignition-msgs5 -- found version 5.8.1
[5.538s] -- Looking for ignition-common3 -- found version 3.14.0
[5.539s] -- Searching for dependencies of ignition-common3
[5.541s] -- Looking for dlfcn.h - found
[5.544s] -- Looking for libdl - found
[5.549s] -- Found DL: TRUE  
[5.595s] -- Found tinyobjloader: /usr/lib/x86_64-linux-gnu/cmake/tinyobjloader/tinyobjloader-config.cmake (found version "2.0.0") 
[5.597s] -- Searching for <ignition-common3> component [graphics]
[5.606s] -- Looking for ignition-common3-graphics -- found version 3.14.0
[5.608s] -- Searching for dependencies of ignition-common3-graphics
[5.610s] -- Looking for ignition-math6 -- found version 6.15.1
[5.625s] -- Looking for ignition-fuel_tools4 -- found version 4.4.0
[5.628s] -- Searching for dependencies of ignition-fuel_tools4
[5.897s] -- Found CURL: /usr/lib/x86_64-linux-gnu/libcurl.so (found version "7.81.0")  
[5.935s] -- Checking for module 'jsoncpp'
[5.978s] --   Found jsoncpp, version 1.9.5
[6.065s] -- Found JSONCPP: TRUE  
[6.084s] -- Checking for module 'libzip'
[6.119s] --   Found libzip, version 1.7.3
[6.208s] -- Found ZIP: TRUE  
[6.209s] -- Looking for ignition-common3 -- found version 3.14.0
[6.210s] -- Looking for ignition-math6 -- found version 6.15.1
[6.212s] -- Looking for ignition-msgs5 -- found version 5.8.1
[6.237s] -- Found gazebo_ros_pkgs: 3.9.0 (/opt/ros/humble/share/gazebo_ros_pkgs/cmake)
[6.241s] -- Found geometry_msgs: 4.9.0 (/opt/ros/humble/share/geometry_msgs/cmake)
[6.335s] -- Found rosidl_generator_c: 3.1.7 (/opt/ros/humble/share/rosidl_generator_c/cmake)
[6.351s] -- Found rosidl_adapter: 3.1.7 (/opt/ros/humble/share/rosidl_adapter/cmake)
[6.378s] -- Found rosidl_generator_cpp: 3.1.7 (/opt/ros/humble/share/rosidl_generator_cpp/cmake)
[6.422s] -- Using all available rosidl_typesupport_c: rosidl_typesupport_fastrtps_c;rosidl_typesupport_introspection_c
[6.480s] -- Using all available rosidl_typesupport_cpp: rosidl_typesupport_fastrtps_cpp;rosidl_typesupport_introspection_cpp
[6.626s] -- Found nav_msgs: 4.9.0 (/opt/ros/humble/share/nav_msgs/cmake)
[6.704s] -- Found rclcpp: 16.0.14 (/opt/ros/humble/share/rclcpp/cmake)
[6.907s] -- Found rmw_implementation_cmake: 6.1.2 (/opt/ros/humble/share/rmw_implementation_cmake/cmake)
[6.940s] -- Found rmw_fastrtps_cpp: 6.2.8 (/opt/ros/humble/share/rmw_fastrtps_cpp/cmake)
[7.301s] -- Found OpenSSL: /usr/lib/x86_64-linux-gnu/libcrypto.so (found version "3.0.2")  
[7.398s] -- Found FastRTPS: /opt/ros/humble/include  
[7.556s] -- Using RMW implementation 'rmw_fastrtps_cpp' as default
[7.596s] -- Found Threads: TRUE  
[7.747s] -- Found sensor_msgs: 4.9.0 (/opt/ros/humble/share/sensor_msgs/cmake)
[7.815s] -- Found tf2: 0.25.16 (/opt/ros/humble/share/tf2/cmake)
[8.082s] -- Configuring done
[8.271s] -- Generating done
[8.308s] -- Build files have been written to: /home/kimchaewon/capstone_ws/build/turtlebot3_gazebo
[8.374s] Invoked command in '/home/kimchaewon/capstone_ws/build/turtlebot3_gazebo' returned '0': CMAKE_PREFIX_PATH=${CMAKE_PREFIX_PATH}:/home/kimchaewon/capstone_ws/install/turtlebot3_teleop:/home/kimchaewon/capstone_ws/install/turtlebot3_example:/opt/ros/humble /usr/bin/cmake /home/kimchaewon/capstone_ws/src/turtlebot3_simulations/turtlebot3_gazebo -DAMENT_CMAKE_SYMLINK_INSTALL=1 -DCMAKE_INSTALL_PREFIX=/home/kimchaewon/capstone_ws/install/turtlebot3_gazebo
[8.376s] Invoking command in '/home/kimchaewon/capstone_ws/build/turtlebot3_gazebo': CMAKE_PREFIX_PATH=${CMAKE_PREFIX_PATH}:/home/kimchaewon/capstone_ws/install/turtlebot3_teleop:/home/kimchaewon/capstone_ws/install/turtlebot3_example:/opt/ros/humble /usr/bin/cmake --build /home/kimchaewon/capstone_ws/build/turtlebot3_gazebo -- -j16 -l16
[8.644s] [  8%] [32mBuilding CXX object CMakeFiles/obstacle1.dir/src/obstacle1.cpp.o[0m
[8.653s] [ 16%] [32mBuilding CXX object CMakeFiles/traffic_light_plugin.dir/src/traffic_light_plugin.cpp.o[0m
[8.662s] [ 25%] [32mBuilding CXX object CMakeFiles/obstacles.dir/src/obstacles.cpp.o[0m
[8.664s] [ 33%] [32mBuilding CXX object CMakeFiles/obstacle2.dir/src/obstacle2.cpp.o[0m
[8.664s] [ 50%] [32mBuilding CXX object CMakeFiles/turtlebot3_drive.dir/src/turtlebot3_drive.cpp.o[0m
[8.671s] [ 50%] [32mBuilding CXX object CMakeFiles/traffic_bar_plugin.dir/src/traffic_bar_plugin.cpp.o[0m
[52.921s] [ 58%] [32m[1mLinking CXX shared library libtraffic_bar_plugin.so[0m
[54.636s] [ 58%] Built target traffic_bar_plugin
[56.003s] [ 66%] [32m[1mLinking CXX shared library libobstacle1.so[0m
[57.107s] [ 66%] Built target obstacle1
[59.442s] [ 75%] [32m[1mLinking CXX shared library libtraffic_light_plugin.so[0m
[59.579s] [ 83%] [32m[1mLinking CXX executable turtlebot3_drive[0m
[60.678s] [ 91%] [32m[1mLinking CXX shared library libobstacle2.so[0m
[60.716s] [ 91%] Built target traffic_light_plugin
[61.471s] [ 91%] Built target turtlebot3_drive
[61.496s] [ 91%] Built target obstacle2
[62.033s] [100%] [32m[1mLinking CXX shared library libobstacles.so[0m
[62.647s] [100%] Built target obstacles
[62.682s] Invoked command in '/home/kimchaewon/capstone_ws/build/turtlebot3_gazebo' returned '0': CMAKE_PREFIX_PATH=${CMAKE_PREFIX_PATH}:/home/kimchaewon/capstone_ws/install/turtlebot3_teleop:/home/kimchaewon/capstone_ws/install/turtlebot3_example:/opt/ros/humble /usr/bin/cmake --build /home/kimchaewon/capstone_ws/build/turtlebot3_gazebo -- -j16 -l16
[62.688s] Invoking command in '/home/kimchaewon/capstone_ws/build/turtlebot3_gazebo': CMAKE_PREFIX_PATH=${CMAKE_PREFIX_PATH}:/home/kimchaewon/capstone_ws/install/turtlebot3_teleop:/home/kimchaewon/capstone_ws/install/turtlebot3_example:/opt/ros/humble /usr/bin/cmake --install /home/kimchaewon/capstone_ws/build/turtlebot3_gazebo
[62.709s] -- Install configuration: ""
[62.711s] -- Execute custom install script
[62.712s] -- Symlinking: /home/kimchaewon/capstone_ws/install/turtlebot3_gazebo/lib/turtlebot3_gazebo/turtlebot3_drive
[62.738s] -- Symlinking: /home/kimchaewon/capstone_ws/install/turtlebot3_gazebo/share/turtlebot3_gazebo//launch/empty_world.launch.py
[62.763s] -- Symlinking: /home/kimchaewon/capstone_ws/install/turtlebot3_gazebo/share/turtlebot3_gazebo//launch/multi_robot.launch.py
[62.788s] -- Symlinking: /home/kimchaewon/capstone_ws/install/turtlebot3_gazebo/share/turtlebot3_gazebo//launch/multi_spawn_turtlebot3.launch.py
[62.813s] -- Symlinking: /home/kimchaewon/capstone_ws/install/turtlebot3_gazebo/share/turtlebot3_gazebo//launch/robot_state_publisher.launch.py
[62.836s] -- Symlinking: /home/kimchaewon/capstone_ws/install/turtlebot3_gazebo/share/turtlebot3_gazebo//launch/spawn_turtlebot3.launch.py
[62.862s] -- Symlinking: /home/kimchaewon/capstone_ws/install/turtlebot3_gazebo/share/turtlebot3_gazebo//launch/turtlebot3_autorace_2020.launch.py
[62.887s] -- Symlinking: /home/kimchaewon/capstone_ws/install/turtlebot3_gazebo/share/turtlebot3_gazebo//launch/turtlebot3_dqn_stage1.launch.py
[62.912s] -- Symlinking: /home/kimchaewon/capstone_ws/install/turtlebot3_gazebo/share/turtlebot3_gazebo//launch/turtlebot3_dqn_stage2.launch.py
[62.936s] -- Symlinking: /home/kimchaewon/capstone_ws/install/turtlebot3_gazebo/share/turtlebot3_gazebo//launch/turtlebot3_dqn_stage3.launch.py
[62.962s] -- Symlinking: /home/kimchaewon/capstone_ws/install/turtlebot3_gazebo/share/turtlebot3_gazebo//launch/turtlebot3_dqn_stage4.launch.py
[62.991s] -- Symlinking: /home/kimchaewon/capstone_ws/install/turtlebot3_gazebo/share/turtlebot3_gazebo//launch/turtlebot3_house.launch.py
[63.011s] -- Symlinking: /home/kimchaewon/capstone_ws/install/turtlebot3_gazebo/share/turtlebot3_gazebo//launch/turtlebot3_world.launch.py
[63.048s] -- Symlinking: /home/kimchaewon/capstone_ws/install/turtlebot3_gazebo/share/turtlebot3_gazebo//models/turtlebot3_autorace_2020/checker/materials/checker.png
[63.072s] -- Symlinking: /home/kimchaewon/capstone_ws/install/turtlebot3_gazebo/share/turtlebot3_gazebo//models/turtlebot3_autorace_2020/checker/materials/scripts/checker.material
[63.097s] -- Symlinking: /home/kimchaewon/capstone_ws/install/turtlebot3_gazebo/share/turtlebot3_gazebo//models/turtlebot3_autorace_2020/checker/materials/textures/checker.png
[63.120s] -- Symlinking: /home/kimchaewon/capstone_ws/install/turtlebot3_gazebo/share/turtlebot3_gazebo//models/turtlebot3_autorace_2020/checker/model.config
[63.138s] -- Symlinking: /home/kimchaewon/capstone_ws/install/turtlebot3_gazebo/share/turtlebot3_gazebo//models/turtlebot3_autorace_2020/checker/model.sdf
[63.157s] -- Symlinking: /home/kimchaewon/capstone_ws/install/turtlebot3_gazebo/share/turtlebot3_gazebo//models/turtlebot3_autorace_2020/course/materials/scripts/course.material
[63.181s] -- Symlinking: /home/kimchaewon/capstone_ws/install/turtlebot3_gazebo/share/turtlebot3_gazebo//models/turtlebot3_autorace_2020/course/materials/textures/course.png
[63.201s] -- Symlinking: /home/kimchaewon/capstone_ws/install/turtlebot3_gazebo/share/turtlebot3_gazebo//models/turtlebot3_autorace_2020/course/model.config
[63.220s] -- Symlinking: /home/kimchaewon/capstone_ws/install/turtlebot3_gazebo/share/turtlebot3_gazebo//models/turtlebot3_autorace_2020/course/model.sdf
[63.243s] -- Symlinking: /home/kimchaewon/capstone_ws/install/turtlebot3_gazebo/share/turtlebot3_gazebo//models/turtlebot3_autorace_2020/traffic_bar/materials/scripts/traffic_bar.material
[63.265s] -- Symlinking: /home/kimchaewon/capstone_ws/install/turtlebot3_gazebo/share/turtlebot3_gazebo//models/turtlebot3_autorace_2020/traffic_bar/materials/textures/traffic_bar.png
[63.286s] -- Symlinking: /home/kimchaewon/capstone_ws/install/turtlebot3_gazebo/share/turtlebot3_gazebo//models/turtlebot3_autorace_2020/traffic_bar/model.config
[63.308s] -- Symlinking: /home/kimchaewon/capstone_ws/install/turtlebot3_gazebo/share/turtlebot3_gazebo//models/turtlebot3_autorace_2020/traffic_bar/model.sdf
[63.330s] -- Symlinking: /home/kimchaewon/capstone_ws/install/turtlebot3_gazebo/share/turtlebot3_gazebo//models/turtlebot3_autorace_2020/traffic_construction/materials/scripts/traffic_construction.material
[63.353s] -- Symlinking: /home/kimchaewon/capstone_ws/install/turtlebot3_gazebo/share/turtlebot3_gazebo//models/turtlebot3_autorace_2020/traffic_construction/materials/textures/traffic_construction.png
[63.380s] -- Symlinking: /home/kimchaewon/capstone_ws/install/turtlebot3_gazebo/share/turtlebot3_gazebo//models/turtlebot3_autorace_2020/traffic_construction/model.config
[63.405s] -- Symlinking: /home/kimchaewon/capstone_ws/install/turtlebot3_gazebo/share/turtlebot3_gazebo//models/turtlebot3_autorace_2020/traffic_construction/model.sdf
[63.428s] -- Symlinking: /home/kimchaewon/capstone_ws/install/turtlebot3_gazebo/share/turtlebot3_gazebo//models/turtlebot3_autorace_2020/traffic_intersection/materials/scripts/traffic_intersection.material
[63.450s] -- Symlinking: /home/kimchaewon/capstone_ws/install/turtlebot3_gazebo/share/turtlebot3_gazebo//models/turtlebot3_autorace_2020/traffic_intersection/materials/textures/traffic_intersection.png
[63.475s] -- Symlinking: /home/kimchaewon/capstone_ws/install/turtlebot3_gazebo/share/turtlebot3_gazebo//models/turtlebot3_autorace_2020/traffic_intersection/model.config
[63.499s] -- Symlinking: /home/kimchaewon/capstone_ws/install/turtlebot3_gazebo/share/turtlebot3_gazebo//models/turtlebot3_autorace_2020/traffic_intersection/model.sdf
[63.521s] -- Symlinking: /home/kimchaewon/capstone_ws/install/turtlebot3_gazebo/share/turtlebot3_gazebo//models/turtlebot3_autorace_2020/traffic_left/materials/scripts/traffic_is_left.material
[63.544s] -- Symlinking: /home/kimchaewon/capstone_ws/install/turtlebot3_gazebo/share/turtlebot3_gazebo//models/turtlebot3_autorace_2020/traffic_left/materials/textures/traffic_left.png
[63.567s] -- Symlinking: /home/kimchaewon/capstone_ws/install/turtlebot3_gazebo/share/turtlebot3_gazebo//models/turtlebot3_autorace_2020/traffic_left/model.config
[63.591s] -- Symlinking: /home/kimchaewon/capstone_ws/install/turtlebot3_gazebo/share/turtlebot3_gazebo//models/turtlebot3_autorace_2020/traffic_left/model.sdf
[63.614s] -- Symlinking: /home/kimchaewon/capstone_ws/install/turtlebot3_gazebo/share/turtlebot3_gazebo//models/turtlebot3_autorace_2020/traffic_light/materials/scripts/traffic_light.material
[63.636s] -- Symlinking: /home/kimchaewon/capstone_ws/install/turtlebot3_gazebo/share/turtlebot3_gazebo//models/turtlebot3_autorace_2020/traffic_light/materials/textures/traffic_light.png
[63.659s] -- Symlinking: /home/kimchaewon/capstone_ws/install/turtlebot3_gazebo/share/turtlebot3_gazebo//models/turtlebot3_autorace_2020/traffic_light/materials/textures/traffic_light_green.png
[63.684s] -- Symlinking: /home/kimchaewon/capstone_ws/install/turtlebot3_gazebo/share/turtlebot3_gazebo//models/turtlebot3_autorace_2020/traffic_light/materials/textures/traffic_light_red.png
[63.709s] -- Symlinking: /home/kimchaewon/capstone_ws/install/turtlebot3_gazebo/share/turtlebot3_gazebo//models/turtlebot3_autorace_2020/traffic_light/materials/textures/traffic_light_yellow.png
[63.734s] -- Symlinking: /home/kimchaewon/capstone_ws/install/turtlebot3_gazebo/share/turtlebot3_gazebo//models/turtlebot3_autorace_2020/traffic_light/model.config
[63.764s] -- Symlinking: /home/kimchaewon/capstone_ws/install/turtlebot3_gazebo/share/turtlebot3_gazebo//models/turtlebot3_autorace_2020/traffic_light/model.sdf
[63.793s] -- Symlinking: /home/kimchaewon/capstone_ws/install/turtlebot3_gazebo/share/turtlebot3_gazebo//models/turtlebot3_autorace_2020/traffic_noentry/materials/scripts/traffic_noentry.material
[63.822s] -- Symlinking: /home/kimchaewon/capstone_ws/install/turtlebot3_gazebo/share/turtlebot3_gazebo//models/turtlebot3_autorace_2020/traffic_noentry/materials/textures/traffic_noentry.png
[63.849s] -- Symlinking: /home/kimchaewon/capstone_ws/install/turtlebot3_gazebo/share/turtlebot3_gazebo//models/turtlebot3_autorace_2020/traffic_noentry/model.config
[63.878s] -- Symlinking: /home/kimchaewon/capstone_ws/install/turtlebot3_gazebo/share/turtlebot3_gazebo//models/turtlebot3_autorace_2020/traffic_noentry/model.sdf
[63.905s] -- Symlinking: /home/kimchaewon/capstone_ws/install/turtlebot3_gazebo/share/turtlebot3_gazebo//models/turtlebot3_autorace_2020/traffic_parking/materials/scripts/traffic_parking.material
[63.929s] -- Symlinking: /home/kimchaewon/capstone_ws/install/turtlebot3_gazebo/share/turtlebot3_gazebo//models/turtlebot3_autorace_2020/traffic_parking/materials/textures/traffic_parking.png
[63.957s] -- Symlinking: /home/kimchaewon/capstone_ws/install/turtlebot3_gazebo/share/turtlebot3_gazebo//models/turtlebot3_autorace_2020/traffic_parking/model.config
[63.976s] -- Symlinking: /home/kimchaewon/capstone_ws/install/turtlebot3_gazebo/share/turtlebot3_gazebo//models/turtlebot3_autorace_2020/traffic_parking/model.sdf
[63.998s] -- Symlinking: /home/kimchaewon/capstone_ws/install/turtlebot3_gazebo/share/turtlebot3_gazebo//models/turtlebot3_autorace_2020/traffic_pl_left/materials/scripts/traffic_pl_left.material
[64.020s] -- Symlinking: /home/kimchaewon/capstone_ws/install/turtlebot3_gazebo/share/turtlebot3_gazebo//models/turtlebot3_autorace_2020/traffic_pl_left/materials/textures/traffic_pl_left.png
[64.040s] -- Symlinking: /home/kimchaewon/capstone_ws/install/turtlebot3_gazebo/share/turtlebot3_gazebo//models/turtlebot3_autorace_2020/traffic_pl_left/model.config
[64.060s] -- Symlinking: /home/kimchaewon/capstone_ws/install/turtlebot3_gazebo/share/turtlebot3_gazebo//models/turtlebot3_autorace_2020/traffic_pl_left/model.sdf
[64.087s] -- Symlinking: /home/kimchaewon/capstone_ws/install/turtlebot3_gazebo/share/turtlebot3_gazebo//models/turtlebot3_autorace_2020/traffic_right/materials/scripts/traffic_right.material
[64.110s] -- Symlinking: /home/kimchaewon/capstone_ws/install/turtlebot3_gazebo/share/turtlebot3_gazebo//models/turtlebot3_autorace_2020/traffic_right/materials/textures/traffic_right.png
[64.134s] -- Symlinking: /home/kimchaewon/capstone_ws/install/turtlebot3_gazebo/share/turtlebot3_gazebo//models/turtlebot3_autorace_2020/traffic_right/model.config
[64.157s] -- Symlinking: /home/kimchaewon/capstone_ws/install/turtlebot3_gazebo/share/turtlebot3_gazebo//models/turtlebot3_autorace_2020/traffic_right/model.sdf
[64.181s] -- Symlinking: /home/kimchaewon/capstone_ws/install/turtlebot3_gazebo/share/turtlebot3_gazebo//models/turtlebot3_autorace_2020/traffic_stop/materials/scripts/traffic_stop.material
[64.202s] -- Symlinking: /home/kimchaewon/capstone_ws/install/turtlebot3_gazebo/share/turtlebot3_gazebo//models/turtlebot3_autorace_2020/traffic_stop/materials/textures/traffic_stop.png
[64.226s] -- Symlinking: /home/kimchaewon/capstone_ws/install/turtlebot3_gazebo/share/turtlebot3_gazebo//models/turtlebot3_autorace_2020/traffic_stop/model.config
[64.250s] -- Symlinking: /home/kimchaewon/capstone_ws/install/turtlebot3_gazebo/share/turtlebot3_gazebo//models/turtlebot3_autorace_2020/traffic_stop/model.sdf
[64.275s] -- Symlinking: /home/kimchaewon/capstone_ws/install/turtlebot3_gazebo/share/turtlebot3_gazebo//models/turtlebot3_autorace_2020/traffic_tunnel/materials/scripts/tunnel.material
[64.300s] -- Symlinking: /home/kimchaewon/capstone_ws/install/turtlebot3_gazebo/share/turtlebot3_gazebo//models/turtlebot3_autorace_2020/traffic_tunnel/materials/textures/tunnel.png
[64.324s] -- Symlinking: /home/kimchaewon/capstone_ws/install/turtlebot3_gazebo/share/turtlebot3_gazebo//models/turtlebot3_autorace_2020/traffic_tunnel/model.config
[64.347s] -- Symlinking: /home/kimchaewon/capstone_ws/install/turtlebot3_gazebo/share/turtlebot3_gazebo//models/turtlebot3_autorace_2020/traffic_tunnel/model.sdf
[64.371s] -- Symlinking: /home/kimchaewon/capstone_ws/install/turtlebot3_gazebo/share/turtlebot3_gazebo//models/turtlebot3_burger/model-1_4.sdf
[64.396s] -- Symlinking: /home/kimchaewon/capstone_ws/install/turtlebot3_gazebo/share/turtlebot3_gazebo//models/turtlebot3_burger/model.config
[64.416s] -- Symlinking: /home/kimchaewon/capstone_ws/install/turtlebot3_gazebo/share/turtlebot3_gazebo//models/turtlebot3_burger/model.sdf
[64.442s] -- Symlinking: /home/kimchaewon/capstone_ws/install/turtlebot3_gazebo/share/turtlebot3_gazebo//models/turtlebot3_burger_cam/model-1_4.sdf
[64.466s] -- Symlinking: /home/kimchaewon/capstone_ws/install/turtlebot3_gazebo/share/turtlebot3_gazebo//models/turtlebot3_burger_cam/model.config
[64.490s] -- Symlinking: /home/kimchaewon/capstone_ws/install/turtlebot3_gazebo/share/turtlebot3_gazebo//models/turtlebot3_burger_cam/model.sdf
[64.511s] -- Symlinking: /home/kimchaewon/capstone_ws/install/turtlebot3_gazebo/share/turtlebot3_gazebo//models/turtlebot3_common/meshes/bases/burger_base.stl
[64.530s] -- Symlinking: /home/kimchaewon/capstone_ws/install/turtlebot3_gazebo/share/turtlebot3_gazebo//models/turtlebot3_common/meshes/bases/waffle_base.stl
[64.551s] -- Symlinking: /home/kimchaewon/capstone_ws/install/turtlebot3_gazebo/share/turtlebot3_gazebo//models/turtlebot3_common/meshes/bases/waffle_pi_base.stl
[64.572s] -- Symlinking: /home/kimchaewon/capstone_ws/install/turtlebot3_gazebo/share/turtlebot3_gazebo//models/turtlebot3_common/meshes/burger_base.dae
[64.592s] -- Symlinking: /home/kimchaewon/capstone_ws/install/turtlebot3_gazebo/share/turtlebot3_gazebo//models/turtlebot3_common/meshes/lds.dae
[64.610s] -- Symlinking: /home/kimchaewon/capstone_ws/install/turtlebot3_gazebo/share/turtlebot3_gazebo//models/turtlebot3_common/meshes/r200.dae
[64.630s] -- Symlinking: /home/kimchaewon/capstone_ws/install/turtlebot3_gazebo/share/turtlebot3_gazebo//models/turtlebot3_common/meshes/sensors/astra.dae
[64.649s] -- Symlinking: /home/kimchaewon/capstone_ws/install/turtlebot3_gazebo/share/turtlebot3_gazebo//models/turtlebot3_common/meshes/sensors/astra.jpg
[64.667s] -- Symlinking: /home/kimchaewon/capstone_ws/install/turtlebot3_gazebo/share/turtlebot3_gazebo//models/turtlebot3_common/meshes/sensors/lds.stl
[64.687s] -- Symlinking: /home/kimchaewon/capstone_ws/install/turtlebot3_gazebo/share/turtlebot3_gazebo//models/turtlebot3_common/meshes/sensors/r200.dae
[64.703s] -- Symlinking: /home/kimchaewon/capstone_ws/install/turtlebot3_gazebo/share/turtlebot3_gazebo//models/turtlebot3_common/meshes/sensors/r200.jpg
[64.720s] -- Symlinking: /home/kimchaewon/capstone_ws/install/turtlebot3_gazebo/share/turtlebot3_gazebo//models/turtlebot3_common/meshes/tire.dae
[64.736s] -- Symlinking: /home/kimchaewon/capstone_ws/install/turtlebot3_gazebo/share/turtlebot3_gazebo//models/turtlebot3_common/meshes/waffle_base.dae
[64.753s] -- Symlinking: /home/kimchaewon/capstone_ws/install/turtlebot3_gazebo/share/turtlebot3_gazebo//models/turtlebot3_common/meshes/waffle_pi_base.dae
[64.774s] -- Symlinking: /home/kimchaewon/capstone_ws/install/turtlebot3_gazebo/share/turtlebot3_gazebo//models/turtlebot3_common/meshes/wheels/left_tire.stl
[64.794s] -- Symlinking: /home/kimchaewon/capstone_ws/install/turtlebot3_gazebo/share/turtlebot3_gazebo//models/turtlebot3_common/meshes/wheels/right_tire.stl
[64.812s] -- Symlinking: /home/kimchaewon/capstone_ws/install/turtlebot3_gazebo/share/turtlebot3_gazebo//models/turtlebot3_common/model.config
[64.830s] -- Symlinking: /home/kimchaewon/capstone_ws/install/turtlebot3_gazebo/share/turtlebot3_gazebo//models/turtlebot3_dqn_world/goal_box/model.config
[64.846s] -- Symlinking: /home/kimchaewon/capstone_ws/install/turtlebot3_gazebo/share/turtlebot3_gazebo//models/turtlebot3_dqn_world/goal_box/model.sdf
[64.863s] -- Symlinking: /home/kimchaewon/capstone_ws/install/turtlebot3_gazebo/share/turtlebot3_gazebo//models/turtlebot3_dqn_world/inner_walls/model.config
[64.880s] -- Symlinking: /home/kimchaewon/capstone_ws/install/turtlebot3_gazebo/share/turtlebot3_gazebo//models/turtlebot3_dqn_world/inner_walls/model.sdf
[64.896s] -- Symlinking: /home/kimchaewon/capstone_ws/install/turtlebot3_gazebo/share/turtlebot3_gazebo//models/turtlebot3_dqn_world/model.config
[64.912s] -- Symlinking: /home/kimchaewon/capstone_ws/install/turtlebot3_gazebo/share/turtlebot3_gazebo//models/turtlebot3_dqn_world/model.sdf
[64.930s] -- Symlinking: /home/kimchaewon/capstone_ws/install/turtlebot3_gazebo/share/turtlebot3_gazebo//models/turtlebot3_dqn_world/obstacle1/model.config
[64.951s] -- Symlinking: /home/kimchaewon/capstone_ws/install/turtlebot3_gazebo/share/turtlebot3_gazebo//models/turtlebot3_dqn_world/obstacle1/model.sdf
[64.971s] -- Symlinking: /home/kimchaewon/capstone_ws/install/turtlebot3_gazebo/share/turtlebot3_gazebo//models/turtlebot3_dqn_world/obstacle2/model.config
[64.990s] -- Symlinking: /home/kimchaewon/capstone_ws/install/turtlebot3_gazebo/share/turtlebot3_gazebo//models/turtlebot3_dqn_world/obstacle2/model.sdf
[65.007s] -- Symlinking: /home/kimchaewon/capstone_ws/install/turtlebot3_gazebo/share/turtlebot3_gazebo//models/turtlebot3_dqn_world/obstacles/model.config
[65.023s] -- Symlinking: /home/kimchaewon/capstone_ws/install/turtlebot3_gazebo/share/turtlebot3_gazebo//models/turtlebot3_dqn_world/obstacles/model.sdf
[65.039s] -- Symlinking: /home/kimchaewon/capstone_ws/install/turtlebot3_gazebo/share/turtlebot3_gazebo//models/turtlebot3_house/model.config
[65.058s] -- Symlinking: /home/kimchaewon/capstone_ws/install/turtlebot3_gazebo/share/turtlebot3_gazebo//models/turtlebot3_house/model.sdf
[65.079s] -- Symlinking: /home/kimchaewon/capstone_ws/install/turtlebot3_gazebo/share/turtlebot3_gazebo//models/turtlebot3_waffle/model-1_4.sdf
[65.098s] -- Symlinking: /home/kimchaewon/capstone_ws/install/turtlebot3_gazebo/share/turtlebot3_gazebo//models/turtlebot3_waffle/model.config
[65.117s] -- Symlinking: /home/kimchaewon/capstone_ws/install/turtlebot3_gazebo/share/turtlebot3_gazebo//models/turtlebot3_waffle/model.sdf
[65.136s] -- Symlinking: /home/kimchaewon/capstone_ws/install/turtlebot3_gazebo/share/turtlebot3_gazebo//models/turtlebot3_waffle_pi/model-1_4_.sdf
[65.152s] -- Symlinking: /home/kimchaewon/capstone_ws/install/turtlebot3_gazebo/share/turtlebot3_gazebo//models/turtlebot3_waffle_pi/model.config
[65.169s] -- Symlinking: /home/kimchaewon/capstone_ws/install/turtlebot3_gazebo/share/turtlebot3_gazebo//models/turtlebot3_waffle_pi/model.sdf
[65.189s] -- Symlinking: /home/kimchaewon/capstone_ws/install/turtlebot3_gazebo/share/turtlebot3_gazebo//models/turtlebot3_world/meshes/hexagon.dae
[65.208s] -- Symlinking: /home/kimchaewon/capstone_ws/install/turtlebot3_gazebo/share/turtlebot3_gazebo//models/turtlebot3_world/meshes/wall.dae
[65.225s] -- Symlinking: /home/kimchaewon/capstone_ws/install/turtlebot3_gazebo/share/turtlebot3_gazebo//models/turtlebot3_world/model-1_4.sdf
[65.242s] -- Symlinking: /home/kimchaewon/capstone_ws/install/turtlebot3_gazebo/share/turtlebot3_gazebo//models/turtlebot3_world/model.config
[65.260s] -- Symlinking: /home/kimchaewon/capstone_ws/install/turtlebot3_gazebo/share/turtlebot3_gazebo//models/turtlebot3_world/model.sdf
[65.291s] -- Symlinking: /home/kimchaewon/capstone_ws/install/turtlebot3_gazebo/share/turtlebot3_gazebo//rviz/tb3_gazebo.rviz
[65.310s] -- Symlinking: /home/kimchaewon/capstone_ws/install/turtlebot3_gazebo/share/turtlebot3_gazebo//urdf/common_properties.urdf
[65.328s] -- Symlinking: /home/kimchaewon/capstone_ws/install/turtlebot3_gazebo/share/turtlebot3_gazebo//urdf/turtlebot3_burger.urdf
[65.347s] -- Symlinking: /home/kimchaewon/capstone_ws/install/turtlebot3_gazebo/share/turtlebot3_gazebo//urdf/turtlebot3_burger_cam.urdf
[65.367s] -- Symlinking: /home/kimchaewon/capstone_ws/install/turtlebot3_gazebo/share/turtlebot3_gazebo//urdf/turtlebot3_waffle.urdf
[65.388s] -- Symlinking: /home/kimchaewon/capstone_ws/install/turtlebot3_gazebo/share/turtlebot3_gazebo//urdf/turtlebot3_waffle_pi.urdf
[65.409s] -- Symlinking: /home/kimchaewon/capstone_ws/install/turtlebot3_gazebo/share/turtlebot3_gazebo//worlds/empty_world.world
[65.428s] -- Symlinking: /home/kimchaewon/capstone_ws/install/turtlebot3_gazebo/share/turtlebot3_gazebo//worlds/turtlebot3_autorace_2020.world
[65.448s] -- Symlinking: /home/kimchaewon/capstone_ws/install/turtlebot3_gazebo/share/turtlebot3_gazebo//worlds/turtlebot3_dqn_stage1.world
[65.468s] -- Symlinking: /home/kimchaewon/capstone_ws/install/turtlebot3_gazebo/share/turtlebot3_gazebo//worlds/turtlebot3_dqn_stage2.world
[65.490s] -- Symlinking: /home/kimchaewon/capstone_ws/install/turtlebot3_gazebo/share/turtlebot3_gazebo//worlds/turtlebot3_dqn_stage3.world
[65.509s] -- Symlinking: /home/kimchaewon/capstone_ws/install/turtlebot3_gazebo/share/turtlebot3_gazebo//worlds/turtlebot3_dqn_stage4.world
[65.529s] -- Symlinking: /home/kimchaewon/capstone_ws/install/turtlebot3_gazebo/share/turtlebot3_gazebo//worlds/turtlebot3_house.world
[65.549s] -- Symlinking: /home/kimchaewon/capstone_ws/install/turtlebot3_gazebo/share/turtlebot3_gazebo//worlds/turtlebot3_world.world
[65.577s] -- Symlinking: /home/kimchaewon/capstone_ws/install/turtlebot3_gazebo/include//turtlebot3_gazebo/obstacle1.hpp
[65.595s] -- Symlinking: /home/kimchaewon/capstone_ws/install/turtlebot3_gazebo/include//turtlebot3_gazebo/obstacle2.hpp
[65.612s] -- Symlinking: /home/kimchaewon/capstone_ws/install/turtlebot3_gazebo/include//turtlebot3_gazebo/obstacles.hpp
[65.632s] -- Symlinking: /home/kimchaewon/capstone_ws/install/turtlebot3_gazebo/include//turtlebot3_gazebo/traffic_bar_plugin.hpp
[65.651s] -- Symlinking: /home/kimchaewon/capstone_ws/install/turtlebot3_gazebo/include//turtlebot3_gazebo/traffic_light_plugin.hpp
[65.670s] -- Symlinking: /home/kimchaewon/capstone_ws/install/turtlebot3_gazebo/include//turtlebot3_gazebo/turtlebot3_drive.hpp
[65.690s] -- Symlinking: /home/kimchaewon/capstone_ws/install/turtlebot3_gazebo/share/ament_index/resource_index/package_run_dependencies/turtlebot3_gazebo
[65.708s] -- Symlinking: /home/kimchaewon/capstone_ws/install/turtlebot3_gazebo/share/ament_index/resource_index/parent_prefix_path/turtlebot3_gazebo
[65.725s] -- Symlinking: /home/kimchaewon/capstone_ws/install/turtlebot3_gazebo/share/turtlebot3_gazebo/environment/ament_prefix_path.sh
[65.742s] -- Symlinking: /home/kimchaewon/capstone_ws/install/turtlebot3_gazebo/share/turtlebot3_gazebo/environment/ament_prefix_path.dsv
[65.759s] -- Symlinking: /home/kimchaewon/capstone_ws/install/turtlebot3_gazebo/share/turtlebot3_gazebo/environment/path.sh
[65.776s] -- Symlinking: /home/kimchaewon/capstone_ws/install/turtlebot3_gazebo/share/turtlebot3_gazebo/environment/path.dsv
[65.798s] -- Symlinking: /home/kimchaewon/capstone_ws/install/turtlebot3_gazebo/share/turtlebot3_gazebo/local_setup.bash
[65.814s] -- Symlinking: /home/kimchaewon/capstone_ws/install/turtlebot3_gazebo/share/turtlebot3_gazebo/local_setup.sh
[65.833s] -- Symlinking: /home/kimchaewon/capstone_ws/install/turtlebot3_gazebo/share/turtlebot3_gazebo/local_setup.zsh
[65.851s] -- Symlinking: /home/kimchaewon/capstone_ws/install/turtlebot3_gazebo/share/turtlebot3_gazebo/local_setup.dsv
[65.872s] -- Symlinking: /home/kimchaewon/capstone_ws/install/turtlebot3_gazebo/share/turtlebot3_gazebo/package.dsv
[65.890s] -- Symlinking: /home/kimchaewon/capstone_ws/install/turtlebot3_gazebo/share/ament_index/resource_index/packages/turtlebot3_gazebo
[65.909s] -- Symlinking: /home/kimchaewon/capstone_ws/install/turtlebot3_gazebo/share/turtlebot3_gazebo/cmake/ament_cmake_export_include_directories-extras.cmake
[65.928s] -- Symlinking: /home/kimchaewon/capstone_ws/install/turtlebot3_gazebo/share/turtlebot3_gazebo/cmake/ament_cmake_export_dependencies-extras.cmake
[65.947s] -- Symlinking: /home/kimchaewon/capstone_ws/install/turtlebot3_gazebo/share/turtlebot3_gazebo/cmake/turtlebot3_gazeboConfig.cmake
[65.965s] -- Symlinking: /home/kimchaewon/capstone_ws/install/turtlebot3_gazebo/share/turtlebot3_gazebo/cmake/turtlebot3_gazeboConfig-version.cmake
[65.989s] -- Symlinking: /home/kimchaewon/capstone_ws/install/turtlebot3_gazebo/share/turtlebot3_gazebo/package.xml
[66.015s] Invoked command in '/home/kimchaewon/capstone_ws/build/turtlebot3_gazebo' returned '0': CMAKE_PREFIX_PATH=${CMAKE_PREFIX_PATH}:/home/kimchaewon/capstone_ws/install/turtlebot3_teleop:/home/kimchaewon/capstone_ws/install/turtlebot3_example:/opt/ros/humble /usr/bin/cmake --install /home/kimchaewon/capstone_ws/build/turtlebot3_gazebo
