[0.061s] Invoking command in '/home/kimchaewon/capstone_ws/build/dynamixel_sdk': CMAKE_PREFIX_PATH=${CMAKE_PREFIX_PATH}:/home/kimchaewon/capstone_ws/install/turtlebot3_teleop:/home/kimchaewon/capstone_ws/install/turtlebot3_example:/opt/ros/humble /usr/bin/cmake /home/kimchaewon/capstone_ws/src/DynamixelSDK/ros/dynamixel_sdk -DAMENT_CMAKE_SYMLINK_INSTALL=1 -DCMAKE_INSTALL_PREFIX=/home/kimchaewon/capstone_ws/install/dynamixel_sdk
[0.198s] -- The C compiler identification is GNU 11.4.0
[0.378s] -- The CXX compiler identification is GNU 11.4.0
[0.398s] -- Detecting C compiler ABI info
[0.608s] -- Detecting C compiler ABI info - done
[0.635s] -- Check for working C compiler: /usr/bin/cc - skipped
[0.636s] -- Detecting C compile features
[0.637s] -- Detecting C compile features - done
[0.647s] -- Detecting CXX compiler ABI info
[0.892s] -- Detecting CXX compiler ABI info - done
[0.912s] -- Check for working CXX compiler: /usr/bin/c++ - skipped
[0.912s] -- Detecting CXX compile features
[0.914s] -- Detecting CXX compile features - done
[0.920s] -- Found ament_cmake: 1.3.12 (/opt/ros/humble/share/ament_cmake/cmake)
[1.407s] -- Found Python3: /usr/bin/python3 (found version "3.10.12") found components: Interpreter 
[1.603s] -- Override CMake install command with custom implementation using symlinks instead of copying resources
[2.106s] -- Configuring done
[2.129s] -- Generating done
[2.138s] -- Build files have been written to: /home/kimchaewon/capstone_ws/build/dynamixel_sdk
[2.151s] Invoked command in '/home/kimchaewon/capstone_ws/build/dynamixel_sdk' returned '0': CMAKE_PREFIX_PATH=${CMAKE_PREFIX_PATH}:/home/kimchaewon/capstone_ws/install/turtlebot3_teleop:/home/kimchaewon/capstone_ws/install/turtlebot3_example:/opt/ros/humble /usr/bin/cmake /home/kimchaewon/capstone_ws/src/DynamixelSDK/ros/dynamixel_sdk -DAMENT_CMAKE_SYMLINK_INSTALL=1 -DCMAKE_INSTALL_PREFIX=/home/kimchaewon/capstone_ws/install/dynamixel_sdk
[2.160s] Invoking command in '/home/kimchaewon/capstone_ws/build/dynamixel_sdk': CMAKE_PREFIX_PATH=${CMAKE_PREFIX_PATH}:/home/kimchaewon/capstone_ws/install/turtlebot3_teleop:/home/kimchaewon/capstone_ws/install/turtlebot3_example:/opt/ros/humble /usr/bin/cmake --build /home/kimchaewon/capstone_ws/build/dynamixel_sdk -- -j16 -l16
[2.324s] [  7%] [32mBuilding CXX object CMakeFiles/dynamixel_sdk.dir/src/dynamixel_sdk/packet_handler.cpp.o[0m
[2.329s] [ 15%] [32mBuilding CXX object CMakeFiles/dynamixel_sdk.dir/src/dynamixel_sdk/protocol1_packet_handler.cpp.o[0m
[2.329s] [ 23%] [32mBuilding CXX object CMakeFiles/dynamixel_sdk.dir/src/dynamixel_sdk/protocol2_packet_handler.cpp.o[0m
[2.337s] [ 30%] [32mBuilding CXX object CMakeFiles/dynamixel_sdk.dir/src/dynamixel_sdk/group_sync_read.cpp.o[0m
[2.350s] [ 38%] [32mBuilding CXX object CMakeFiles/dynamixel_sdk.dir/src/dynamixel_sdk/group_bulk_read.cpp.o[0m
[2.353s] [ 46%] [32mBuilding CXX object CMakeFiles/dynamixel_sdk.dir/src/dynamixel_sdk/group_fast_bulk_read.cpp.o[0m
[2.355s] [ 53%] [32mBuilding CXX object CMakeFiles/dynamixel_sdk.dir/src/dynamixel_sdk/group_bulk_write.cpp.o[0m
[2.371s] [ 53%] Built target ament_cmake_python_symlink_dynamixel_sdk
[2.389s] [ 61%] [32mBuilding CXX object CMakeFiles/dynamixel_sdk.dir/src/dynamixel_sdk/group_fast_sync_read.cpp.o[0m
[2.397s] [ 69%] [32mBuilding CXX object CMakeFiles/dynamixel_sdk.dir/src/dynamixel_sdk/group_sync_write.cpp.o[0m
[2.401s] [ 76%] [32mBuilding CXX object CMakeFiles/dynamixel_sdk.dir/src/dynamixel_sdk/port_handler_linux.cpp.o[0m
[2.403s] [ 92%] [32mBuilding CXX object CMakeFiles/dynamixel_sdk.dir/src/dynamixel_sdk/group_handler.cpp.o[0m
[2.403s] [ 92%] [32mBuilding CXX object CMakeFiles/dynamixel_sdk.dir/src/dynamixel_sdk/port_handler.cpp.o[0m
[3.826s] running egg_info
[3.826s] creating dynamixel_sdk.egg-info
[3.827s] writing dynamixel_sdk.egg-info/PKG-INFO
[3.841s] writing dependency_links to dynamixel_sdk.egg-info/dependency_links.txt
[3.841s] writing top-level names to dynamixel_sdk.egg-info/top_level.txt
[3.841s] writing manifest file 'dynamixel_sdk.egg-info/SOURCES.txt'
[3.852s] reading manifest file 'dynamixel_sdk.egg-info/SOURCES.txt'
[3.852s] writing manifest file 'dynamixel_sdk.egg-info/SOURCES.txt'
[4.003s] [ 92%] Built target ament_cmake_python_build_dynamixel_sdk_egg
[4.422s] [100%] [32m[1mLinking CXX shared library libdynamixel_sdk.so[0m
[4.678s] [100%] Built target dynamixel_sdk
[4.711s] Invoked command in '/home/kimchaewon/capstone_ws/build/dynamixel_sdk' returned '0': CMAKE_PREFIX_PATH=${CMAKE_PREFIX_PATH}:/home/kimchaewon/capstone_ws/install/turtlebot3_teleop:/home/kimchaewon/capstone_ws/install/turtlebot3_example:/opt/ros/humble /usr/bin/cmake --build /home/kimchaewon/capstone_ws/build/dynamixel_sdk -- -j16 -l16
[4.716s] Invoking command in '/home/kimchaewon/capstone_ws/build/dynamixel_sdk': CMAKE_PREFIX_PATH=${CMAKE_PREFIX_PATH}:/home/kimchaewon/capstone_ws/install/turtlebot3_teleop:/home/kimchaewon/capstone_ws/install/turtlebot3_example:/opt/ros/humble /usr/bin/cmake --install /home/kimchaewon/capstone_ws/build/dynamixel_sdk
[4.738s] -- Install configuration: ""
[4.739s] -- Execute custom install script
[4.741s] -- Symlinking: /home/kimchaewon/capstone_ws/install/dynamixel_sdk/include//dynamixel_sdk/dynamixel_sdk.h
[4.765s] -- Symlinking: /home/kimchaewon/capstone_ws/install/dynamixel_sdk/include//dynamixel_sdk/group_bulk_read.h
[4.785s] -- Symlinking: /home/kimchaewon/capstone_ws/install/dynamixel_sdk/include//dynamixel_sdk/group_bulk_write.h
[4.808s] -- Symlinking: /home/kimchaewon/capstone_ws/install/dynamixel_sdk/include//dynamixel_sdk/group_fast_bulk_read.h
[4.830s] -- Symlinking: /home/kimchaewon/capstone_ws/install/dynamixel_sdk/include//dynamixel_sdk/group_fast_sync_read.h
[4.850s] -- Symlinking: /home/kimchaewon/capstone_ws/install/dynamixel_sdk/include//dynamixel_sdk/group_handler.h
[4.871s] -- Symlinking: /home/kimchaewon/capstone_ws/install/dynamixel_sdk/include//dynamixel_sdk/group_sync_read.h
[4.889s] -- Symlinking: /home/kimchaewon/capstone_ws/install/dynamixel_sdk/include//dynamixel_sdk/group_sync_write.h
[4.915s] -- Symlinking: /home/kimchaewon/capstone_ws/install/dynamixel_sdk/include//dynamixel_sdk/packet_handler.h
[4.934s] -- Symlinking: /home/kimchaewon/capstone_ws/install/dynamixel_sdk/include//dynamixel_sdk/port_handler.h
[4.953s] -- Symlinking: /home/kimchaewon/capstone_ws/install/dynamixel_sdk/include//dynamixel_sdk/port_handler_arduino.h
[4.972s] -- Symlinking: /home/kimchaewon/capstone_ws/install/dynamixel_sdk/include//dynamixel_sdk/port_handler_linux.h
[4.993s] -- Symlinking: /home/kimchaewon/capstone_ws/install/dynamixel_sdk/include//dynamixel_sdk/port_handler_mac.h
[5.019s] -- Symlinking: /home/kimchaewon/capstone_ws/install/dynamixel_sdk/include//dynamixel_sdk/port_handler_windows.h
[5.042s] -- Symlinking: /home/kimchaewon/capstone_ws/install/dynamixel_sdk/include//dynamixel_sdk/protocol1_packet_handler.h
[5.066s] -- Symlinking: /home/kimchaewon/capstone_ws/install/dynamixel_sdk/include//dynamixel_sdk/protocol2_packet_handler.h
[5.086s] -- Symlinking: /home/kimchaewon/capstone_ws/install/dynamixel_sdk/share/dynamixel_sdk/environment/pythonpath.sh
[5.110s] -- Symlinking: /home/kimchaewon/capstone_ws/install/dynamixel_sdk/share/dynamixel_sdk/environment/pythonpath.dsv
[5.143s] -- Symlinking: /home/kimchaewon/capstone_ws/install/dynamixel_sdk/local/lib/python3.10/dist-packages/dynamixel_sdk-3.8.4-py3.10.egg-info/PKG-INFO
[5.165s] -- Symlinking: /home/kimchaewon/capstone_ws/install/dynamixel_sdk/local/lib/python3.10/dist-packages/dynamixel_sdk-3.8.4-py3.10.egg-info/SOURCES.txt
[5.193s] -- Symlinking: /home/kimchaewon/capstone_ws/install/dynamixel_sdk/local/lib/python3.10/dist-packages/dynamixel_sdk-3.8.4-py3.10.egg-info/dependency_links.txt
[5.224s] -- Symlinking: /home/kimchaewon/capstone_ws/install/dynamixel_sdk/local/lib/python3.10/dist-packages/dynamixel_sdk-3.8.4-py3.10.egg-info/top_level.txt
[5.256s] -- Symlinking: /home/kimchaewon/capstone_ws/install/dynamixel_sdk/local/lib/python3.10/dist-packages/dynamixel_sdk/__init__.py
[5.289s] -- Symlinking: /home/kimchaewon/capstone_ws/install/dynamixel_sdk/local/lib/python3.10/dist-packages/dynamixel_sdk/group_bulk_read.cpp
[5.322s] -- Symlinking: /home/kimchaewon/capstone_ws/install/dynamixel_sdk/local/lib/python3.10/dist-packages/dynamixel_sdk/group_bulk_read.py
[5.352s] -- Symlinking: /home/kimchaewon/capstone_ws/install/dynamixel_sdk/local/lib/python3.10/dist-packages/dynamixel_sdk/group_bulk_write.cpp
[5.379s] -- Symlinking: /home/kimchaewon/capstone_ws/install/dynamixel_sdk/local/lib/python3.10/dist-packages/dynamixel_sdk/group_bulk_write.py
[5.399s] -- Symlinking: /home/kimchaewon/capstone_ws/install/dynamixel_sdk/local/lib/python3.10/dist-packages/dynamixel_sdk/group_fast_bulk_read.cpp
[5.428s] -- Symlinking: /home/kimchaewon/capstone_ws/install/dynamixel_sdk/local/lib/python3.10/dist-packages/dynamixel_sdk/group_fast_sync_read.cpp
[5.452s] -- Symlinking: /home/kimchaewon/capstone_ws/install/dynamixel_sdk/local/lib/python3.10/dist-packages/dynamixel_sdk/group_handler.cpp
[5.474s] -- Symlinking: /home/kimchaewon/capstone_ws/install/dynamixel_sdk/local/lib/python3.10/dist-packages/dynamixel_sdk/group_sync_read.cpp
[5.496s] -- Symlinking: /home/kimchaewon/capstone_ws/install/dynamixel_sdk/local/lib/python3.10/dist-packages/dynamixel_sdk/group_sync_read.py
[5.518s] -- Symlinking: /home/kimchaewon/capstone_ws/install/dynamixel_sdk/local/lib/python3.10/dist-packages/dynamixel_sdk/group_sync_write.cpp
[5.543s] -- Symlinking: /home/kimchaewon/capstone_ws/install/dynamixel_sdk/local/lib/python3.10/dist-packages/dynamixel_sdk/group_sync_write.py
[5.569s] -- Symlinking: /home/kimchaewon/capstone_ws/install/dynamixel_sdk/local/lib/python3.10/dist-packages/dynamixel_sdk/packet_handler.cpp
[5.597s] -- Symlinking: /home/kimchaewon/capstone_ws/install/dynamixel_sdk/local/lib/python3.10/dist-packages/dynamixel_sdk/packet_handler.py
[5.622s] -- Symlinking: /home/kimchaewon/capstone_ws/install/dynamixel_sdk/local/lib/python3.10/dist-packages/dynamixel_sdk/port_handler.cpp
[5.651s] -- Symlinking: /home/kimchaewon/capstone_ws/install/dynamixel_sdk/local/lib/python3.10/dist-packages/dynamixel_sdk/port_handler.py
[5.684s] -- Symlinking: /home/kimchaewon/capstone_ws/install/dynamixel_sdk/local/lib/python3.10/dist-packages/dynamixel_sdk/port_handler_arduino.cpp
[5.717s] -- Symlinking: /home/kimchaewon/capstone_ws/install/dynamixel_sdk/local/lib/python3.10/dist-packages/dynamixel_sdk/port_handler_linux.cpp
[5.751s] -- Symlinking: /home/kimchaewon/capstone_ws/install/dynamixel_sdk/local/lib/python3.10/dist-packages/dynamixel_sdk/port_handler_mac.cpp
[5.778s] -- Symlinking: /home/kimchaewon/capstone_ws/install/dynamixel_sdk/local/lib/python3.10/dist-packages/dynamixel_sdk/port_handler_windows.cpp
[5.805s] -- Symlinking: /home/kimchaewon/capstone_ws/install/dynamixel_sdk/local/lib/python3.10/dist-packages/dynamixel_sdk/protocol1_packet_handler.cpp
[5.827s] -- Symlinking: /home/kimchaewon/capstone_ws/install/dynamixel_sdk/local/lib/python3.10/dist-packages/dynamixel_sdk/protocol1_packet_handler.py
[5.856s] -- Symlinking: /home/kimchaewon/capstone_ws/install/dynamixel_sdk/local/lib/python3.10/dist-packages/dynamixel_sdk/protocol2_packet_handler.cpp
[5.882s] -- Symlinking: /home/kimchaewon/capstone_ws/install/dynamixel_sdk/local/lib/python3.10/dist-packages/dynamixel_sdk/protocol2_packet_handler.py
[5.907s] -- Symlinking: /home/kimchaewon/capstone_ws/install/dynamixel_sdk/local/lib/python3.10/dist-packages/dynamixel_sdk/robotis_def.py
[5.929s] -- Symlinking: /home/kimchaewon/capstone_ws/install/dynamixel_sdk/share/dynamixel_sdk/environment/library_path.sh
[5.957s] -- Symlinking: /home/kimchaewon/capstone_ws/install/dynamixel_sdk/share/dynamixel_sdk/environment/library_path.dsv
[5.979s] -- Symlinking: /home/kimchaewon/capstone_ws/install/dynamixel_sdk/share/ament_index/resource_index/package_run_dependencies/dynamixel_sdk
[6.001s] -- Symlinking: /home/kimchaewon/capstone_ws/install/dynamixel_sdk/share/ament_index/resource_index/parent_prefix_path/dynamixel_sdk
[6.027s] -- Symlinking: /home/kimchaewon/capstone_ws/install/dynamixel_sdk/share/dynamixel_sdk/environment/ament_prefix_path.sh
[6.052s] -- Symlinking: /home/kimchaewon/capstone_ws/install/dynamixel_sdk/share/dynamixel_sdk/environment/ament_prefix_path.dsv
[6.073s] -- Symlinking: /home/kimchaewon/capstone_ws/install/dynamixel_sdk/share/dynamixel_sdk/environment/path.sh
[6.096s] -- Symlinking: /home/kimchaewon/capstone_ws/install/dynamixel_sdk/share/dynamixel_sdk/environment/path.dsv
[6.120s] -- Symlinking: /home/kimchaewon/capstone_ws/install/dynamixel_sdk/share/dynamixel_sdk/local_setup.bash
[6.142s] -- Symlinking: /home/kimchaewon/capstone_ws/install/dynamixel_sdk/share/dynamixel_sdk/local_setup.sh
[6.167s] -- Symlinking: /home/kimchaewon/capstone_ws/install/dynamixel_sdk/share/dynamixel_sdk/local_setup.zsh
[6.193s] -- Symlinking: /home/kimchaewon/capstone_ws/install/dynamixel_sdk/share/dynamixel_sdk/local_setup.dsv
[6.216s] -- Symlinking: /home/kimchaewon/capstone_ws/install/dynamixel_sdk/share/dynamixel_sdk/package.dsv
[6.239s] -- Symlinking: /home/kimchaewon/capstone_ws/install/dynamixel_sdk/share/ament_index/resource_index/packages/dynamixel_sdk
[6.258s] -- Symlinking: /home/kimchaewon/capstone_ws/install/dynamixel_sdk/share/dynamixel_sdk/cmake/ament_cmake_export_targets-extras.cmake
[6.280s] -- Symlinking: /home/kimchaewon/capstone_ws/install/dynamixel_sdk/share/dynamixel_sdk/cmake/ament_cmake_export_include_directories-extras.cmake
[6.306s] -- Symlinking: /home/kimchaewon/capstone_ws/install/dynamixel_sdk/share/dynamixel_sdk/cmake/ament_cmake_export_libraries-extras.cmake
[6.329s] -- Symlinking: /home/kimchaewon/capstone_ws/install/dynamixel_sdk/share/dynamixel_sdk/cmake/dynamixel_sdkConfig.cmake
[6.354s] -- Symlinking: /home/kimchaewon/capstone_ws/install/dynamixel_sdk/share/dynamixel_sdk/cmake/dynamixel_sdkConfig-version.cmake
[6.376s] -- Symlinking: /home/kimchaewon/capstone_ws/install/dynamixel_sdk/share/dynamixel_sdk/package.xml
[6.397s] -- Installing: /home/kimchaewon/capstone_ws/install/dynamixel_sdk/lib/libdynamixel_sdk.so
[6.537s] Listing '/home/kimchaewon/capstone_ws/install/dynamixel_sdk/local/lib/python3.10/dist-packages/dynamixel_sdk'...
[6.537s] Compiling '/home/kimchaewon/capstone_ws/install/dynamixel_sdk/local/lib/python3.10/dist-packages/dynamixel_sdk/__init__.py'...
[6.537s] Compiling '/home/kimchaewon/capstone_ws/install/dynamixel_sdk/local/lib/python3.10/dist-packages/dynamixel_sdk/group_bulk_read.py'...
[6.538s] Compiling '/home/kimchaewon/capstone_ws/install/dynamixel_sdk/local/lib/python3.10/dist-packages/dynamixel_sdk/group_bulk_write.py'...
[6.538s] Compiling '/home/kimchaewon/capstone_ws/install/dynamixel_sdk/local/lib/python3.10/dist-packages/dynamixel_sdk/group_sync_read.py'...
[6.538s] Compiling '/home/kimchaewon/capstone_ws/install/dynamixel_sdk/local/lib/python3.10/dist-packages/dynamixel_sdk/group_sync_write.py'...
[6.538s] Compiling '/home/kimchaewon/capstone_ws/install/dynamixel_sdk/local/lib/python3.10/dist-packages/dynamixel_sdk/packet_handler.py'...
[6.538s] Compiling '/home/kimchaewon/capstone_ws/install/dynamixel_sdk/local/lib/python3.10/dist-packages/dynamixel_sdk/port_handler.py'...
[6.539s] Compiling '/home/kimchaewon/capstone_ws/install/dynamixel_sdk/local/lib/python3.10/dist-packages/dynamixel_sdk/protocol1_packet_handler.py'...
[6.539s] Compiling '/home/kimchaewon/capstone_ws/install/dynamixel_sdk/local/lib/python3.10/dist-packages/dynamixel_sdk/protocol2_packet_handler.py'...
[6.539s] Compiling '/home/kimchaewon/capstone_ws/install/dynamixel_sdk/local/lib/python3.10/dist-packages/dynamixel_sdk/robotis_def.py'...
[6.555s] -- Installing: /home/kimchaewon/capstone_ws/install/dynamixel_sdk/share/dynamixel_sdk/cmake/dynamixel_sdkExport.cmake
[6.555s] -- Installing: /home/kimchaewon/capstone_ws/install/dynamixel_sdk/share/dynamixel_sdk/cmake/dynamixel_sdkExport-noconfig.cmake
[6.564s] Invoked command in '/home/kimchaewon/capstone_ws/build/dynamixel_sdk' returned '0': CMAKE_PREFIX_PATH=${CMAKE_PREFIX_PATH}:/home/kimchaewon/capstone_ws/install/turtlebot3_teleop:/home/kimchaewon/capstone_ws/install/turtlebot3_example:/opt/ros/humble /usr/bin/cmake --install /home/kimchaewon/capstone_ws/build/dynamixel_sdk
